mode: set
github.com/piplabs/story/client/x/dkg/types/codec.go:8.62,10.2 1 0
github.com/piplabs/story/client/x/dkg/types/dkg.go:24.35,25.11 1 0
github.com/piplabs/story/client/x/dkg/types/dkg.go:26.20,27.19 1 0
github.com/piplabs/story/client/x/dkg/types/dkg.go:28.25,29.24 1 0
github.com/piplabs/story/client/x/dkg/types/dkg.go:30.24,31.23 1 0
github.com/piplabs/story/client/x/dkg/types/dkg.go:32.20,33.19 1 0
github.com/piplabs/story/client/x/dkg/types/dkg.go:34.22,35.21 1 0
github.com/piplabs/story/client/x/dkg/types/dkg.go:36.22,37.21 1 0
github.com/piplabs/story/client/x/dkg/types/dkg.go:38.19,39.18 1 0
github.com/piplabs/story/client/x/dkg/types/dkg.go:40.10,41.42 1 0
github.com/piplabs/story/client/x/dkg/types/dkg.go:91.113,110.2 2 0
github.com/piplabs/story/client/x/dkg/types/dkg.go:113.55,118.2 3 0
github.com/piplabs/story/client/x/dkg/types/dkg.go:121.45,126.2 3 0
github.com/piplabs/story/client/x/dkg/types/dkg.go:129.50,135.2 4 0
github.com/piplabs/story/client/x/dkg/types/dkg.go:138.60,144.2 4 0
github.com/piplabs/story/client/x/dkg/types/dkg.go:147.60,155.2 5 0
github.com/piplabs/story/client/x/dkg/types/dkg.go:158.69,164.2 4 0
github.com/piplabs/story/client/x/dkg/types/event.pb.go:60.36,62.2 1 0
github.com/piplabs/story/client/x/dkg/types/event.pb.go:64.51,66.2 1 0
github.com/piplabs/story/client/x/dkg/types/event.pb.go:74.52,74.87 1 0
github.com/piplabs/story/client/x/dkg/types/event.pb.go:75.52,75.89 1 0
github.com/piplabs/story/client/x/dkg/types/event.pb.go:76.53,76.54 0 0
github.com/piplabs/story/client/x/dkg/types/event.pb.go:77.63,79.2 1 0
github.com/piplabs/story/client/x/dkg/types/event.pb.go:80.66,82.2 1 0
github.com/piplabs/story/client/x/dkg/types/event.pb.go:83.94,84.19 1 0
github.com/piplabs/story/client/x/dkg/types/event.pb.go:84.19,86.3 1 0
github.com/piplabs/story/client/x/dkg/types/event.pb.go:86.8,89.17 3 0
github.com/piplabs/story/client/x/dkg/types/event.pb.go:89.17,91.4 1 0
github.com/piplabs/story/client/x/dkg/types/event.pb.go:92.3,92.20 1 0
github.com/piplabs/story/client/x/dkg/types/event.pb.go:95.65,97.2 1 0
github.com/piplabs/story/client/x/dkg/types/event.pb.go:98.51,100.2 1 0
github.com/piplabs/story/client/x/dkg/types/event.pb.go:101.57,103.2 1 0
github.com/piplabs/story/client/x/dkg/types/event.pb.go:107.54,108.14 1 0
github.com/piplabs/story/client/x/dkg/types/event.pb.go:108.14,110.3 1 0
github.com/piplabs/story/client/x/dkg/types/event.pb.go:111.2,111.10 1 0
github.com/piplabs/story/client/x/dkg/types/event.pb.go:114.65,115.14 1 0
github.com/piplabs/story/client/x/dkg/types/event.pb.go:115.14,117.3 1 0
github.com/piplabs/story/client/x/dkg/types/event.pb.go:118.2,118.10 1 0
github.com/piplabs/story/client/x/dkg/types/event.pb.go:121.67,122.14 1 0
github.com/piplabs/story/client/x/dkg/types/event.pb.go:122.14,124.3 1 0
github.com/piplabs/story/client/x/dkg/types/event.pb.go:125.2,125.12 1 0
github.com/piplabs/story/client/x/dkg/types/event.pb.go:132.45,132.73 1 0
github.com/piplabs/story/client/x/dkg/types/event.pb.go:133.45,133.82 1 0
github.com/piplabs/story/client/x/dkg/types/event.pb.go:134.46,134.47 0 0
github.com/piplabs/story/client/x/dkg/types/event.pb.go:135.56,137.2 1 0
github.com/piplabs/story/client/x/dkg/types/event.pb.go:138.59,140.2 1 0
github.com/piplabs/story/client/x/dkg/types/event.pb.go:141.87,142.19 1 0
github.com/piplabs/story/client/x/dkg/types/event.pb.go:142.19,144.3 1 0
github.com/piplabs/story/client/x/dkg/types/event.pb.go:144.8,147.17 3 0
github.com/piplabs/story/client/x/dkg/types/event.pb.go:147.17,149.4 1 0
github.com/piplabs/story/client/x/dkg/types/event.pb.go:150.3,150.20 1 0
github.com/piplabs/story/client/x/dkg/types/event.pb.go:153.58,155.2 1 0
github.com/piplabs/story/client/x/dkg/types/event.pb.go:156.44,158.2 1 0
github.com/piplabs/story/client/x/dkg/types/event.pb.go:159.50,161.2 1 0
github.com/piplabs/story/client/x/dkg/types/event.pb.go:165.47,166.14 1 0
github.com/piplabs/story/client/x/dkg/types/event.pb.go:166.14,168.3 1 0
github.com/piplabs/story/client/x/dkg/types/event.pb.go:169.2,169.10 1 0
github.com/piplabs/story/client/x/dkg/types/event.pb.go:177.50,177.83 1 0
github.com/piplabs/story/client/x/dkg/types/event.pb.go:178.50,178.87 1 0
github.com/piplabs/story/client/x/dkg/types/event.pb.go:179.51,179.52 0 0
github.com/piplabs/story/client/x/dkg/types/event.pb.go:180.61,182.2 1 0
github.com/piplabs/story/client/x/dkg/types/event.pb.go:183.64,185.2 1 0
github.com/piplabs/story/client/x/dkg/types/event.pb.go:186.92,187.19 1 0
github.com/piplabs/story/client/x/dkg/types/event.pb.go:187.19,189.3 1 0
github.com/piplabs/story/client/x/dkg/types/event.pb.go:189.8,192.17 3 0
github.com/piplabs/story/client/x/dkg/types/event.pb.go:192.17,194.4 1 0
github.com/piplabs/story/client/x/dkg/types/event.pb.go:195.3,195.20 1 0
github.com/piplabs/story/client/x/dkg/types/event.pb.go:198.63,200.2 1 0
github.com/piplabs/story/client/x/dkg/types/event.pb.go:201.49,203.2 1 0
github.com/piplabs/story/client/x/dkg/types/event.pb.go:204.55,206.2 1 0
github.com/piplabs/story/client/x/dkg/types/event.pb.go:210.52,211.14 1 0
github.com/piplabs/story/client/x/dkg/types/event.pb.go:211.14,213.3 1 0
github.com/piplabs/story/client/x/dkg/types/event.pb.go:214.2,214.10 1 0
github.com/piplabs/story/client/x/dkg/types/event.pb.go:217.55,218.14 1 0
github.com/piplabs/story/client/x/dkg/types/event.pb.go:218.14,220.3 1 0
github.com/piplabs/story/client/x/dkg/types/event.pb.go:221.2,221.10 1 0
github.com/piplabs/story/client/x/dkg/types/event.pb.go:229.54,229.91 1 0
github.com/piplabs/story/client/x/dkg/types/event.pb.go:230.54,230.91 1 0
github.com/piplabs/story/client/x/dkg/types/event.pb.go:231.55,231.56 0 0
github.com/piplabs/story/client/x/dkg/types/event.pb.go:232.65,234.2 1 0
github.com/piplabs/story/client/x/dkg/types/event.pb.go:235.68,237.2 1 0
github.com/piplabs/story/client/x/dkg/types/event.pb.go:238.96,239.19 1 0
github.com/piplabs/story/client/x/dkg/types/event.pb.go:239.19,241.3 1 0
github.com/piplabs/story/client/x/dkg/types/event.pb.go:241.8,244.17 3 0
github.com/piplabs/story/client/x/dkg/types/event.pb.go:244.17,246.4 1 0
github.com/piplabs/story/client/x/dkg/types/event.pb.go:247.3,247.20 1 0
github.com/piplabs/story/client/x/dkg/types/event.pb.go:250.67,252.2 1 0
github.com/piplabs/story/client/x/dkg/types/event.pb.go:253.53,255.2 1 0
github.com/piplabs/story/client/x/dkg/types/event.pb.go:256.59,258.2 1 0
github.com/piplabs/story/client/x/dkg/types/event.pb.go:262.56,263.14 1 0
github.com/piplabs/story/client/x/dkg/types/event.pb.go:263.14,265.3 1 0
github.com/piplabs/story/client/x/dkg/types/event.pb.go:266.2,266.10 1 0
github.com/piplabs/story/client/x/dkg/types/event.pb.go:269.63,270.14 1 0
github.com/piplabs/story/client/x/dkg/types/event.pb.go:270.14,272.3 1 0
github.com/piplabs/story/client/x/dkg/types/event.pb.go:273.2,273.10 1 0
github.com/piplabs/story/client/x/dkg/types/event.pb.go:281.59,281.101 1 0
github.com/piplabs/story/client/x/dkg/types/event.pb.go:282.59,282.96 1 0
github.com/piplabs/story/client/x/dkg/types/event.pb.go:283.60,283.61 0 0
github.com/piplabs/story/client/x/dkg/types/event.pb.go:284.70,286.2 1 0
github.com/piplabs/story/client/x/dkg/types/event.pb.go:287.73,289.2 1 0
github.com/piplabs/story/client/x/dkg/types/event.pb.go:290.101,291.19 1 0
github.com/piplabs/story/client/x/dkg/types/event.pb.go:291.19,293.3 1 0
github.com/piplabs/story/client/x/dkg/types/event.pb.go:293.8,296.17 3 0
github.com/piplabs/story/client/x/dkg/types/event.pb.go:296.17,298.4 1 0
github.com/piplabs/story/client/x/dkg/types/event.pb.go:299.3,299.20 1 0
github.com/piplabs/story/client/x/dkg/types/event.pb.go:302.72,304.2 1 0
github.com/piplabs/story/client/x/dkg/types/event.pb.go:305.58,307.2 1 0
github.com/piplabs/story/client/x/dkg/types/event.pb.go:308.64,310.2 1 0
github.com/piplabs/story/client/x/dkg/types/event.pb.go:314.61,315.14 1 0
github.com/piplabs/story/client/x/dkg/types/event.pb.go:315.14,317.3 1 0
github.com/piplabs/story/client/x/dkg/types/event.pb.go:318.2,318.10 1 0
github.com/piplabs/story/client/x/dkg/types/event.pb.go:321.73,322.14 1 0
github.com/piplabs/story/client/x/dkg/types/event.pb.go:322.14,324.3 1 0
github.com/piplabs/story/client/x/dkg/types/event.pb.go:325.2,325.10 1 0
github.com/piplabs/story/client/x/dkg/types/event.pb.go:332.50,332.83 1 0
github.com/piplabs/story/client/x/dkg/types/event.pb.go:333.50,333.87 1 0
github.com/piplabs/story/client/x/dkg/types/event.pb.go:334.51,334.52 0 0
github.com/piplabs/story/client/x/dkg/types/event.pb.go:335.61,337.2 1 0
github.com/piplabs/story/client/x/dkg/types/event.pb.go:338.64,340.2 1 0
github.com/piplabs/story/client/x/dkg/types/event.pb.go:341.92,342.19 1 0
github.com/piplabs/story/client/x/dkg/types/event.pb.go:342.19,344.3 1 0
github.com/piplabs/story/client/x/dkg/types/event.pb.go:344.8,347.17 3 0
github.com/piplabs/story/client/x/dkg/types/event.pb.go:347.17,349.4 1 0
github.com/piplabs/story/client/x/dkg/types/event.pb.go:350.3,350.20 1 0
github.com/piplabs/story/client/x/dkg/types/event.pb.go:353.63,355.2 1 0
github.com/piplabs/story/client/x/dkg/types/event.pb.go:356.49,358.2 1 0
github.com/piplabs/story/client/x/dkg/types/event.pb.go:359.55,361.2 1 0
github.com/piplabs/story/client/x/dkg/types/event.pb.go:365.52,366.14 1 0
github.com/piplabs/story/client/x/dkg/types/event.pb.go:366.14,368.3 1 0
github.com/piplabs/story/client/x/dkg/types/event.pb.go:369.2,369.10 1 0
github.com/piplabs/story/client/x/dkg/types/event.pb.go:376.45,376.73 1 0
github.com/piplabs/story/client/x/dkg/types/event.pb.go:377.45,377.82 1 0
github.com/piplabs/story/client/x/dkg/types/event.pb.go:378.46,378.47 0 0
github.com/piplabs/story/client/x/dkg/types/event.pb.go:379.56,381.2 1 0
github.com/piplabs/story/client/x/dkg/types/event.pb.go:382.59,384.2 1 0
github.com/piplabs/story/client/x/dkg/types/event.pb.go:385.87,386.19 1 0
github.com/piplabs/story/client/x/dkg/types/event.pb.go:386.19,388.3 1 0
github.com/piplabs/story/client/x/dkg/types/event.pb.go:388.8,391.17 3 0
github.com/piplabs/story/client/x/dkg/types/event.pb.go:391.17,393.4 1 0
github.com/piplabs/story/client/x/dkg/types/event.pb.go:394.3,394.20 1 0
github.com/piplabs/story/client/x/dkg/types/event.pb.go:397.58,399.2 1 0
github.com/piplabs/story/client/x/dkg/types/event.pb.go:400.44,402.2 1 0
github.com/piplabs/story/client/x/dkg/types/event.pb.go:403.50,405.2 1 0
github.com/piplabs/story/client/x/dkg/types/event.pb.go:409.47,410.14 1 0
github.com/piplabs/story/client/x/dkg/types/event.pb.go:410.14,412.3 1 0
github.com/piplabs/story/client/x/dkg/types/event.pb.go:413.2,413.10 1 0
github.com/piplabs/story/client/x/dkg/types/event.pb.go:424.53,424.89 1 0
github.com/piplabs/story/client/x/dkg/types/event.pb.go:425.53,425.90 1 0
github.com/piplabs/story/client/x/dkg/types/event.pb.go:426.54,426.55 0 0
github.com/piplabs/story/client/x/dkg/types/event.pb.go:427.64,429.2 1 0
github.com/piplabs/story/client/x/dkg/types/event.pb.go:430.67,432.2 1 0
github.com/piplabs/story/client/x/dkg/types/event.pb.go:433.95,434.19 1 0
github.com/piplabs/story/client/x/dkg/types/event.pb.go:434.19,436.3 1 0
github.com/piplabs/story/client/x/dkg/types/event.pb.go:436.8,439.17 3 0
github.com/piplabs/story/client/x/dkg/types/event.pb.go:439.17,441.4 1 0
github.com/piplabs/story/client/x/dkg/types/event.pb.go:442.3,442.20 1 0
github.com/piplabs/story/client/x/dkg/types/event.pb.go:445.66,447.2 1 0
github.com/piplabs/story/client/x/dkg/types/event.pb.go:448.52,450.2 1 0
github.com/piplabs/story/client/x/dkg/types/event.pb.go:451.58,453.2 1 0
github.com/piplabs/story/client/x/dkg/types/event.pb.go:457.55,458.14 1 0
github.com/piplabs/story/client/x/dkg/types/event.pb.go:458.14,460.3 1 0
github.com/piplabs/story/client/x/dkg/types/event.pb.go:461.2,461.10 1 0
github.com/piplabs/story/client/x/dkg/types/event.pb.go:464.61,465.14 1 0
github.com/piplabs/story/client/x/dkg/types/event.pb.go:465.14,467.3 1 0
github.com/piplabs/story/client/x/dkg/types/event.pb.go:468.2,468.10 1 0
github.com/piplabs/story/client/x/dkg/types/event.pb.go:471.61,472.14 1 0
github.com/piplabs/story/client/x/dkg/types/event.pb.go:472.14,474.3 1 0
github.com/piplabs/story/client/x/dkg/types/event.pb.go:475.2,475.11 1 0
github.com/piplabs/story/client/x/dkg/types/event.pb.go:478.65,479.14 1 0
github.com/piplabs/story/client/x/dkg/types/event.pb.go:479.14,481.3 1 0
github.com/piplabs/story/client/x/dkg/types/event.pb.go:482.2,482.11 1 0
github.com/piplabs/story/client/x/dkg/types/event.pb.go:485.62,486.14 1 0
github.com/piplabs/story/client/x/dkg/types/event.pb.go:486.14,488.3 1 0
github.com/piplabs/story/client/x/dkg/types/event.pb.go:489.2,489.11 1 0
github.com/piplabs/story/client/x/dkg/types/event.pb.go:492.13,502.2 9 1
github.com/piplabs/story/client/x/dkg/types/event.pb.go:504.13,504.102 1 1
github.com/piplabs/story/client/x/dkg/types/event.pb.go:550.71,554.16 4 0
github.com/piplabs/story/client/x/dkg/types/event.pb.go:554.16,556.3 1 0
github.com/piplabs/story/client/x/dkg/types/event.pb.go:557.2,557.22 1 0
github.com/piplabs/story/client/x/dkg/types/event.pb.go:560.72,563.2 2 0
github.com/piplabs/story/client/x/dkg/types/event.pb.go:565.83,570.33 5 0
github.com/piplabs/story/client/x/dkg/types/event.pb.go:570.33,571.65 1 0
github.com/piplabs/story/client/x/dkg/types/event.pb.go:571.65,577.4 5 0
github.com/piplabs/story/client/x/dkg/types/event.pb.go:579.2,579.29 1 0
github.com/piplabs/story/client/x/dkg/types/event.pb.go:579.29,583.3 3 0
github.com/piplabs/story/client/x/dkg/types/event.pb.go:584.2,584.18 1 0
github.com/piplabs/story/client/x/dkg/types/event.pb.go:584.18,588.3 3 0
github.com/piplabs/story/client/x/dkg/types/event.pb.go:589.2,589.27 1 0
github.com/piplabs/story/client/x/dkg/types/event.pb.go:592.64,596.16 4 0
github.com/piplabs/story/client/x/dkg/types/event.pb.go:596.16,598.3 1 0
github.com/piplabs/story/client/x/dkg/types/event.pb.go:599.2,599.22 1 0
github.com/piplabs/story/client/x/dkg/types/event.pb.go:602.65,605.2 2 0
github.com/piplabs/story/client/x/dkg/types/event.pb.go:607.76,612.18 5 0
github.com/piplabs/story/client/x/dkg/types/event.pb.go:612.18,616.3 3 0
github.com/piplabs/story/client/x/dkg/types/event.pb.go:617.2,617.27 1 0
github.com/piplabs/story/client/x/dkg/types/event.pb.go:620.69,624.16 4 0
github.com/piplabs/story/client/x/dkg/types/event.pb.go:624.16,626.3 1 0
github.com/piplabs/story/client/x/dkg/types/event.pb.go:627.2,627.22 1 0
github.com/piplabs/story/client/x/dkg/types/event.pb.go:630.70,633.2 2 0
github.com/piplabs/story/client/x/dkg/types/event.pb.go:635.81,640.21 5 0
github.com/piplabs/story/client/x/dkg/types/event.pb.go:640.21,644.3 3 0
github.com/piplabs/story/client/x/dkg/types/event.pb.go:645.2,645.18 1 0
github.com/piplabs/story/client/x/dkg/types/event.pb.go:645.18,649.3 3 0
github.com/piplabs/story/client/x/dkg/types/event.pb.go:650.2,650.27 1 0
github.com/piplabs/story/client/x/dkg/types/event.pb.go:653.73,657.16 4 0
github.com/piplabs/story/client/x/dkg/types/event.pb.go:657.16,659.3 1 0
github.com/piplabs/story/client/x/dkg/types/event.pb.go:660.2,660.22 1 0
github.com/piplabs/story/client/x/dkg/types/event.pb.go:663.74,666.2 2 0
github.com/piplabs/story/client/x/dkg/types/event.pb.go:668.85,673.25 5 0
github.com/piplabs/story/client/x/dkg/types/event.pb.go:673.25,677.3 3 0
github.com/piplabs/story/client/x/dkg/types/event.pb.go:678.2,678.18 1 0
github.com/piplabs/story/client/x/dkg/types/event.pb.go:678.18,682.3 3 0
github.com/piplabs/story/client/x/dkg/types/event.pb.go:683.2,683.27 1 0
github.com/piplabs/story/client/x/dkg/types/event.pb.go:686.78,690.16 4 0
github.com/piplabs/story/client/x/dkg/types/event.pb.go:690.16,692.3 1 0
github.com/piplabs/story/client/x/dkg/types/event.pb.go:693.2,693.22 1 0
github.com/piplabs/story/client/x/dkg/types/event.pb.go:696.79,699.2 2 0
github.com/piplabs/story/client/x/dkg/types/event.pb.go:701.90,706.30 5 0
github.com/piplabs/story/client/x/dkg/types/event.pb.go:706.30,710.3 3 0
github.com/piplabs/story/client/x/dkg/types/event.pb.go:711.2,711.18 1 0
github.com/piplabs/story/client/x/dkg/types/event.pb.go:711.18,715.3 3 0
github.com/piplabs/story/client/x/dkg/types/event.pb.go:716.2,716.27 1 0
github.com/piplabs/story/client/x/dkg/types/event.pb.go:719.69,723.16 4 0
github.com/piplabs/story/client/x/dkg/types/event.pb.go:723.16,725.3 1 0
github.com/piplabs/story/client/x/dkg/types/event.pb.go:726.2,726.22 1 0
github.com/piplabs/story/client/x/dkg/types/event.pb.go:729.70,732.2 2 0
github.com/piplabs/story/client/x/dkg/types/event.pb.go:734.81,739.18 5 0
github.com/piplabs/story/client/x/dkg/types/event.pb.go:739.18,743.3 3 0
github.com/piplabs/story/client/x/dkg/types/event.pb.go:744.2,744.27 1 0
github.com/piplabs/story/client/x/dkg/types/event.pb.go:747.64,751.16 4 0
github.com/piplabs/story/client/x/dkg/types/event.pb.go:751.16,753.3 1 0
github.com/piplabs/story/client/x/dkg/types/event.pb.go:754.2,754.22 1 0
github.com/piplabs/story/client/x/dkg/types/event.pb.go:757.65,760.2 2 0
github.com/piplabs/story/client/x/dkg/types/event.pb.go:762.76,767.18 5 0
github.com/piplabs/story/client/x/dkg/types/event.pb.go:767.18,771.3 3 0
github.com/piplabs/story/client/x/dkg/types/event.pb.go:772.2,772.27 1 0
github.com/piplabs/story/client/x/dkg/types/event.pb.go:775.72,779.16 4 0
github.com/piplabs/story/client/x/dkg/types/event.pb.go:779.16,781.3 1 0
github.com/piplabs/story/client/x/dkg/types/event.pb.go:782.2,782.22 1 0
github.com/piplabs/story/client/x/dkg/types/event.pb.go:785.73,788.2 2 0
github.com/piplabs/story/client/x/dkg/types/event.pb.go:790.84,795.29 5 0
github.com/piplabs/story/client/x/dkg/types/event.pb.go:795.29,801.3 5 0
github.com/piplabs/story/client/x/dkg/types/event.pb.go:802.2,802.32 1 0
github.com/piplabs/story/client/x/dkg/types/event.pb.go:802.32,808.3 5 0
github.com/piplabs/story/client/x/dkg/types/event.pb.go:809.2,809.28 1 0
github.com/piplabs/story/client/x/dkg/types/event.pb.go:809.28,815.3 5 0
github.com/piplabs/story/client/x/dkg/types/event.pb.go:816.2,816.24 1 0
github.com/piplabs/story/client/x/dkg/types/event.pb.go:816.24,820.3 3 0
github.com/piplabs/story/client/x/dkg/types/event.pb.go:821.2,821.18 1 0
github.com/piplabs/story/client/x/dkg/types/event.pb.go:821.18,825.3 3 0
github.com/piplabs/story/client/x/dkg/types/event.pb.go:826.2,826.27 1 0
github.com/piplabs/story/client/x/dkg/types/event.pb.go:829.63,832.16 3 0
github.com/piplabs/story/client/x/dkg/types/event.pb.go:832.16,836.3 3 0
github.com/piplabs/story/client/x/dkg/types/event.pb.go:837.2,838.13 2 0
github.com/piplabs/story/client/x/dkg/types/event.pb.go:840.51,841.14 1 0
github.com/piplabs/story/client/x/dkg/types/event.pb.go:841.14,843.3 1 0
github.com/piplabs/story/client/x/dkg/types/event.pb.go:844.2,846.18 3 0
github.com/piplabs/story/client/x/dkg/types/event.pb.go:846.18,848.3 1 0
github.com/piplabs/story/client/x/dkg/types/event.pb.go:849.2,849.29 1 0
github.com/piplabs/story/client/x/dkg/types/event.pb.go:849.29,851.3 1 0
github.com/piplabs/story/client/x/dkg/types/event.pb.go:852.2,852.33 1 0
github.com/piplabs/story/client/x/dkg/types/event.pb.go:852.33,853.40 1 0
github.com/piplabs/story/client/x/dkg/types/event.pb.go:853.40,856.4 2 0
github.com/piplabs/story/client/x/dkg/types/event.pb.go:858.2,858.10 1 0
github.com/piplabs/story/client/x/dkg/types/event.pb.go:861.44,862.14 1 0
github.com/piplabs/story/client/x/dkg/types/event.pb.go:862.14,864.3 1 0
github.com/piplabs/story/client/x/dkg/types/event.pb.go:865.2,867.18 3 0
github.com/piplabs/story/client/x/dkg/types/event.pb.go:867.18,869.3 1 0
github.com/piplabs/story/client/x/dkg/types/event.pb.go:870.2,870.10 1 0
github.com/piplabs/story/client/x/dkg/types/event.pb.go:873.49,874.14 1 0
github.com/piplabs/story/client/x/dkg/types/event.pb.go:874.14,876.3 1 0
github.com/piplabs/story/client/x/dkg/types/event.pb.go:877.2,879.18 3 0
github.com/piplabs/story/client/x/dkg/types/event.pb.go:879.18,881.3 1 0
github.com/piplabs/story/client/x/dkg/types/event.pb.go:882.2,882.21 1 0
github.com/piplabs/story/client/x/dkg/types/event.pb.go:882.21,884.3 1 0
github.com/piplabs/story/client/x/dkg/types/event.pb.go:885.2,885.10 1 0
github.com/piplabs/story/client/x/dkg/types/event.pb.go:888.53,889.14 1 0
github.com/piplabs/story/client/x/dkg/types/event.pb.go:889.14,891.3 1 0
github.com/piplabs/story/client/x/dkg/types/event.pb.go:892.2,894.18 3 0
github.com/piplabs/story/client/x/dkg/types/event.pb.go:894.18,896.3 1 0
github.com/piplabs/story/client/x/dkg/types/event.pb.go:897.2,897.25 1 0
github.com/piplabs/story/client/x/dkg/types/event.pb.go:897.25,899.3 1 0
github.com/piplabs/story/client/x/dkg/types/event.pb.go:900.2,900.10 1 0
github.com/piplabs/story/client/x/dkg/types/event.pb.go:903.58,904.14 1 0
github.com/piplabs/story/client/x/dkg/types/event.pb.go:904.14,906.3 1 0
github.com/piplabs/story/client/x/dkg/types/event.pb.go:907.2,909.18 3 0
github.com/piplabs/story/client/x/dkg/types/event.pb.go:909.18,911.3 1 0
github.com/piplabs/story/client/x/dkg/types/event.pb.go:912.2,912.30 1 0
github.com/piplabs/story/client/x/dkg/types/event.pb.go:912.30,914.3 1 0
github.com/piplabs/story/client/x/dkg/types/event.pb.go:915.2,915.10 1 0
github.com/piplabs/story/client/x/dkg/types/event.pb.go:918.49,919.14 1 0
github.com/piplabs/story/client/x/dkg/types/event.pb.go:919.14,921.3 1 0
github.com/piplabs/story/client/x/dkg/types/event.pb.go:922.2,924.18 3 0
github.com/piplabs/story/client/x/dkg/types/event.pb.go:924.18,926.3 1 0
github.com/piplabs/story/client/x/dkg/types/event.pb.go:927.2,927.10 1 0
github.com/piplabs/story/client/x/dkg/types/event.pb.go:930.44,931.14 1 0
github.com/piplabs/story/client/x/dkg/types/event.pb.go:931.14,933.3 1 0
github.com/piplabs/story/client/x/dkg/types/event.pb.go:934.2,936.18 3 0
github.com/piplabs/story/client/x/dkg/types/event.pb.go:936.18,938.3 1 0
github.com/piplabs/story/client/x/dkg/types/event.pb.go:939.2,939.10 1 0
github.com/piplabs/story/client/x/dkg/types/event.pb.go:942.52,943.14 1 0
github.com/piplabs/story/client/x/dkg/types/event.pb.go:943.14,945.3 1 0
github.com/piplabs/story/client/x/dkg/types/event.pb.go:946.2,948.18 3 0
github.com/piplabs/story/client/x/dkg/types/event.pb.go:948.18,950.3 1 0
github.com/piplabs/story/client/x/dkg/types/event.pb.go:951.2,951.24 1 0
github.com/piplabs/story/client/x/dkg/types/event.pb.go:951.24,953.3 1 0
github.com/piplabs/story/client/x/dkg/types/event.pb.go:954.2,955.11 2 0
github.com/piplabs/story/client/x/dkg/types/event.pb.go:955.11,957.3 1 0
github.com/piplabs/story/client/x/dkg/types/event.pb.go:958.2,959.11 2 0
github.com/piplabs/story/client/x/dkg/types/event.pb.go:959.11,961.3 1 0
github.com/piplabs/story/client/x/dkg/types/event.pb.go:962.2,963.11 2 0
github.com/piplabs/story/client/x/dkg/types/event.pb.go:963.11,965.3 1 0
github.com/piplabs/story/client/x/dkg/types/event.pb.go:966.2,966.10 1 0
github.com/piplabs/story/client/x/dkg/types/event.pb.go:969.33,971.2 1 0
github.com/piplabs/story/client/x/dkg/types/event.pb.go:972.33,974.2 1 0
github.com/piplabs/story/client/x/dkg/types/event.pb.go:975.65,978.16 3 0
github.com/piplabs/story/client/x/dkg/types/event.pb.go:978.16,981.38 3 0
github.com/piplabs/story/client/x/dkg/types/event.pb.go:981.38,982.19 1 0
github.com/piplabs/story/client/x/dkg/types/event.pb.go:982.19,984.5 1 0
github.com/piplabs/story/client/x/dkg/types/event.pb.go:985.4,985.18 1 0
github.com/piplabs/story/client/x/dkg/types/event.pb.go:985.18,987.5 1 0
github.com/piplabs/story/client/x/dkg/types/event.pb.go:988.4,991.16 4 0
github.com/piplabs/story/client/x/dkg/types/event.pb.go:991.16,992.10 1 0
github.com/piplabs/story/client/x/dkg/types/event.pb.go:995.3,997.20 3 0
github.com/piplabs/story/client/x/dkg/types/event.pb.go:997.20,999.4 1 0
github.com/piplabs/story/client/x/dkg/types/event.pb.go:1000.3,1000.20 1 0
github.com/piplabs/story/client/x/dkg/types/event.pb.go:1000.20,1002.4 1 0
github.com/piplabs/story/client/x/dkg/types/event.pb.go:1003.3,1003.19 1 0
github.com/piplabs/story/client/x/dkg/types/event.pb.go:1004.10,1005.21 1 0
github.com/piplabs/story/client/x/dkg/types/event.pb.go:1005.21,1007.5 1 0
github.com/piplabs/story/client/x/dkg/types/event.pb.go:1008.4,1009.39 2 0
github.com/piplabs/story/client/x/dkg/types/event.pb.go:1009.39,1010.20 1 0
github.com/piplabs/story/client/x/dkg/types/event.pb.go:1010.20,1012.6 1 0
github.com/piplabs/story/client/x/dkg/types/event.pb.go:1013.5,1013.19 1 0
github.com/piplabs/story/client/x/dkg/types/event.pb.go:1013.19,1015.6 1 0
github.com/piplabs/story/client/x/dkg/types/event.pb.go:1016.5,1019.17 4 0
github.com/piplabs/story/client/x/dkg/types/event.pb.go:1019.17,1020.11 1 0
github.com/piplabs/story/client/x/dkg/types/event.pb.go:1023.10,1024.21 1 0
github.com/piplabs/story/client/x/dkg/types/event.pb.go:1024.21,1026.5 1 0
github.com/piplabs/story/client/x/dkg/types/event.pb.go:1027.4,1028.39 2 0
github.com/piplabs/story/client/x/dkg/types/event.pb.go:1028.39,1029.20 1 0
github.com/piplabs/story/client/x/dkg/types/event.pb.go:1029.20,1031.6 1 0
github.com/piplabs/story/client/x/dkg/types/event.pb.go:1032.5,1032.19 1 0
github.com/piplabs/story/client/x/dkg/types/event.pb.go:1032.19,1034.6 1 0
github.com/piplabs/story/client/x/dkg/types/event.pb.go:1035.5,1038.17 4 0
github.com/piplabs/story/client/x/dkg/types/event.pb.go:1038.17,1039.11 1 0
github.com/piplabs/story/client/x/dkg/types/event.pb.go:1042.10,1043.21 1 0
github.com/piplabs/story/client/x/dkg/types/event.pb.go:1043.21,1045.5 1 0
github.com/piplabs/story/client/x/dkg/types/event.pb.go:1046.4,1047.39 2 0
github.com/piplabs/story/client/x/dkg/types/event.pb.go:1047.39,1048.20 1 0
github.com/piplabs/story/client/x/dkg/types/event.pb.go:1048.20,1050.6 1 0
github.com/piplabs/story/client/x/dkg/types/event.pb.go:1051.5,1051.19 1 0
github.com/piplabs/story/client/x/dkg/types/event.pb.go:1051.19,1053.6 1 0
github.com/piplabs/story/client/x/dkg/types/event.pb.go:1054.5,1057.17 4 0
github.com/piplabs/story/client/x/dkg/types/event.pb.go:1057.17,1058.11 1 0
github.com/piplabs/story/client/x/dkg/types/event.pb.go:1061.4,1062.24 2 0
github.com/piplabs/story/client/x/dkg/types/event.pb.go:1062.24,1064.5 1 0
github.com/piplabs/story/client/x/dkg/types/event.pb.go:1065.4,1066.21 2 0
github.com/piplabs/story/client/x/dkg/types/event.pb.go:1066.21,1068.5 1 0
github.com/piplabs/story/client/x/dkg/types/event.pb.go:1069.4,1069.21 1 0
github.com/piplabs/story/client/x/dkg/types/event.pb.go:1069.21,1071.5 1 0
github.com/piplabs/story/client/x/dkg/types/event.pb.go:1072.4,1073.21 2 0
github.com/piplabs/story/client/x/dkg/types/event.pb.go:1074.11,1077.18 3 0
github.com/piplabs/story/client/x/dkg/types/event.pb.go:1077.18,1079.5 1 0
github.com/piplabs/story/client/x/dkg/types/event.pb.go:1080.4,1080.42 1 0
github.com/piplabs/story/client/x/dkg/types/event.pb.go:1080.42,1082.5 1 0
github.com/piplabs/story/client/x/dkg/types/event.pb.go:1083.4,1083.28 1 0
github.com/piplabs/story/client/x/dkg/types/event.pb.go:1083.28,1085.5 1 0
github.com/piplabs/story/client/x/dkg/types/event.pb.go:1086.4,1086.19 1 0
github.com/piplabs/story/client/x/dkg/types/event.pb.go:1090.2,1090.15 1 0
github.com/piplabs/story/client/x/dkg/types/event.pb.go:1090.15,1092.3 1 0
github.com/piplabs/story/client/x/dkg/types/event.pb.go:1093.2,1093.12 1 0
github.com/piplabs/story/client/x/dkg/types/event.pb.go:1095.58,1098.16 3 0
github.com/piplabs/story/client/x/dkg/types/event.pb.go:1098.16,1101.38 3 0
github.com/piplabs/story/client/x/dkg/types/event.pb.go:1101.38,1102.19 1 0
github.com/piplabs/story/client/x/dkg/types/event.pb.go:1102.19,1104.5 1 0
github.com/piplabs/story/client/x/dkg/types/event.pb.go:1105.4,1105.18 1 0
github.com/piplabs/story/client/x/dkg/types/event.pb.go:1105.18,1107.5 1 0
github.com/piplabs/story/client/x/dkg/types/event.pb.go:1108.4,1111.16 4 0
github.com/piplabs/story/client/x/dkg/types/event.pb.go:1111.16,1112.10 1 0
github.com/piplabs/story/client/x/dkg/types/event.pb.go:1115.3,1117.20 3 0
github.com/piplabs/story/client/x/dkg/types/event.pb.go:1117.20,1119.4 1 0
github.com/piplabs/story/client/x/dkg/types/event.pb.go:1120.3,1120.20 1 0
github.com/piplabs/story/client/x/dkg/types/event.pb.go:1120.20,1122.4 1 0
github.com/piplabs/story/client/x/dkg/types/event.pb.go:1123.3,1123.19 1 0
github.com/piplabs/story/client/x/dkg/types/event.pb.go:1124.10,1125.21 1 0
github.com/piplabs/story/client/x/dkg/types/event.pb.go:1125.21,1127.5 1 0
github.com/piplabs/story/client/x/dkg/types/event.pb.go:1128.4,1129.39 2 0
github.com/piplabs/story/client/x/dkg/types/event.pb.go:1129.39,1130.20 1 0
github.com/piplabs/story/client/x/dkg/types/event.pb.go:1130.20,1132.6 1 0
github.com/piplabs/story/client/x/dkg/types/event.pb.go:1133.5,1133.19 1 0
github.com/piplabs/story/client/x/dkg/types/event.pb.go:1133.19,1135.6 1 0
github.com/piplabs/story/client/x/dkg/types/event.pb.go:1136.5,1139.17 4 0
github.com/piplabs/story/client/x/dkg/types/event.pb.go:1139.17,1140.11 1 0
github.com/piplabs/story/client/x/dkg/types/event.pb.go:1143.11,1146.18 3 0
github.com/piplabs/story/client/x/dkg/types/event.pb.go:1146.18,1148.5 1 0
github.com/piplabs/story/client/x/dkg/types/event.pb.go:1149.4,1149.42 1 0
github.com/piplabs/story/client/x/dkg/types/event.pb.go:1149.42,1151.5 1 0
github.com/piplabs/story/client/x/dkg/types/event.pb.go:1152.4,1152.28 1 0
github.com/piplabs/story/client/x/dkg/types/event.pb.go:1152.28,1154.5 1 0
github.com/piplabs/story/client/x/dkg/types/event.pb.go:1155.4,1155.19 1 0
github.com/piplabs/story/client/x/dkg/types/event.pb.go:1159.2,1159.15 1 0
github.com/piplabs/story/client/x/dkg/types/event.pb.go:1159.15,1161.3 1 0
github.com/piplabs/story/client/x/dkg/types/event.pb.go:1162.2,1162.12 1 0
github.com/piplabs/story/client/x/dkg/types/event.pb.go:1164.63,1167.16 3 0
github.com/piplabs/story/client/x/dkg/types/event.pb.go:1167.16,1170.38 3 0
github.com/piplabs/story/client/x/dkg/types/event.pb.go:1170.38,1171.19 1 0
github.com/piplabs/story/client/x/dkg/types/event.pb.go:1171.19,1173.5 1 0
github.com/piplabs/story/client/x/dkg/types/event.pb.go:1174.4,1174.18 1 0
github.com/piplabs/story/client/x/dkg/types/event.pb.go:1174.18,1176.5 1 0
github.com/piplabs/story/client/x/dkg/types/event.pb.go:1177.4,1180.16 4 0
github.com/piplabs/story/client/x/dkg/types/event.pb.go:1180.16,1181.10 1 0
github.com/piplabs/story/client/x/dkg/types/event.pb.go:1184.3,1186.20 3 0
github.com/piplabs/story/client/x/dkg/types/event.pb.go:1186.20,1188.4 1 0
github.com/piplabs/story/client/x/dkg/types/event.pb.go:1189.3,1189.20 1 0
github.com/piplabs/story/client/x/dkg/types/event.pb.go:1189.20,1191.4 1 0
github.com/piplabs/story/client/x/dkg/types/event.pb.go:1192.3,1192.19 1 0
github.com/piplabs/story/client/x/dkg/types/event.pb.go:1193.10,1194.21 1 0
github.com/piplabs/story/client/x/dkg/types/event.pb.go:1194.21,1196.5 1 0
github.com/piplabs/story/client/x/dkg/types/event.pb.go:1197.4,1198.39 2 0
github.com/piplabs/story/client/x/dkg/types/event.pb.go:1198.39,1199.20 1 0
github.com/piplabs/story/client/x/dkg/types/event.pb.go:1199.20,1201.6 1 0
github.com/piplabs/story/client/x/dkg/types/event.pb.go:1202.5,1202.19 1 0
github.com/piplabs/story/client/x/dkg/types/event.pb.go:1202.19,1204.6 1 0
github.com/piplabs/story/client/x/dkg/types/event.pb.go:1205.5,1208.17 4 0
github.com/piplabs/story/client/x/dkg/types/event.pb.go:1208.17,1209.11 1 0
github.com/piplabs/story/client/x/dkg/types/event.pb.go:1212.10,1213.21 1 0
github.com/piplabs/story/client/x/dkg/types/event.pb.go:1213.21,1215.5 1 0
github.com/piplabs/story/client/x/dkg/types/event.pb.go:1216.4,1217.39 2 0
github.com/piplabs/story/client/x/dkg/types/event.pb.go:1217.39,1218.20 1 0
github.com/piplabs/story/client/x/dkg/types/event.pb.go:1218.20,1220.6 1 0
github.com/piplabs/story/client/x/dkg/types/event.pb.go:1221.5,1221.19 1 0
github.com/piplabs/story/client/x/dkg/types/event.pb.go:1221.19,1223.6 1 0
github.com/piplabs/story/client/x/dkg/types/event.pb.go:1224.5,1227.17 4 0
github.com/piplabs/story/client/x/dkg/types/event.pb.go:1227.17,1228.11 1 0
github.com/piplabs/story/client/x/dkg/types/event.pb.go:1231.11,1234.18 3 0
github.com/piplabs/story/client/x/dkg/types/event.pb.go:1234.18,1236.5 1 0
github.com/piplabs/story/client/x/dkg/types/event.pb.go:1237.4,1237.42 1 0
github.com/piplabs/story/client/x/dkg/types/event.pb.go:1237.42,1239.5 1 0
github.com/piplabs/story/client/x/dkg/types/event.pb.go:1240.4,1240.28 1 0
github.com/piplabs/story/client/x/dkg/types/event.pb.go:1240.28,1242.5 1 0
github.com/piplabs/story/client/x/dkg/types/event.pb.go:1243.4,1243.19 1 0
github.com/piplabs/story/client/x/dkg/types/event.pb.go:1247.2,1247.15 1 0
github.com/piplabs/story/client/x/dkg/types/event.pb.go:1247.15,1249.3 1 0
github.com/piplabs/story/client/x/dkg/types/event.pb.go:1250.2,1250.12 1 0
github.com/piplabs/story/client/x/dkg/types/event.pb.go:1252.67,1255.16 3 0
github.com/piplabs/story/client/x/dkg/types/event.pb.go:1255.16,1258.38 3 0
github.com/piplabs/story/client/x/dkg/types/event.pb.go:1258.38,1259.19 1 0
github.com/piplabs/story/client/x/dkg/types/event.pb.go:1259.19,1261.5 1 0
github.com/piplabs/story/client/x/dkg/types/event.pb.go:1262.4,1262.18 1 0
github.com/piplabs/story/client/x/dkg/types/event.pb.go:1262.18,1264.5 1 0
github.com/piplabs/story/client/x/dkg/types/event.pb.go:1265.4,1268.16 4 0
github.com/piplabs/story/client/x/dkg/types/event.pb.go:1268.16,1269.10 1 0
github.com/piplabs/story/client/x/dkg/types/event.pb.go:1272.3,1274.20 3 0
github.com/piplabs/story/client/x/dkg/types/event.pb.go:1274.20,1276.4 1 0
github.com/piplabs/story/client/x/dkg/types/event.pb.go:1277.3,1277.20 1 0
github.com/piplabs/story/client/x/dkg/types/event.pb.go:1277.20,1279.4 1 0
github.com/piplabs/story/client/x/dkg/types/event.pb.go:1280.3,1280.19 1 0
github.com/piplabs/story/client/x/dkg/types/event.pb.go:1281.10,1282.21 1 0
github.com/piplabs/story/client/x/dkg/types/event.pb.go:1282.21,1284.5 1 0
github.com/piplabs/story/client/x/dkg/types/event.pb.go:1285.4,1286.39 2 0
github.com/piplabs/story/client/x/dkg/types/event.pb.go:1286.39,1287.20 1 0
github.com/piplabs/story/client/x/dkg/types/event.pb.go:1287.20,1289.6 1 0
github.com/piplabs/story/client/x/dkg/types/event.pb.go:1290.5,1290.19 1 0
github.com/piplabs/story/client/x/dkg/types/event.pb.go:1290.19,1292.6 1 0
github.com/piplabs/story/client/x/dkg/types/event.pb.go:1293.5,1296.17 4 0
github.com/piplabs/story/client/x/dkg/types/event.pb.go:1296.17,1297.11 1 0
github.com/piplabs/story/client/x/dkg/types/event.pb.go:1300.10,1301.21 1 0
github.com/piplabs/story/client/x/dkg/types/event.pb.go:1301.21,1303.5 1 0
github.com/piplabs/story/client/x/dkg/types/event.pb.go:1304.4,1305.39 2 0
github.com/piplabs/story/client/x/dkg/types/event.pb.go:1305.39,1306.20 1 0
github.com/piplabs/story/client/x/dkg/types/event.pb.go:1306.20,1308.6 1 0
github.com/piplabs/story/client/x/dkg/types/event.pb.go:1309.5,1309.19 1 0
github.com/piplabs/story/client/x/dkg/types/event.pb.go:1309.19,1311.6 1 0
github.com/piplabs/story/client/x/dkg/types/event.pb.go:1312.5,1315.17 4 0
github.com/piplabs/story/client/x/dkg/types/event.pb.go:1315.17,1316.11 1 0
github.com/piplabs/story/client/x/dkg/types/event.pb.go:1319.11,1322.18 3 0
github.com/piplabs/story/client/x/dkg/types/event.pb.go:1322.18,1324.5 1 0
github.com/piplabs/story/client/x/dkg/types/event.pb.go:1325.4,1325.42 1 0
github.com/piplabs/story/client/x/dkg/types/event.pb.go:1325.42,1327.5 1 0
github.com/piplabs/story/client/x/dkg/types/event.pb.go:1328.4,1328.28 1 0
github.com/piplabs/story/client/x/dkg/types/event.pb.go:1328.28,1330.5 1 0
github.com/piplabs/story/client/x/dkg/types/event.pb.go:1331.4,1331.19 1 0
github.com/piplabs/story/client/x/dkg/types/event.pb.go:1335.2,1335.15 1 0
github.com/piplabs/story/client/x/dkg/types/event.pb.go:1335.15,1337.3 1 0
github.com/piplabs/story/client/x/dkg/types/event.pb.go:1338.2,1338.12 1 0
github.com/piplabs/story/client/x/dkg/types/event.pb.go:1340.72,1343.16 3 0
github.com/piplabs/story/client/x/dkg/types/event.pb.go:1343.16,1346.38 3 0
github.com/piplabs/story/client/x/dkg/types/event.pb.go:1346.38,1347.19 1 0
github.com/piplabs/story/client/x/dkg/types/event.pb.go:1347.19,1349.5 1 0
github.com/piplabs/story/client/x/dkg/types/event.pb.go:1350.4,1350.18 1 0
github.com/piplabs/story/client/x/dkg/types/event.pb.go:1350.18,1352.5 1 0
github.com/piplabs/story/client/x/dkg/types/event.pb.go:1353.4,1356.16 4 0
github.com/piplabs/story/client/x/dkg/types/event.pb.go:1356.16,1357.10 1 0
github.com/piplabs/story/client/x/dkg/types/event.pb.go:1360.3,1362.20 3 0
github.com/piplabs/story/client/x/dkg/types/event.pb.go:1362.20,1364.4 1 0
github.com/piplabs/story/client/x/dkg/types/event.pb.go:1365.3,1365.20 1 0
github.com/piplabs/story/client/x/dkg/types/event.pb.go:1365.20,1367.4 1 0
github.com/piplabs/story/client/x/dkg/types/event.pb.go:1368.3,1368.19 1 0
github.com/piplabs/story/client/x/dkg/types/event.pb.go:1369.10,1370.21 1 0
github.com/piplabs/story/client/x/dkg/types/event.pb.go:1370.21,1372.5 1 0
github.com/piplabs/story/client/x/dkg/types/event.pb.go:1373.4,1374.39 2 0
github.com/piplabs/story/client/x/dkg/types/event.pb.go:1374.39,1375.20 1 0
github.com/piplabs/story/client/x/dkg/types/event.pb.go:1375.20,1377.6 1 0
github.com/piplabs/story/client/x/dkg/types/event.pb.go:1378.5,1378.19 1 0
github.com/piplabs/story/client/x/dkg/types/event.pb.go:1378.19,1380.6 1 0
github.com/piplabs/story/client/x/dkg/types/event.pb.go:1381.5,1384.17 4 0
github.com/piplabs/story/client/x/dkg/types/event.pb.go:1384.17,1385.11 1 0
github.com/piplabs/story/client/x/dkg/types/event.pb.go:1388.10,1389.21 1 0
github.com/piplabs/story/client/x/dkg/types/event.pb.go:1389.21,1391.5 1 0
github.com/piplabs/story/client/x/dkg/types/event.pb.go:1392.4,1393.39 2 0
github.com/piplabs/story/client/x/dkg/types/event.pb.go:1393.39,1394.20 1 0
github.com/piplabs/story/client/x/dkg/types/event.pb.go:1394.20,1396.6 1 0
github.com/piplabs/story/client/x/dkg/types/event.pb.go:1397.5,1397.19 1 0
github.com/piplabs/story/client/x/dkg/types/event.pb.go:1397.19,1399.6 1 0
github.com/piplabs/story/client/x/dkg/types/event.pb.go:1400.5,1403.17 4 0
github.com/piplabs/story/client/x/dkg/types/event.pb.go:1403.17,1404.11 1 0
github.com/piplabs/story/client/x/dkg/types/event.pb.go:1407.11,1410.18 3 0
github.com/piplabs/story/client/x/dkg/types/event.pb.go:1410.18,1412.5 1 0
github.com/piplabs/story/client/x/dkg/types/event.pb.go:1413.4,1413.42 1 0
github.com/piplabs/story/client/x/dkg/types/event.pb.go:1413.42,1415.5 1 0
github.com/piplabs/story/client/x/dkg/types/event.pb.go:1416.4,1416.28 1 0
github.com/piplabs/story/client/x/dkg/types/event.pb.go:1416.28,1418.5 1 0
github.com/piplabs/story/client/x/dkg/types/event.pb.go:1419.4,1419.19 1 0
github.com/piplabs/story/client/x/dkg/types/event.pb.go:1423.2,1423.15 1 0
github.com/piplabs/story/client/x/dkg/types/event.pb.go:1423.15,1425.3 1 0
github.com/piplabs/story/client/x/dkg/types/event.pb.go:1426.2,1426.12 1 0
github.com/piplabs/story/client/x/dkg/types/event.pb.go:1428.63,1431.16 3 0
github.com/piplabs/story/client/x/dkg/types/event.pb.go:1431.16,1434.38 3 0
github.com/piplabs/story/client/x/dkg/types/event.pb.go:1434.38,1435.19 1 0
github.com/piplabs/story/client/x/dkg/types/event.pb.go:1435.19,1437.5 1 0
github.com/piplabs/story/client/x/dkg/types/event.pb.go:1438.4,1438.18 1 0
github.com/piplabs/story/client/x/dkg/types/event.pb.go:1438.18,1440.5 1 0
github.com/piplabs/story/client/x/dkg/types/event.pb.go:1441.4,1444.16 4 0
github.com/piplabs/story/client/x/dkg/types/event.pb.go:1444.16,1445.10 1 0
github.com/piplabs/story/client/x/dkg/types/event.pb.go:1448.3,1450.20 3 0
github.com/piplabs/story/client/x/dkg/types/event.pb.go:1450.20,1452.4 1 0
github.com/piplabs/story/client/x/dkg/types/event.pb.go:1453.3,1453.20 1 0
github.com/piplabs/story/client/x/dkg/types/event.pb.go:1453.20,1455.4 1 0
github.com/piplabs/story/client/x/dkg/types/event.pb.go:1456.3,1456.19 1 0
github.com/piplabs/story/client/x/dkg/types/event.pb.go:1457.10,1458.21 1 0
github.com/piplabs/story/client/x/dkg/types/event.pb.go:1458.21,1460.5 1 0
github.com/piplabs/story/client/x/dkg/types/event.pb.go:1461.4,1462.39 2 0
github.com/piplabs/story/client/x/dkg/types/event.pb.go:1462.39,1463.20 1 0
github.com/piplabs/story/client/x/dkg/types/event.pb.go:1463.20,1465.6 1 0
github.com/piplabs/story/client/x/dkg/types/event.pb.go:1466.5,1466.19 1 0
github.com/piplabs/story/client/x/dkg/types/event.pb.go:1466.19,1468.6 1 0
github.com/piplabs/story/client/x/dkg/types/event.pb.go:1469.5,1472.17 4 0
github.com/piplabs/story/client/x/dkg/types/event.pb.go:1472.17,1473.11 1 0
github.com/piplabs/story/client/x/dkg/types/event.pb.go:1476.11,1479.18 3 0
github.com/piplabs/story/client/x/dkg/types/event.pb.go:1479.18,1481.5 1 0
github.com/piplabs/story/client/x/dkg/types/event.pb.go:1482.4,1482.42 1 0
github.com/piplabs/story/client/x/dkg/types/event.pb.go:1482.42,1484.5 1 0
github.com/piplabs/story/client/x/dkg/types/event.pb.go:1485.4,1485.28 1 0
github.com/piplabs/story/client/x/dkg/types/event.pb.go:1485.28,1487.5 1 0
github.com/piplabs/story/client/x/dkg/types/event.pb.go:1488.4,1488.19 1 0
github.com/piplabs/story/client/x/dkg/types/event.pb.go:1492.2,1492.15 1 0
github.com/piplabs/story/client/x/dkg/types/event.pb.go:1492.15,1494.3 1 0
github.com/piplabs/story/client/x/dkg/types/event.pb.go:1495.2,1495.12 1 0
github.com/piplabs/story/client/x/dkg/types/event.pb.go:1497.58,1500.16 3 0
github.com/piplabs/story/client/x/dkg/types/event.pb.go:1500.16,1503.38 3 0
github.com/piplabs/story/client/x/dkg/types/event.pb.go:1503.38,1504.19 1 0
github.com/piplabs/story/client/x/dkg/types/event.pb.go:1504.19,1506.5 1 0
github.com/piplabs/story/client/x/dkg/types/event.pb.go:1507.4,1507.18 1 0
github.com/piplabs/story/client/x/dkg/types/event.pb.go:1507.18,1509.5 1 0
github.com/piplabs/story/client/x/dkg/types/event.pb.go:1510.4,1513.16 4 0
github.com/piplabs/story/client/x/dkg/types/event.pb.go:1513.16,1514.10 1 0
github.com/piplabs/story/client/x/dkg/types/event.pb.go:1517.3,1519.20 3 0
github.com/piplabs/story/client/x/dkg/types/event.pb.go:1519.20,1521.4 1 0
github.com/piplabs/story/client/x/dkg/types/event.pb.go:1522.3,1522.20 1 0
github.com/piplabs/story/client/x/dkg/types/event.pb.go:1522.20,1524.4 1 0
github.com/piplabs/story/client/x/dkg/types/event.pb.go:1525.3,1525.19 1 0
github.com/piplabs/story/client/x/dkg/types/event.pb.go:1526.10,1527.21 1 0
github.com/piplabs/story/client/x/dkg/types/event.pb.go:1527.21,1529.5 1 0
github.com/piplabs/story/client/x/dkg/types/event.pb.go:1530.4,1531.39 2 0
github.com/piplabs/story/client/x/dkg/types/event.pb.go:1531.39,1532.20 1 0
github.com/piplabs/story/client/x/dkg/types/event.pb.go:1532.20,1534.6 1 0
github.com/piplabs/story/client/x/dkg/types/event.pb.go:1535.5,1535.19 1 0
github.com/piplabs/story/client/x/dkg/types/event.pb.go:1535.19,1537.6 1 0
github.com/piplabs/story/client/x/dkg/types/event.pb.go:1538.5,1541.17 4 0
github.com/piplabs/story/client/x/dkg/types/event.pb.go:1541.17,1542.11 1 0
github.com/piplabs/story/client/x/dkg/types/event.pb.go:1545.11,1548.18 3 0
github.com/piplabs/story/client/x/dkg/types/event.pb.go:1548.18,1550.5 1 0
github.com/piplabs/story/client/x/dkg/types/event.pb.go:1551.4,1551.42 1 0
github.com/piplabs/story/client/x/dkg/types/event.pb.go:1551.42,1553.5 1 0
github.com/piplabs/story/client/x/dkg/types/event.pb.go:1554.4,1554.28 1 0
github.com/piplabs/story/client/x/dkg/types/event.pb.go:1554.28,1556.5 1 0
github.com/piplabs/story/client/x/dkg/types/event.pb.go:1557.4,1557.19 1 0
github.com/piplabs/story/client/x/dkg/types/event.pb.go:1561.2,1561.15 1 0
github.com/piplabs/story/client/x/dkg/types/event.pb.go:1561.15,1563.3 1 0
github.com/piplabs/story/client/x/dkg/types/event.pb.go:1564.2,1564.12 1 0
github.com/piplabs/story/client/x/dkg/types/event.pb.go:1566.66,1569.16 3 0
github.com/piplabs/story/client/x/dkg/types/event.pb.go:1569.16,1572.38 3 0
github.com/piplabs/story/client/x/dkg/types/event.pb.go:1572.38,1573.19 1 0
github.com/piplabs/story/client/x/dkg/types/event.pb.go:1573.19,1575.5 1 0
github.com/piplabs/story/client/x/dkg/types/event.pb.go:1576.4,1576.18 1 0
github.com/piplabs/story/client/x/dkg/types/event.pb.go:1576.18,1578.5 1 0
github.com/piplabs/story/client/x/dkg/types/event.pb.go:1579.4,1582.16 4 0
github.com/piplabs/story/client/x/dkg/types/event.pb.go:1582.16,1583.10 1 0
github.com/piplabs/story/client/x/dkg/types/event.pb.go:1586.3,1588.20 3 0
github.com/piplabs/story/client/x/dkg/types/event.pb.go:1588.20,1590.4 1 0
github.com/piplabs/story/client/x/dkg/types/event.pb.go:1591.3,1591.20 1 0
github.com/piplabs/story/client/x/dkg/types/event.pb.go:1591.20,1593.4 1 0
github.com/piplabs/story/client/x/dkg/types/event.pb.go:1594.3,1594.19 1 0
github.com/piplabs/story/client/x/dkg/types/event.pb.go:1595.10,1596.21 1 0
github.com/piplabs/story/client/x/dkg/types/event.pb.go:1596.21,1598.5 1 0
github.com/piplabs/story/client/x/dkg/types/event.pb.go:1599.4,1600.39 2 0
github.com/piplabs/story/client/x/dkg/types/event.pb.go:1600.39,1601.20 1 0
github.com/piplabs/story/client/x/dkg/types/event.pb.go:1601.20,1603.6 1 0
github.com/piplabs/story/client/x/dkg/types/event.pb.go:1604.5,1604.19 1 0
github.com/piplabs/story/client/x/dkg/types/event.pb.go:1604.19,1606.6 1 0
github.com/piplabs/story/client/x/dkg/types/event.pb.go:1607.5,1610.17 4 0
github.com/piplabs/story/client/x/dkg/types/event.pb.go:1610.17,1611.11 1 0
github.com/piplabs/story/client/x/dkg/types/event.pb.go:1614.10,1615.21 1 0
github.com/piplabs/story/client/x/dkg/types/event.pb.go:1615.21,1617.5 1 0
github.com/piplabs/story/client/x/dkg/types/event.pb.go:1618.4,1619.39 2 0
github.com/piplabs/story/client/x/dkg/types/event.pb.go:1619.39,1620.20 1 0
github.com/piplabs/story/client/x/dkg/types/event.pb.go:1620.20,1622.6 1 0
github.com/piplabs/story/client/x/dkg/types/event.pb.go:1623.5,1623.19 1 0
github.com/piplabs/story/client/x/dkg/types/event.pb.go:1623.19,1625.6 1 0
github.com/piplabs/story/client/x/dkg/types/event.pb.go:1626.5,1629.17 4 0
github.com/piplabs/story/client/x/dkg/types/event.pb.go:1629.17,1630.11 1 0
github.com/piplabs/story/client/x/dkg/types/event.pb.go:1633.10,1634.21 1 0
github.com/piplabs/story/client/x/dkg/types/event.pb.go:1634.21,1636.5 1 0
github.com/piplabs/story/client/x/dkg/types/event.pb.go:1637.4,1638.39 2 0
github.com/piplabs/story/client/x/dkg/types/event.pb.go:1638.39,1639.20 1 0
github.com/piplabs/story/client/x/dkg/types/event.pb.go:1639.20,1641.6 1 0
github.com/piplabs/story/client/x/dkg/types/event.pb.go:1642.5,1642.19 1 0
github.com/piplabs/story/client/x/dkg/types/event.pb.go:1642.19,1644.6 1 0
github.com/piplabs/story/client/x/dkg/types/event.pb.go:1645.5,1648.17 4 0
github.com/piplabs/story/client/x/dkg/types/event.pb.go:1648.17,1649.11 1 0
github.com/piplabs/story/client/x/dkg/types/event.pb.go:1652.4,1653.24 2 0
github.com/piplabs/story/client/x/dkg/types/event.pb.go:1653.24,1655.5 1 0
github.com/piplabs/story/client/x/dkg/types/event.pb.go:1656.4,1657.21 2 0
github.com/piplabs/story/client/x/dkg/types/event.pb.go:1657.21,1659.5 1 0
github.com/piplabs/story/client/x/dkg/types/event.pb.go:1660.4,1660.21 1 0
github.com/piplabs/story/client/x/dkg/types/event.pb.go:1660.21,1662.5 1 0
github.com/piplabs/story/client/x/dkg/types/event.pb.go:1663.4,1664.21 2 0
github.com/piplabs/story/client/x/dkg/types/event.pb.go:1665.10,1666.21 1 0
github.com/piplabs/story/client/x/dkg/types/event.pb.go:1666.21,1668.5 1 0
github.com/piplabs/story/client/x/dkg/types/event.pb.go:1669.4,1670.39 2 0
github.com/piplabs/story/client/x/dkg/types/event.pb.go:1670.39,1671.20 1 0
github.com/piplabs/story/client/x/dkg/types/event.pb.go:1671.20,1673.6 1 0
github.com/piplabs/story/client/x/dkg/types/event.pb.go:1674.5,1674.19 1 0
github.com/piplabs/story/client/x/dkg/types/event.pb.go:1674.19,1676.6 1 0
github.com/piplabs/story/client/x/dkg/types/event.pb.go:1677.5,1680.17 4 0
github.com/piplabs/story/client/x/dkg/types/event.pb.go:1680.17,1681.11 1 0
github.com/piplabs/story/client/x/dkg/types/event.pb.go:1684.4,1685.24 2 0
github.com/piplabs/story/client/x/dkg/types/event.pb.go:1685.24,1687.5 1 0
github.com/piplabs/story/client/x/dkg/types/event.pb.go:1688.4,1689.21 2 0
github.com/piplabs/story/client/x/dkg/types/event.pb.go:1689.21,1691.5 1 0
github.com/piplabs/story/client/x/dkg/types/event.pb.go:1692.4,1692.21 1 0
github.com/piplabs/story/client/x/dkg/types/event.pb.go:1692.21,1694.5 1 0
github.com/piplabs/story/client/x/dkg/types/event.pb.go:1695.4,1696.21 2 0
github.com/piplabs/story/client/x/dkg/types/event.pb.go:1697.10,1698.21 1 0
github.com/piplabs/story/client/x/dkg/types/event.pb.go:1698.21,1700.5 1 0
github.com/piplabs/story/client/x/dkg/types/event.pb.go:1701.4,1702.39 2 0
github.com/piplabs/story/client/x/dkg/types/event.pb.go:1702.39,1703.20 1 0
github.com/piplabs/story/client/x/dkg/types/event.pb.go:1703.20,1705.6 1 0
github.com/piplabs/story/client/x/dkg/types/event.pb.go:1706.5,1706.19 1 0
github.com/piplabs/story/client/x/dkg/types/event.pb.go:1706.19,1708.6 1 0
github.com/piplabs/story/client/x/dkg/types/event.pb.go:1709.5,1712.17 4 0
github.com/piplabs/story/client/x/dkg/types/event.pb.go:1712.17,1713.11 1 0
github.com/piplabs/story/client/x/dkg/types/event.pb.go:1716.4,1717.24 2 0
github.com/piplabs/story/client/x/dkg/types/event.pb.go:1717.24,1719.5 1 0
github.com/piplabs/story/client/x/dkg/types/event.pb.go:1720.4,1721.21 2 0
github.com/piplabs/story/client/x/dkg/types/event.pb.go:1721.21,1723.5 1 0
github.com/piplabs/story/client/x/dkg/types/event.pb.go:1724.4,1724.21 1 0
github.com/piplabs/story/client/x/dkg/types/event.pb.go:1724.21,1726.5 1 0
github.com/piplabs/story/client/x/dkg/types/event.pb.go:1727.4,1728.21 2 0
github.com/piplabs/story/client/x/dkg/types/event.pb.go:1729.11,1732.18 3 0
github.com/piplabs/story/client/x/dkg/types/event.pb.go:1732.18,1734.5 1 0
github.com/piplabs/story/client/x/dkg/types/event.pb.go:1735.4,1735.42 1 0
github.com/piplabs/story/client/x/dkg/types/event.pb.go:1735.42,1737.5 1 0
github.com/piplabs/story/client/x/dkg/types/event.pb.go:1738.4,1738.28 1 0
github.com/piplabs/story/client/x/dkg/types/event.pb.go:1738.28,1740.5 1 0
github.com/piplabs/story/client/x/dkg/types/event.pb.go:1741.4,1741.19 1 0
github.com/piplabs/story/client/x/dkg/types/event.pb.go:1745.2,1745.15 1 0
github.com/piplabs/story/client/x/dkg/types/event.pb.go:1745.15,1747.3 1 0
github.com/piplabs/story/client/x/dkg/types/event.pb.go:1748.2,1748.12 1 0
github.com/piplabs/story/client/x/dkg/types/event.pb.go:1750.48,1754.16 4 0
github.com/piplabs/story/client/x/dkg/types/event.pb.go:1754.16,1756.38 2 0
github.com/piplabs/story/client/x/dkg/types/event.pb.go:1756.38,1757.19 1 0
github.com/piplabs/story/client/x/dkg/types/event.pb.go:1757.19,1759.5 1 0
github.com/piplabs/story/client/x/dkg/types/event.pb.go:1760.4,1760.18 1 0
github.com/piplabs/story/client/x/dkg/types/event.pb.go:1760.18,1762.5 1 0
github.com/piplabs/story/client/x/dkg/types/event.pb.go:1763.4,1766.16 4 0
github.com/piplabs/story/client/x/dkg/types/event.pb.go:1766.16,1767.10 1 0
github.com/piplabs/story/client/x/dkg/types/event.pb.go:1770.3,1771.19 2 0
github.com/piplabs/story/client/x/dkg/types/event.pb.go:1772.10,1773.39 1 0
github.com/piplabs/story/client/x/dkg/types/event.pb.go:1773.39,1774.20 1 0
github.com/piplabs/story/client/x/dkg/types/event.pb.go:1774.20,1776.6 1 0
github.com/piplabs/story/client/x/dkg/types/event.pb.go:1777.5,1777.19 1 0
github.com/piplabs/story/client/x/dkg/types/event.pb.go:1777.19,1779.6 1 0
github.com/piplabs/story/client/x/dkg/types/event.pb.go:1780.5,1781.29 2 0
github.com/piplabs/story/client/x/dkg/types/event.pb.go:1781.29,1782.11 1 0
github.com/piplabs/story/client/x/dkg/types/event.pb.go:1785.10,1786.14 1 0
github.com/piplabs/story/client/x/dkg/types/event.pb.go:1787.10,1789.39 2 0
github.com/piplabs/story/client/x/dkg/types/event.pb.go:1789.39,1790.20 1 0
github.com/piplabs/story/client/x/dkg/types/event.pb.go:1790.20,1792.6 1 0
github.com/piplabs/story/client/x/dkg/types/event.pb.go:1793.5,1793.19 1 0
github.com/piplabs/story/client/x/dkg/types/event.pb.go:1793.19,1795.6 1 0
github.com/piplabs/story/client/x/dkg/types/event.pb.go:1796.5,1799.17 4 0
github.com/piplabs/story/client/x/dkg/types/event.pb.go:1799.17,1800.11 1 0
github.com/piplabs/story/client/x/dkg/types/event.pb.go:1803.4,1803.18 1 0
github.com/piplabs/story/client/x/dkg/types/event.pb.go:1803.18,1805.5 1 0
github.com/piplabs/story/client/x/dkg/types/event.pb.go:1806.4,1806.19 1 0
github.com/piplabs/story/client/x/dkg/types/event.pb.go:1807.10,1808.11 1 0
github.com/piplabs/story/client/x/dkg/types/event.pb.go:1809.10,1810.18 1 0
github.com/piplabs/story/client/x/dkg/types/event.pb.go:1810.18,1812.5 1 0
github.com/piplabs/story/client/x/dkg/types/event.pb.go:1813.4,1813.11 1 0
github.com/piplabs/story/client/x/dkg/types/event.pb.go:1814.10,1815.14 1 0
github.com/piplabs/story/client/x/dkg/types/event.pb.go:1816.11,1817.64 1 0
github.com/piplabs/story/client/x/dkg/types/event.pb.go:1819.3,1819.16 1 0
github.com/piplabs/story/client/x/dkg/types/event.pb.go:1819.16,1821.4 1 0
github.com/piplabs/story/client/x/dkg/types/event.pb.go:1822.3,1822.17 1 0
github.com/piplabs/story/client/x/dkg/types/event.pb.go:1822.17,1824.4 1 0
github.com/piplabs/story/client/x/dkg/types/event.pb.go:1826.2,1826.31 1 0
github.com/piplabs/story/client/x/dkg/types/genesis.go:3.51,7.2 1 0
github.com/piplabs/story/client/x/dkg/types/genesis.go:9.42,13.2 1 0
github.com/piplabs/story/client/x/dkg/types/genesis.pb.go:31.40,31.63 1 0
github.com/piplabs/story/client/x/dkg/types/genesis.pb.go:32.40,32.77 1 0
github.com/piplabs/story/client/x/dkg/types/genesis.pb.go:33.41,33.42 0 0
github.com/piplabs/story/client/x/dkg/types/genesis.pb.go:34.51,36.2 1 0
github.com/piplabs/story/client/x/dkg/types/genesis.pb.go:37.54,39.2 1 0
github.com/piplabs/story/client/x/dkg/types/genesis.pb.go:40.82,41.19 1 0
github.com/piplabs/story/client/x/dkg/types/genesis.pb.go:41.19,43.3 1 0
github.com/piplabs/story/client/x/dkg/types/genesis.pb.go:43.8,46.17 3 0
github.com/piplabs/story/client/x/dkg/types/genesis.pb.go:46.17,48.4 1 0
github.com/piplabs/story/client/x/dkg/types/genesis.pb.go:49.3,49.20 1 0
github.com/piplabs/story/client/x/dkg/types/genesis.pb.go:52.53,54.2 1 0
github.com/piplabs/story/client/x/dkg/types/genesis.pb.go:55.39,57.2 1 0
github.com/piplabs/story/client/x/dkg/types/genesis.pb.go:58.45,60.2 1 0
github.com/piplabs/story/client/x/dkg/types/genesis.pb.go:64.43,65.14 1 0
github.com/piplabs/story/client/x/dkg/types/genesis.pb.go:65.14,67.3 1 0
github.com/piplabs/story/client/x/dkg/types/genesis.pb.go:68.2,68.17 1 0
github.com/piplabs/story/client/x/dkg/types/genesis.pb.go:71.13,73.2 1 1
github.com/piplabs/story/client/x/dkg/types/genesis.pb.go:75.13,75.104 1 1
github.com/piplabs/story/client/x/dkg/types/genesis.pb.go:94.59,98.16 4 0
github.com/piplabs/story/client/x/dkg/types/genesis.pb.go:98.16,100.3 1 0
github.com/piplabs/story/client/x/dkg/types/genesis.pb.go:101.2,101.22 1 0
github.com/piplabs/story/client/x/dkg/types/genesis.pb.go:104.60,107.2 2 0
github.com/piplabs/story/client/x/dkg/types/genesis.pb.go:109.71,114.2 5 0
github.com/piplabs/story/client/x/dkg/types/genesis.pb.go:114.2,116.17 2 0
github.com/piplabs/story/client/x/dkg/types/genesis.pb.go:116.17,118.4 1 0
github.com/piplabs/story/client/x/dkg/types/genesis.pb.go:119.3,120.49 2 0
github.com/piplabs/story/client/x/dkg/types/genesis.pb.go:122.2,124.27 3 0
github.com/piplabs/story/client/x/dkg/types/genesis.pb.go:127.65,130.16 3 0
github.com/piplabs/story/client/x/dkg/types/genesis.pb.go:130.16,134.3 3 0
github.com/piplabs/story/client/x/dkg/types/genesis.pb.go:135.2,136.13 2 0
github.com/piplabs/story/client/x/dkg/types/genesis.pb.go:138.39,139.14 1 0
github.com/piplabs/story/client/x/dkg/types/genesis.pb.go:139.14,141.3 1 0
github.com/piplabs/story/client/x/dkg/types/genesis.pb.go:142.2,146.10 5 0
github.com/piplabs/story/client/x/dkg/types/genesis.pb.go:149.35,151.2 1 0
github.com/piplabs/story/client/x/dkg/types/genesis.pb.go:152.35,154.2 1 0
github.com/piplabs/story/client/x/dkg/types/genesis.pb.go:155.53,158.16 3 0
github.com/piplabs/story/client/x/dkg/types/genesis.pb.go:158.16,161.38 3 0
github.com/piplabs/story/client/x/dkg/types/genesis.pb.go:161.38,162.19 1 0
github.com/piplabs/story/client/x/dkg/types/genesis.pb.go:162.19,164.5 1 0
github.com/piplabs/story/client/x/dkg/types/genesis.pb.go:165.4,165.18 1 0
github.com/piplabs/story/client/x/dkg/types/genesis.pb.go:165.18,167.5 1 0
github.com/piplabs/story/client/x/dkg/types/genesis.pb.go:168.4,171.16 4 0
github.com/piplabs/story/client/x/dkg/types/genesis.pb.go:171.16,172.10 1 0
github.com/piplabs/story/client/x/dkg/types/genesis.pb.go:175.3,177.20 3 0
github.com/piplabs/story/client/x/dkg/types/genesis.pb.go:177.20,179.4 1 0
github.com/piplabs/story/client/x/dkg/types/genesis.pb.go:180.3,180.20 1 0
github.com/piplabs/story/client/x/dkg/types/genesis.pb.go:180.20,182.4 1 0
github.com/piplabs/story/client/x/dkg/types/genesis.pb.go:183.3,183.19 1 0
github.com/piplabs/story/client/x/dkg/types/genesis.pb.go:184.10,185.21 1 0
github.com/piplabs/story/client/x/dkg/types/genesis.pb.go:185.21,187.5 1 0
github.com/piplabs/story/client/x/dkg/types/genesis.pb.go:188.4,189.39 2 0
github.com/piplabs/story/client/x/dkg/types/genesis.pb.go:189.39,190.20 1 0
github.com/piplabs/story/client/x/dkg/types/genesis.pb.go:190.20,192.6 1 0
github.com/piplabs/story/client/x/dkg/types/genesis.pb.go:193.5,193.19 1 0
github.com/piplabs/story/client/x/dkg/types/genesis.pb.go:193.19,195.6 1 0
github.com/piplabs/story/client/x/dkg/types/genesis.pb.go:196.5,199.17 4 0
github.com/piplabs/story/client/x/dkg/types/genesis.pb.go:199.17,200.11 1 0
github.com/piplabs/story/client/x/dkg/types/genesis.pb.go:203.4,203.18 1 0
github.com/piplabs/story/client/x/dkg/types/genesis.pb.go:203.18,205.5 1 0
github.com/piplabs/story/client/x/dkg/types/genesis.pb.go:206.4,207.21 2 0
github.com/piplabs/story/client/x/dkg/types/genesis.pb.go:207.21,209.5 1 0
github.com/piplabs/story/client/x/dkg/types/genesis.pb.go:210.4,210.21 1 0
github.com/piplabs/story/client/x/dkg/types/genesis.pb.go:210.21,212.5 1 0
github.com/piplabs/story/client/x/dkg/types/genesis.pb.go:213.4,213.68 1 0
github.com/piplabs/story/client/x/dkg/types/genesis.pb.go:213.68,215.5 1 0
github.com/piplabs/story/client/x/dkg/types/genesis.pb.go:216.4,216.21 1 0
github.com/piplabs/story/client/x/dkg/types/genesis.pb.go:217.11,220.18 3 0
github.com/piplabs/story/client/x/dkg/types/genesis.pb.go:220.18,222.5 1 0
github.com/piplabs/story/client/x/dkg/types/genesis.pb.go:223.4,223.42 1 0
github.com/piplabs/story/client/x/dkg/types/genesis.pb.go:223.42,225.5 1 0
github.com/piplabs/story/client/x/dkg/types/genesis.pb.go:226.4,226.28 1 0
github.com/piplabs/story/client/x/dkg/types/genesis.pb.go:226.28,228.5 1 0
github.com/piplabs/story/client/x/dkg/types/genesis.pb.go:229.4,229.19 1 0
github.com/piplabs/story/client/x/dkg/types/genesis.pb.go:233.2,233.15 1 0
github.com/piplabs/story/client/x/dkg/types/genesis.pb.go:233.15,235.3 1 0
github.com/piplabs/story/client/x/dkg/types/genesis.pb.go:236.2,236.12 1 0
github.com/piplabs/story/client/x/dkg/types/genesis.pb.go:238.50,242.16 4 0
github.com/piplabs/story/client/x/dkg/types/genesis.pb.go:242.16,244.38 2 0
github.com/piplabs/story/client/x/dkg/types/genesis.pb.go:244.38,245.19 1 0
github.com/piplabs/story/client/x/dkg/types/genesis.pb.go:245.19,247.5 1 0
github.com/piplabs/story/client/x/dkg/types/genesis.pb.go:248.4,248.18 1 0
github.com/piplabs/story/client/x/dkg/types/genesis.pb.go:248.18,250.5 1 0
github.com/piplabs/story/client/x/dkg/types/genesis.pb.go:251.4,254.16 4 0
github.com/piplabs/story/client/x/dkg/types/genesis.pb.go:254.16,255.10 1 0
github.com/piplabs/story/client/x/dkg/types/genesis.pb.go:258.3,259.19 2 0
github.com/piplabs/story/client/x/dkg/types/genesis.pb.go:260.10,261.39 1 0
github.com/piplabs/story/client/x/dkg/types/genesis.pb.go:261.39,262.20 1 0
github.com/piplabs/story/client/x/dkg/types/genesis.pb.go:262.20,264.6 1 0
github.com/piplabs/story/client/x/dkg/types/genesis.pb.go:265.5,265.19 1 0
github.com/piplabs/story/client/x/dkg/types/genesis.pb.go:265.19,267.6 1 0
github.com/piplabs/story/client/x/dkg/types/genesis.pb.go:268.5,269.29 2 0
github.com/piplabs/story/client/x/dkg/types/genesis.pb.go:269.29,270.11 1 0
github.com/piplabs/story/client/x/dkg/types/genesis.pb.go:273.10,274.14 1 0
github.com/piplabs/story/client/x/dkg/types/genesis.pb.go:275.10,277.39 2 0
github.com/piplabs/story/client/x/dkg/types/genesis.pb.go:277.39,278.20 1 0
github.com/piplabs/story/client/x/dkg/types/genesis.pb.go:278.20,280.6 1 0
github.com/piplabs/story/client/x/dkg/types/genesis.pb.go:281.5,281.19 1 0
github.com/piplabs/story/client/x/dkg/types/genesis.pb.go:281.19,283.6 1 0
github.com/piplabs/story/client/x/dkg/types/genesis.pb.go:284.5,287.17 4 0
github.com/piplabs/story/client/x/dkg/types/genesis.pb.go:287.17,288.11 1 0
github.com/piplabs/story/client/x/dkg/types/genesis.pb.go:291.4,291.18 1 0
github.com/piplabs/story/client/x/dkg/types/genesis.pb.go:291.18,293.5 1 0
github.com/piplabs/story/client/x/dkg/types/genesis.pb.go:294.4,294.19 1 0
github.com/piplabs/story/client/x/dkg/types/genesis.pb.go:295.10,296.11 1 0
github.com/piplabs/story/client/x/dkg/types/genesis.pb.go:297.10,298.18 1 0
github.com/piplabs/story/client/x/dkg/types/genesis.pb.go:298.18,300.5 1 0
github.com/piplabs/story/client/x/dkg/types/genesis.pb.go:301.4,301.11 1 0
github.com/piplabs/story/client/x/dkg/types/genesis.pb.go:302.10,303.14 1 0
github.com/piplabs/story/client/x/dkg/types/genesis.pb.go:304.11,305.64 1 0
github.com/piplabs/story/client/x/dkg/types/genesis.pb.go:307.3,307.16 1 0
github.com/piplabs/story/client/x/dkg/types/genesis.pb.go:307.16,309.4 1 0
github.com/piplabs/story/client/x/dkg/types/genesis.pb.go:310.3,310.17 1 0
github.com/piplabs/story/client/x/dkg/types/genesis.pb.go:310.17,312.4 1 0
github.com/piplabs/story/client/x/dkg/types/genesis.pb.go:314.2,314.31 1 0
github.com/piplabs/story/client/x/dkg/types/kernel.pb.go:35.52,35.87 1 0
github.com/piplabs/story/client/x/dkg/types/kernel.pb.go:36.52,36.89 1 0
github.com/piplabs/story/client/x/dkg/types/kernel.pb.go:37.53,37.54 0 0
github.com/piplabs/story/client/x/dkg/types/kernel.pb.go:38.63,40.2 1 0
github.com/piplabs/story/client/x/dkg/types/kernel.pb.go:41.66,43.2 1 0
github.com/piplabs/story/client/x/dkg/types/kernel.pb.go:44.94,45.19 1 0
github.com/piplabs/story/client/x/dkg/types/kernel.pb.go:45.19,47.3 1 0
github.com/piplabs/story/client/x/dkg/types/kernel.pb.go:47.8,50.17 3 0
github.com/piplabs/story/client/x/dkg/types/kernel.pb.go:50.17,52.4 1 0
github.com/piplabs/story/client/x/dkg/types/kernel.pb.go:53.3,53.20 1 0
github.com/piplabs/story/client/x/dkg/types/kernel.pb.go:56.65,58.2 1 0
github.com/piplabs/story/client/x/dkg/types/kernel.pb.go:59.51,61.2 1 0
github.com/piplabs/story/client/x/dkg/types/kernel.pb.go:62.57,64.2 1 0
github.com/piplabs/story/client/x/dkg/types/kernel.pb.go:73.53,73.89 1 0
github.com/piplabs/story/client/x/dkg/types/kernel.pb.go:74.53,74.90 1 0
github.com/piplabs/story/client/x/dkg/types/kernel.pb.go:75.54,75.55 0 0
github.com/piplabs/story/client/x/dkg/types/kernel.pb.go:76.64,78.2 1 0
github.com/piplabs/story/client/x/dkg/types/kernel.pb.go:79.67,81.2 1 0
github.com/piplabs/story/client/x/dkg/types/kernel.pb.go:82.95,83.19 1 0
github.com/piplabs/story/client/x/dkg/types/kernel.pb.go:83.19,85.3 1 0
github.com/piplabs/story/client/x/dkg/types/kernel.pb.go:85.8,88.17 3 0
github.com/piplabs/story/client/x/dkg/types/kernel.pb.go:88.17,90.4 1 0
github.com/piplabs/story/client/x/dkg/types/kernel.pb.go:91.3,91.20 1 0
github.com/piplabs/story/client/x/dkg/types/kernel.pb.go:94.66,96.2 1 0
github.com/piplabs/story/client/x/dkg/types/kernel.pb.go:97.52,99.2 1 0
github.com/piplabs/story/client/x/dkg/types/kernel.pb.go:100.58,102.2 1 0
github.com/piplabs/story/client/x/dkg/types/kernel.pb.go:106.64,107.14 1 0
github.com/piplabs/story/client/x/dkg/types/kernel.pb.go:107.14,109.3 1 0
github.com/piplabs/story/client/x/dkg/types/kernel.pb.go:110.2,110.12 1 0
github.com/piplabs/story/client/x/dkg/types/kernel.pb.go:120.53,120.89 1 0
github.com/piplabs/story/client/x/dkg/types/kernel.pb.go:121.53,121.90 1 0
github.com/piplabs/story/client/x/dkg/types/kernel.pb.go:122.54,122.55 0 0
github.com/piplabs/story/client/x/dkg/types/kernel.pb.go:123.64,125.2 1 0
github.com/piplabs/story/client/x/dkg/types/kernel.pb.go:126.67,128.2 1 0
github.com/piplabs/story/client/x/dkg/types/kernel.pb.go:129.95,130.19 1 0
github.com/piplabs/story/client/x/dkg/types/kernel.pb.go:130.19,132.3 1 0
github.com/piplabs/story/client/x/dkg/types/kernel.pb.go:132.8,135.17 3 0
github.com/piplabs/story/client/x/dkg/types/kernel.pb.go:135.17,137.4 1 0
github.com/piplabs/story/client/x/dkg/types/kernel.pb.go:138.3,138.20 1 0
github.com/piplabs/story/client/x/dkg/types/kernel.pb.go:141.66,143.2 1 0
github.com/piplabs/story/client/x/dkg/types/kernel.pb.go:144.52,146.2 1 0
github.com/piplabs/story/client/x/dkg/types/kernel.pb.go:147.58,149.2 1 0
github.com/piplabs/story/client/x/dkg/types/kernel.pb.go:153.64,154.14 1 0
github.com/piplabs/story/client/x/dkg/types/kernel.pb.go:154.14,156.3 1 0
github.com/piplabs/story/client/x/dkg/types/kernel.pb.go:157.2,157.12 1 0
github.com/piplabs/story/client/x/dkg/types/kernel.pb.go:160.55,161.14 1 0
github.com/piplabs/story/client/x/dkg/types/kernel.pb.go:161.14,163.3 1 0
github.com/piplabs/story/client/x/dkg/types/kernel.pb.go:164.2,164.10 1 0
github.com/piplabs/story/client/x/dkg/types/kernel.pb.go:167.57,168.14 1 0
github.com/piplabs/story/client/x/dkg/types/kernel.pb.go:168.14,170.3 1 0
github.com/piplabs/story/client/x/dkg/types/kernel.pb.go:171.2,171.11 1 0
github.com/piplabs/story/client/x/dkg/types/kernel.pb.go:185.54,185.91 1 0
github.com/piplabs/story/client/x/dkg/types/kernel.pb.go:186.54,186.91 1 0
github.com/piplabs/story/client/x/dkg/types/kernel.pb.go:187.55,187.56 0 0
github.com/piplabs/story/client/x/dkg/types/kernel.pb.go:188.65,190.2 1 0
github.com/piplabs/story/client/x/dkg/types/kernel.pb.go:191.68,193.2 1 0
github.com/piplabs/story/client/x/dkg/types/kernel.pb.go:194.96,195.19 1 0
github.com/piplabs/story/client/x/dkg/types/kernel.pb.go:195.19,197.3 1 0
github.com/piplabs/story/client/x/dkg/types/kernel.pb.go:197.8,200.17 3 0
github.com/piplabs/story/client/x/dkg/types/kernel.pb.go:200.17,202.4 1 0
github.com/piplabs/story/client/x/dkg/types/kernel.pb.go:203.3,203.20 1 0
github.com/piplabs/story/client/x/dkg/types/kernel.pb.go:206.67,208.2 1 0
github.com/piplabs/story/client/x/dkg/types/kernel.pb.go:209.53,211.2 1 0
github.com/piplabs/story/client/x/dkg/types/kernel.pb.go:212.59,214.2 1 0
github.com/piplabs/story/client/x/dkg/types/kernel.pb.go:218.65,219.14 1 0
github.com/piplabs/story/client/x/dkg/types/kernel.pb.go:219.14,221.3 1 0
github.com/piplabs/story/client/x/dkg/types/kernel.pb.go:222.2,222.12 1 0
github.com/piplabs/story/client/x/dkg/types/kernel.pb.go:225.56,226.14 1 0
github.com/piplabs/story/client/x/dkg/types/kernel.pb.go:226.14,228.3 1 0
github.com/piplabs/story/client/x/dkg/types/kernel.pb.go:229.2,229.10 1 0
github.com/piplabs/story/client/x/dkg/types/kernel.pb.go:232.66,233.14 1 0
github.com/piplabs/story/client/x/dkg/types/kernel.pb.go:233.14,235.3 1 0
github.com/piplabs/story/client/x/dkg/types/kernel.pb.go:236.2,236.10 1 0
github.com/piplabs/story/client/x/dkg/types/kernel.pb.go:239.65,240.14 1 0
github.com/piplabs/story/client/x/dkg/types/kernel.pb.go:240.14,242.3 1 0
github.com/piplabs/story/client/x/dkg/types/kernel.pb.go:243.2,243.12 1 0
github.com/piplabs/story/client/x/dkg/types/kernel.pb.go:246.60,247.14 1 0
github.com/piplabs/story/client/x/dkg/types/kernel.pb.go:247.14,249.3 1 0
github.com/piplabs/story/client/x/dkg/types/kernel.pb.go:250.2,250.12 1 0
github.com/piplabs/story/client/x/dkg/types/kernel.pb.go:253.61,254.14 1 0
github.com/piplabs/story/client/x/dkg/types/kernel.pb.go:254.14,256.3 1 0
github.com/piplabs/story/client/x/dkg/types/kernel.pb.go:257.2,257.12 1 0
github.com/piplabs/story/client/x/dkg/types/kernel.pb.go:260.64,261.14 1 0
github.com/piplabs/story/client/x/dkg/types/kernel.pb.go:261.14,263.3 1 0
github.com/piplabs/story/client/x/dkg/types/kernel.pb.go:264.2,264.12 1 0
github.com/piplabs/story/client/x/dkg/types/kernel.pb.go:274.48,274.79 1 0
github.com/piplabs/story/client/x/dkg/types/kernel.pb.go:275.48,275.85 1 0
github.com/piplabs/story/client/x/dkg/types/kernel.pb.go:276.49,276.50 0 0
github.com/piplabs/story/client/x/dkg/types/kernel.pb.go:277.59,279.2 1 0
github.com/piplabs/story/client/x/dkg/types/kernel.pb.go:280.62,282.2 1 0
github.com/piplabs/story/client/x/dkg/types/kernel.pb.go:283.90,284.19 1 0
github.com/piplabs/story/client/x/dkg/types/kernel.pb.go:284.19,286.3 1 0
github.com/piplabs/story/client/x/dkg/types/kernel.pb.go:286.8,289.17 3 0
github.com/piplabs/story/client/x/dkg/types/kernel.pb.go:289.17,291.4 1 0
github.com/piplabs/story/client/x/dkg/types/kernel.pb.go:292.3,292.20 1 0
github.com/piplabs/story/client/x/dkg/types/kernel.pb.go:295.61,297.2 1 0
github.com/piplabs/story/client/x/dkg/types/kernel.pb.go:298.47,300.2 1 0
github.com/piplabs/story/client/x/dkg/types/kernel.pb.go:301.53,303.2 1 0
github.com/piplabs/story/client/x/dkg/types/kernel.pb.go:307.59,308.14 1 0
github.com/piplabs/story/client/x/dkg/types/kernel.pb.go:308.14,310.3 1 0
github.com/piplabs/story/client/x/dkg/types/kernel.pb.go:311.2,311.12 1 0
github.com/piplabs/story/client/x/dkg/types/kernel.pb.go:314.50,315.14 1 0
github.com/piplabs/story/client/x/dkg/types/kernel.pb.go:315.14,317.3 1 0
github.com/piplabs/story/client/x/dkg/types/kernel.pb.go:318.2,318.10 1 0
github.com/piplabs/story/client/x/dkg/types/kernel.pb.go:321.54,322.14 1 0
github.com/piplabs/story/client/x/dkg/types/kernel.pb.go:322.14,324.3 1 0
github.com/piplabs/story/client/x/dkg/types/kernel.pb.go:325.2,325.14 1 0
github.com/piplabs/story/client/x/dkg/types/kernel.pb.go:335.49,335.81 1 0
github.com/piplabs/story/client/x/dkg/types/kernel.pb.go:336.49,336.86 1 0
github.com/piplabs/story/client/x/dkg/types/kernel.pb.go:337.50,337.51 0 0
github.com/piplabs/story/client/x/dkg/types/kernel.pb.go:338.60,340.2 1 0
github.com/piplabs/story/client/x/dkg/types/kernel.pb.go:341.63,343.2 1 0
github.com/piplabs/story/client/x/dkg/types/kernel.pb.go:344.91,345.19 1 0
github.com/piplabs/story/client/x/dkg/types/kernel.pb.go:345.19,347.3 1 0
github.com/piplabs/story/client/x/dkg/types/kernel.pb.go:347.8,350.17 3 0
github.com/piplabs/story/client/x/dkg/types/kernel.pb.go:350.17,352.4 1 0
github.com/piplabs/story/client/x/dkg/types/kernel.pb.go:353.3,353.20 1 0
github.com/piplabs/story/client/x/dkg/types/kernel.pb.go:356.62,358.2 1 0
github.com/piplabs/story/client/x/dkg/types/kernel.pb.go:359.48,361.2 1 0
github.com/piplabs/story/client/x/dkg/types/kernel.pb.go:362.54,364.2 1 0
github.com/piplabs/story/client/x/dkg/types/kernel.pb.go:368.60,369.14 1 0
github.com/piplabs/story/client/x/dkg/types/kernel.pb.go:369.14,371.3 1 0
github.com/piplabs/story/client/x/dkg/types/kernel.pb.go:372.2,372.12 1 0
github.com/piplabs/story/client/x/dkg/types/kernel.pb.go:375.51,376.14 1 0
github.com/piplabs/story/client/x/dkg/types/kernel.pb.go:376.14,378.3 1 0
github.com/piplabs/story/client/x/dkg/types/kernel.pb.go:379.2,379.10 1 0
github.com/piplabs/story/client/x/dkg/types/kernel.pb.go:382.51,383.14 1 0
github.com/piplabs/story/client/x/dkg/types/kernel.pb.go:383.14,385.3 1 0
github.com/piplabs/story/client/x/dkg/types/kernel.pb.go:386.2,386.12 1 0
github.com/piplabs/story/client/x/dkg/types/kernel.pb.go:397.47,397.77 1 0
github.com/piplabs/story/client/x/dkg/types/kernel.pb.go:398.47,398.84 1 0
github.com/piplabs/story/client/x/dkg/types/kernel.pb.go:399.48,399.49 0 0
github.com/piplabs/story/client/x/dkg/types/kernel.pb.go:400.58,402.2 1 0
github.com/piplabs/story/client/x/dkg/types/kernel.pb.go:403.61,405.2 1 0
github.com/piplabs/story/client/x/dkg/types/kernel.pb.go:406.89,407.19 1 0
github.com/piplabs/story/client/x/dkg/types/kernel.pb.go:407.19,409.3 1 0
github.com/piplabs/story/client/x/dkg/types/kernel.pb.go:409.8,412.17 3 0
github.com/piplabs/story/client/x/dkg/types/kernel.pb.go:412.17,414.4 1 0
github.com/piplabs/story/client/x/dkg/types/kernel.pb.go:415.3,415.20 1 0
github.com/piplabs/story/client/x/dkg/types/kernel.pb.go:418.60,420.2 1 0
github.com/piplabs/story/client/x/dkg/types/kernel.pb.go:421.46,423.2 1 0
github.com/piplabs/story/client/x/dkg/types/kernel.pb.go:424.52,426.2 1 0
github.com/piplabs/story/client/x/dkg/types/kernel.pb.go:430.58,431.14 1 0
github.com/piplabs/story/client/x/dkg/types/kernel.pb.go:431.14,433.3 1 0
github.com/piplabs/story/client/x/dkg/types/kernel.pb.go:434.2,434.12 1 0
github.com/piplabs/story/client/x/dkg/types/kernel.pb.go:437.49,438.14 1 0
github.com/piplabs/story/client/x/dkg/types/kernel.pb.go:438.14,440.3 1 0
github.com/piplabs/story/client/x/dkg/types/kernel.pb.go:441.2,441.10 1 0
github.com/piplabs/story/client/x/dkg/types/kernel.pb.go:444.49,445.14 1 0
github.com/piplabs/story/client/x/dkg/types/kernel.pb.go:445.14,447.3 1 0
github.com/piplabs/story/client/x/dkg/types/kernel.pb.go:448.2,448.12 1 0
github.com/piplabs/story/client/x/dkg/types/kernel.pb.go:451.53,452.14 1 0
github.com/piplabs/story/client/x/dkg/types/kernel.pb.go:452.14,454.3 1 0
github.com/piplabs/story/client/x/dkg/types/kernel.pb.go:455.2,455.14 1 0
github.com/piplabs/story/client/x/dkg/types/kernel.pb.go:465.48,465.79 1 0
github.com/piplabs/story/client/x/dkg/types/kernel.pb.go:466.48,466.85 1 0
github.com/piplabs/story/client/x/dkg/types/kernel.pb.go:467.49,467.50 0 0
github.com/piplabs/story/client/x/dkg/types/kernel.pb.go:468.59,470.2 1 0
github.com/piplabs/story/client/x/dkg/types/kernel.pb.go:471.62,473.2 1 0
github.com/piplabs/story/client/x/dkg/types/kernel.pb.go:474.90,475.19 1 0
github.com/piplabs/story/client/x/dkg/types/kernel.pb.go:475.19,477.3 1 0
github.com/piplabs/story/client/x/dkg/types/kernel.pb.go:477.8,480.17 3 0
github.com/piplabs/story/client/x/dkg/types/kernel.pb.go:480.17,482.4 1 0
github.com/piplabs/story/client/x/dkg/types/kernel.pb.go:483.3,483.20 1 0
github.com/piplabs/story/client/x/dkg/types/kernel.pb.go:486.61,488.2 1 0
github.com/piplabs/story/client/x/dkg/types/kernel.pb.go:489.47,491.2 1 0
github.com/piplabs/story/client/x/dkg/types/kernel.pb.go:492.53,494.2 1 0
github.com/piplabs/story/client/x/dkg/types/kernel.pb.go:498.59,499.14 1 0
github.com/piplabs/story/client/x/dkg/types/kernel.pb.go:499.14,501.3 1 0
github.com/piplabs/story/client/x/dkg/types/kernel.pb.go:502.2,502.12 1 0
github.com/piplabs/story/client/x/dkg/types/kernel.pb.go:505.50,506.14 1 0
github.com/piplabs/story/client/x/dkg/types/kernel.pb.go:506.14,508.3 1 0
github.com/piplabs/story/client/x/dkg/types/kernel.pb.go:509.2,509.10 1 0
github.com/piplabs/story/client/x/dkg/types/kernel.pb.go:512.58,513.14 1 0
github.com/piplabs/story/client/x/dkg/types/kernel.pb.go:513.14,515.3 1 0
github.com/piplabs/story/client/x/dkg/types/kernel.pb.go:516.2,516.12 1 0
github.com/piplabs/story/client/x/dkg/types/kernel.pb.go:526.51,526.85 1 0
github.com/piplabs/story/client/x/dkg/types/kernel.pb.go:527.51,527.88 1 0
github.com/piplabs/story/client/x/dkg/types/kernel.pb.go:528.52,528.53 0 0
github.com/piplabs/story/client/x/dkg/types/kernel.pb.go:529.62,531.2 1 0
github.com/piplabs/story/client/x/dkg/types/kernel.pb.go:532.65,534.2 1 0
github.com/piplabs/story/client/x/dkg/types/kernel.pb.go:535.93,536.19 1 0
github.com/piplabs/story/client/x/dkg/types/kernel.pb.go:536.19,538.3 1 0
github.com/piplabs/story/client/x/dkg/types/kernel.pb.go:538.8,541.17 3 0
github.com/piplabs/story/client/x/dkg/types/kernel.pb.go:541.17,543.4 1 0
github.com/piplabs/story/client/x/dkg/types/kernel.pb.go:544.3,544.20 1 0
github.com/piplabs/story/client/x/dkg/types/kernel.pb.go:547.64,549.2 1 0
github.com/piplabs/story/client/x/dkg/types/kernel.pb.go:550.50,552.2 1 0
github.com/piplabs/story/client/x/dkg/types/kernel.pb.go:553.56,555.2 1 0
github.com/piplabs/story/client/x/dkg/types/kernel.pb.go:559.62,560.14 1 0
github.com/piplabs/story/client/x/dkg/types/kernel.pb.go:560.14,562.3 1 0
github.com/piplabs/story/client/x/dkg/types/kernel.pb.go:563.2,563.12 1 0
github.com/piplabs/story/client/x/dkg/types/kernel.pb.go:566.53,567.14 1 0
github.com/piplabs/story/client/x/dkg/types/kernel.pb.go:567.14,569.3 1 0
github.com/piplabs/story/client/x/dkg/types/kernel.pb.go:570.2,570.10 1 0
github.com/piplabs/story/client/x/dkg/types/kernel.pb.go:573.61,574.14 1 0
github.com/piplabs/story/client/x/dkg/types/kernel.pb.go:574.14,576.3 1 0
github.com/piplabs/story/client/x/dkg/types/kernel.pb.go:577.2,577.12 1 0
github.com/piplabs/story/client/x/dkg/types/kernel.pb.go:580.57,581.14 1 0
github.com/piplabs/story/client/x/dkg/types/kernel.pb.go:581.14,583.3 1 0
github.com/piplabs/story/client/x/dkg/types/kernel.pb.go:584.2,584.14 1 0
github.com/piplabs/story/client/x/dkg/types/kernel.pb.go:591.52,591.87 1 0
github.com/piplabs/story/client/x/dkg/types/kernel.pb.go:592.52,592.89 1 0
github.com/piplabs/story/client/x/dkg/types/kernel.pb.go:593.53,593.54 0 0
github.com/piplabs/story/client/x/dkg/types/kernel.pb.go:594.63,596.2 1 0
github.com/piplabs/story/client/x/dkg/types/kernel.pb.go:597.66,599.2 1 0
github.com/piplabs/story/client/x/dkg/types/kernel.pb.go:600.94,601.19 1 0
github.com/piplabs/story/client/x/dkg/types/kernel.pb.go:601.19,603.3 1 0
github.com/piplabs/story/client/x/dkg/types/kernel.pb.go:603.8,606.17 3 0
github.com/piplabs/story/client/x/dkg/types/kernel.pb.go:606.17,608.4 1 0
github.com/piplabs/story/client/x/dkg/types/kernel.pb.go:609.3,609.20 1 0
github.com/piplabs/story/client/x/dkg/types/kernel.pb.go:612.65,614.2 1 0
github.com/piplabs/story/client/x/dkg/types/kernel.pb.go:615.51,617.2 1 0
github.com/piplabs/story/client/x/dkg/types/kernel.pb.go:618.57,620.2 1 0
github.com/piplabs/story/client/x/dkg/types/kernel.pb.go:624.73,625.14 1 0
github.com/piplabs/story/client/x/dkg/types/kernel.pb.go:625.14,627.3 1 0
github.com/piplabs/story/client/x/dkg/types/kernel.pb.go:628.2,628.12 1 0
github.com/piplabs/story/client/x/dkg/types/kernel.pb.go:638.46,638.75 1 0
github.com/piplabs/story/client/x/dkg/types/kernel.pb.go:639.46,639.83 1 0
github.com/piplabs/story/client/x/dkg/types/kernel.pb.go:640.47,640.48 0 0
github.com/piplabs/story/client/x/dkg/types/kernel.pb.go:641.57,643.2 1 0
github.com/piplabs/story/client/x/dkg/types/kernel.pb.go:644.60,646.2 1 0
github.com/piplabs/story/client/x/dkg/types/kernel.pb.go:647.88,648.19 1 0
github.com/piplabs/story/client/x/dkg/types/kernel.pb.go:648.19,650.3 1 0
github.com/piplabs/story/client/x/dkg/types/kernel.pb.go:650.8,653.17 3 0
github.com/piplabs/story/client/x/dkg/types/kernel.pb.go:653.17,655.4 1 0
github.com/piplabs/story/client/x/dkg/types/kernel.pb.go:656.3,656.20 1 0
github.com/piplabs/story/client/x/dkg/types/kernel.pb.go:659.59,661.2 1 0
github.com/piplabs/story/client/x/dkg/types/kernel.pb.go:662.45,664.2 1 0
github.com/piplabs/story/client/x/dkg/types/kernel.pb.go:665.51,667.2 1 0
github.com/piplabs/story/client/x/dkg/types/kernel.pb.go:671.57,672.14 1 0
github.com/piplabs/story/client/x/dkg/types/kernel.pb.go:672.14,674.3 1 0
github.com/piplabs/story/client/x/dkg/types/kernel.pb.go:675.2,675.12 1 0
github.com/piplabs/story/client/x/dkg/types/kernel.pb.go:678.48,679.14 1 0
github.com/piplabs/story/client/x/dkg/types/kernel.pb.go:679.14,681.3 1 0
github.com/piplabs/story/client/x/dkg/types/kernel.pb.go:682.2,682.10 1 0
github.com/piplabs/story/client/x/dkg/types/kernel.pb.go:685.52,686.14 1 0
github.com/piplabs/story/client/x/dkg/types/kernel.pb.go:686.14,688.3 1 0
github.com/piplabs/story/client/x/dkg/types/kernel.pb.go:689.2,689.14 1 0
github.com/piplabs/story/client/x/dkg/types/kernel.pb.go:703.47,703.77 1 0
github.com/piplabs/story/client/x/dkg/types/kernel.pb.go:704.47,704.84 1 0
github.com/piplabs/story/client/x/dkg/types/kernel.pb.go:705.48,705.49 0 0
github.com/piplabs/story/client/x/dkg/types/kernel.pb.go:706.58,708.2 1 0
[...]
github.com/piplabs/story/client/x/dkg/types/vote.pb.go:272.69,274.2 1 0
github.com/piplabs/story/client/x/dkg/types/vote.pb.go:276.163,278.32 2 0
github.com/piplabs/story/client/x/dkg/types/vote.pb.go:278.32,280.3 1 0
github.com/piplabs/story/client/x/dkg/types/vote.pb.go:281.2,281.24 1 0
github.com/piplabs/story/client/x/dkg/types/vote.pb.go:281.24,283.3 1 0
github.com/piplabs/story/client/x/dkg/types/vote.pb.go:284.2,288.77 2 0
github.com/piplabs/story/client/x/dkg/types/vote.pb.go:288.77,290.3 1 0
github.com/piplabs/story/client/x/dkg/types/vote.pb.go:291.2,291.44 1 0
github.com/piplabs/story/client/x/dkg/types/vote.pb.go:308.51,312.16 4 0
github.com/piplabs/story/client/x/dkg/types/vote.pb.go:312.16,314.3 1 0
github.com/piplabs/story/client/x/dkg/types/vote.pb.go:315.2,315.22 1 0
github.com/piplabs/story/client/x/dkg/types/vote.pb.go:318.52,321.2 2 0
github.com/piplabs/story/client/x/dkg/types/vote.pb.go:323.63,328.31 5 0
github.com/piplabs/story/client/x/dkg/types/vote.pb.go:328.31,329.63 1 0
github.com/piplabs/story/client/x/dkg/types/vote.pb.go:329.63,330.4 1 0
github.com/piplabs/story/client/x/dkg/types/vote.pb.go:330.4,332.19 2 0
github.com/piplabs/story/client/x/dkg/types/vote.pb.go:332.19,334.6 1 0
github.com/piplabs/story/client/x/dkg/types/vote.pb.go:335.5,336.48 2 0
github.com/piplabs/story/client/x/dkg/types/vote.pb.go:338.4,339.18 2 0
github.com/piplabs/story/client/x/dkg/types/vote.pb.go:342.2,342.26 1 0
github.com/piplabs/story/client/x/dkg/types/vote.pb.go:342.26,343.58 1 0
github.com/piplabs/story/client/x/dkg/types/vote.pb.go:343.58,344.4 1 0
github.com/piplabs/story/client/x/dkg/types/vote.pb.go:344.4,346.19 2 0
github.com/piplabs/story/client/x/dkg/types/vote.pb.go:346.19,348.6 1 0
github.com/piplabs/story/client/x/dkg/types/vote.pb.go:349.5,350.48 2 0
github.com/piplabs/story/client/x/dkg/types/vote.pb.go:352.4,353.18 2 0
github.com/piplabs/story/client/x/dkg/types/vote.pb.go:356.2,356.22 1 0
github.com/piplabs/story/client/x/dkg/types/vote.pb.go:356.22,357.54 1 0
github.com/piplabs/story/client/x/dkg/types/vote.pb.go:357.54,358.4 1 0
github.com/piplabs/story/client/x/dkg/types/vote.pb.go:358.4,360.19 2 0
github.com/piplabs/story/client/x/dkg/types/vote.pb.go:360.19,362.6 1 0
github.com/piplabs/story/client/x/dkg/types/vote.pb.go:363.5,364.48 2 0
github.com/piplabs/story/client/x/dkg/types/vote.pb.go:366.4,367.17 2 0
github.com/piplabs/story/client/x/dkg/types/vote.pb.go:370.2,370.27 1 0
github.com/piplabs/story/client/x/dkg/types/vote.pb.go:373.60,377.16 4 0
github.com/piplabs/story/client/x/dkg/types/vote.pb.go:377.16,379.3 1 0
github.com/piplabs/story/client/x/dkg/types/vote.pb.go:380.2,380.22 1 0
github.com/piplabs/story/client/x/dkg/types/vote.pb.go:383.61,386.2 2 0
github.com/piplabs/story/client/x/dkg/types/vote.pb.go:388.72,393.19 5 0
github.com/piplabs/story/client/x/dkg/types/vote.pb.go:393.19,394.3 1 0
github.com/piplabs/story/client/x/dkg/types/vote.pb.go:394.3,396.18 2 0
github.com/piplabs/story/client/x/dkg/types/vote.pb.go:396.18,398.5 1 0
github.com/piplabs/story/client/x/dkg/types/vote.pb.go:399.4,400.47 2 0
github.com/piplabs/story/client/x/dkg/types/vote.pb.go:402.3,403.17 2 0
github.com/piplabs/story/client/x/dkg/types/vote.pb.go:405.2,405.26 1 0
github.com/piplabs/story/client/x/dkg/types/vote.pb.go:405.26,411.3 5 0
github.com/piplabs/story/client/x/dkg/types/vote.pb.go:412.2,412.27 1 0
github.com/piplabs/story/client/x/dkg/types/vote.pb.go:415.65,419.16 4 0
github.com/piplabs/story/client/x/dkg/types/vote.pb.go:419.16,421.3 1 0
github.com/piplabs/story/client/x/dkg/types/vote.pb.go:422.2,422.22 1 0
github.com/piplabs/story/client/x/dkg/types/vote.pb.go:425.66,428.2 2 0
github.com/piplabs/story/client/x/dkg/types/vote.pb.go:430.77,436.2 5 0
github.com/piplabs/story/client/x/dkg/types/vote.pb.go:438.62,441.16 3 0
github.com/piplabs/story/client/x/dkg/types/vote.pb.go:441.16,445.3 3 0
github.com/piplabs/story/client/x/dkg/types/vote.pb.go:446.2,447.13 2 0
github.com/piplabs/story/client/x/dkg/types/vote.pb.go:449.31,450.14 1 0
github.com/piplabs/story/client/x/dkg/types/vote.pb.go:450.14,452.3 1 0
github.com/piplabs/story/client/x/dkg/types/vote.pb.go:453.2,455.22 3 0
github.com/piplabs/story/client/x/dkg/types/vote.pb.go:455.22,456.29 1 0
github.com/piplabs/story/client/x/dkg/types/vote.pb.go:456.29,459.4 2 0
github.com/piplabs/story/client/x/dkg/types/vote.pb.go:461.2,461.26 1 0
github.com/piplabs/story/client/x/dkg/types/vote.pb.go:461.26,462.33 1 0
github.com/piplabs/story/client/x/dkg/types/vote.pb.go:462.33,465.4 2 0
github.com/piplabs/story/client/x/dkg/types/vote.pb.go:467.2,467.31 1 0
github.com/piplabs/story/client/x/dkg/types/vote.pb.go:467.31,468.38 1 0
github.com/piplabs/story/client/x/dkg/types/vote.pb.go:468.38,471.4 2 0
github.com/piplabs/story/client/x/dkg/types/vote.pb.go:473.2,473.10 1 0
github.com/piplabs/story/client/x/dkg/types/vote.pb.go:476.40,477.14 1 0
github.com/piplabs/story/client/x/dkg/types/vote.pb.go:477.14,479.3 1 0
github.com/piplabs/story/client/x/dkg/types/vote.pb.go:480.2,483.11 4 0
github.com/piplabs/story/client/x/dkg/types/vote.pb.go:483.11,485.3 1 0
github.com/piplabs/story/client/x/dkg/types/vote.pb.go:486.2,486.19 1 0
github.com/piplabs/story/client/x/dkg/types/vote.pb.go:486.19,489.3 2 0
github.com/piplabs/story/client/x/dkg/types/vote.pb.go:490.2,490.10 1 0
github.com/piplabs/story/client/x/dkg/types/vote.pb.go:493.45,494.14 1 0
github.com/piplabs/story/client/x/dkg/types/vote.pb.go:494.14,496.3 1 0
github.com/piplabs/story/client/x/dkg/types/vote.pb.go:497.2,499.10 3 0
github.com/piplabs/story/client/x/dkg/types/vote.pb.go:502.32,504.2 1 0
github.com/piplabs/story/client/x/dkg/types/vote.pb.go:505.32,507.2 1 0
github.com/piplabs/story/client/x/dkg/types/vote.pb.go:508.45,511.16 3 0
github.com/piplabs/story/client/x/dkg/types/vote.pb.go:511.16,514.38 3 0
github.com/piplabs/story/client/x/dkg/types/vote.pb.go:514.38,515.19 1 0
github.com/piplabs/story/client/x/dkg/types/vote.pb.go:515.19,517.5 1 0
github.com/piplabs/story/client/x/dkg/types/vote.pb.go:518.4,518.18 1 0
github.com/piplabs/story/client/x/dkg/types/vote.pb.go:518.18,520.5 1 0
github.com/piplabs/story/client/x/dkg/types/vote.pb.go:521.4,524.16 4 0
github.com/piplabs/story/client/x/dkg/types/vote.pb.go:524.16,525.10 1 0
github.com/piplabs/story/client/x/dkg/types/vote.pb.go:528.3,530.20 3 0
github.com/piplabs/story/client/x/dkg/types/vote.pb.go:530.20,532.4 1 0
github.com/piplabs/story/client/x/dkg/types/vote.pb.go:533.3,533.20 1 0
github.com/piplabs/story/client/x/dkg/types/vote.pb.go:533.20,535.4 1 0
github.com/piplabs/story/client/x/dkg/types/vote.pb.go:536.3,536.19 1 0
github.com/piplabs/story/client/x/dkg/types/vote.pb.go:537.10,538.21 1 0
github.com/piplabs/story/client/x/dkg/types/vote.pb.go:538.21,540.5 1 0
github.com/piplabs/story/client/x/dkg/types/vote.pb.go:541.4,542.39 2 0
github.com/piplabs/story/client/x/dkg/types/vote.pb.go:542.39,543.20 1 0
github.com/piplabs/story/client/x/dkg/types/vote.pb.go:543.20,545.6 1 0
github.com/piplabs/story/client/x/dkg/types/vote.pb.go:546.5,546.19 1 0
github.com/piplabs/story/client/x/dkg/types/vote.pb.go:546.19,548.6 1 0
github.com/piplabs/story/client/x/dkg/types/vote.pb.go:549.5,552.17 4 0
github.com/piplabs/story/client/x/dkg/types/vote.pb.go:552.17,553.11 1 0
github.com/piplabs/story/client/x/dkg/types/vote.pb.go:556.4,556.18 1 0
github.com/piplabs/story/client/x/dkg/types/vote.pb.go:556.18,558.5 1 0
github.com/piplabs/story/client/x/dkg/types/vote.pb.go:559.4,560.21 2 0
github.com/piplabs/story/client/x/dkg/types/vote.pb.go:560.21,562.5 1 0
github.com/piplabs/story/client/x/dkg/types/vote.pb.go:563.4,563.21 1 0
github.com/piplabs/story/client/x/dkg/types/vote.pb.go:563.21,565.5 1 0
github.com/piplabs/story/client/x/dkg/types/vote.pb.go:566.4,567.83 2 0
github.com/piplabs/story/client/x/dkg/types/vote.pb.go:567.83,569.5 1 0
github.com/piplabs/story/client/x/dkg/types/vote.pb.go:570.4,570.21 1 0
github.com/piplabs/story/client/x/dkg/types/vote.pb.go:571.10,572.21 1 0
github.com/piplabs/story/client/x/dkg/types/vote.pb.go:572.21,574.5 1 0
github.com/piplabs/story/client/x/dkg/types/vote.pb.go:575.4,576.39 2 0
github.com/piplabs/story/client/x/dkg/types/vote.pb.go:576.39,577.20 1 0
github.com/piplabs/story/client/x/dkg/types/vote.pb.go:577.20,579.6 1 0
github.com/piplabs/story/client/x/dkg/types/vote.pb.go:580.5,580.19 1 0
github.com/piplabs/story/client/x/dkg/types/vote.pb.go:580.19,582.6 1 0
github.com/piplabs/story/client/x/dkg/types/vote.pb.go:583.5,586.17 4 0
github.com/piplabs/story/client/x/dkg/types/vote.pb.go:586.17,587.11 1 0
github.com/piplabs/story/client/x/dkg/types/vote.pb.go:590.4,590.18 1 0
github.com/piplabs/story/client/x/dkg/types/vote.pb.go:590.18,592.5 1 0
github.com/piplabs/story/client/x/dkg/types/vote.pb.go:593.4,594.21 2 0
github.com/piplabs/story/client/x/dkg/types/vote.pb.go:594.21,596.5 1 0
github.com/piplabs/story/client/x/dkg/types/vote.pb.go:597.4,597.21 1 0
github.com/piplabs/story/client/x/dkg/types/vote.pb.go:597.21,599.5 1 0
github.com/piplabs/story/client/x/dkg/types/vote.pb.go:600.4,601.91 2 0
github.com/piplabs/story/client/x/dkg/types/vote.pb.go:601.91,603.5 1 0
github.com/piplabs/story/client/x/dkg/types/vote.pb.go:604.4,604.21 1 0
github.com/piplabs/story/client/x/dkg/types/vote.pb.go:605.10,606.21 1 0
github.com/piplabs/story/client/x/dkg/types/vote.pb.go:606.21,608.5 1 0
github.com/piplabs/story/client/x/dkg/types/vote.pb.go:609.4,610.39 2 0
github.com/piplabs/story/client/x/dkg/types/vote.pb.go:610.39,611.20 1 0
github.com/piplabs/story/client/x/dkg/types/vote.pb.go:611.20,613.6 1 0
github.com/piplabs/story/client/x/dkg/types/vote.pb.go:614.5,614.19 1 0
github.com/piplabs/story/client/x/dkg/types/vote.pb.go:614.19,616.6 1 0
github.com/piplabs/story/client/x/dkg/types/vote.pb.go:617.5,620.17 4 0
github.com/piplabs/story/client/x/dkg/types/vote.pb.go:620.17,621.11 1 0
github.com/piplabs/story/client/x/dkg/types/vote.pb.go:624.4,624.18 1 0
github.com/piplabs/story/client/x/dkg/types/vote.pb.go:624.18,626.5 1 0
github.com/piplabs/story/client/x/dkg/types/vote.pb.go:627.4,628.21 2 0
github.com/piplabs/story/client/x/dkg/types/vote.pb.go:628.21,630.5 1 0
github.com/piplabs/story/client/x/dkg/types/vote.pb.go:631.4,631.21 1 0
github.com/piplabs/story/client/x/dkg/types/vote.pb.go:631.21,633.5 1 0
github.com/piplabs/story/client/x/dkg/types/vote.pb.go:634.4,635.101 2 0
github.com/piplabs/story/client/x/dkg/types/vote.pb.go:635.101,637.5 1 0
github.com/piplabs/story/client/x/dkg/types/vote.pb.go:638.4,638.21 1 0
github.com/piplabs/story/client/x/dkg/types/vote.pb.go:639.11,642.18 3 0
github.com/piplabs/story/client/x/dkg/types/vote.pb.go:642.18,644.5 1 0
github.com/piplabs/story/client/x/dkg/types/vote.pb.go:645.4,645.42 1 0
github.com/piplabs/story/client/x/dkg/types/vote.pb.go:645.42,647.5 1 0
github.com/piplabs/story/client/x/dkg/types/vote.pb.go:648.4,648.28 1 0
github.com/piplabs/story/client/x/dkg/types/vote.pb.go:648.28,650.5 1 0
github.com/piplabs/story/client/x/dkg/types/vote.pb.go:651.4,651.19 1 0
github.com/piplabs/story/client/x/dkg/types/vote.pb.go:655.2,655.15 1 0
github.com/piplabs/story/client/x/dkg/types/vote.pb.go:655.15,657.3 1 0
github.com/piplabs/story/client/x/dkg/types/vote.pb.go:658.2,658.12 1 0
github.com/piplabs/story/client/x/dkg/types/vote.pb.go:660.54,663.16 3 0
github.com/piplabs/story/client/x/dkg/types/vote.pb.go:663.16,666.38 3 0
github.com/piplabs/story/client/x/dkg/types/vote.pb.go:666.38,667.19 1 0
github.com/piplabs/story/client/x/dkg/types/vote.pb.go:667.19,669.5 1 0
github.com/piplabs/story/client/x/dkg/types/vote.pb.go:670.4,670.18 1 0
github.com/piplabs/story/client/x/dkg/types/vote.pb.go:670.18,672.5 1 0
github.com/piplabs/story/client/x/dkg/types/vote.pb.go:673.4,676.16 4 0
github.com/piplabs/story/client/x/dkg/types/vote.pb.go:676.16,677.10 1 0
github.com/piplabs/story/client/x/dkg/types/vote.pb.go:680.3,682.20 3 0
github.com/piplabs/story/client/x/dkg/types/vote.pb.go:682.20,684.4 1 0
github.com/piplabs/story/client/x/dkg/types/vote.pb.go:685.3,685.20 1 0
github.com/piplabs/story/client/x/dkg/types/vote.pb.go:685.20,687.4 1 0
github.com/piplabs/story/client/x/dkg/types/vote.pb.go:688.3,688.19 1 0
github.com/piplabs/story/client/x/dkg/types/vote.pb.go:689.10,690.21 1 0
github.com/piplabs/story/client/x/dkg/types/vote.pb.go:690.21,692.5 1 0
github.com/piplabs/story/client/x/dkg/types/vote.pb.go:693.4,694.39 2 0
github.com/piplabs/story/client/x/dkg/types/vote.pb.go:694.39,695.20 1 0
github.com/piplabs/story/client/x/dkg/types/vote.pb.go:695.20,697.6 1 0
github.com/piplabs/story/client/x/dkg/types/vote.pb.go:698.5,698.19 1 0
github.com/piplabs/story/client/x/dkg/types/vote.pb.go:698.19,700.6 1 0
github.com/piplabs/story/client/x/dkg/types/vote.pb.go:701.5,704.17 4 0
github.com/piplabs/story/client/x/dkg/types/vote.pb.go:704.17,705.11 1 0
github.com/piplabs/story/client/x/dkg/types/vote.pb.go:708.4,709.24 2 0
github.com/piplabs/story/client/x/dkg/types/vote.pb.go:709.24,711.5 1 0
github.com/piplabs/story/client/x/dkg/types/vote.pb.go:712.4,713.21 2 0
github.com/piplabs/story/client/x/dkg/types/vote.pb.go:713.21,715.5 1 0
github.com/piplabs/story/client/x/dkg/types/vote.pb.go:716.4,716.21 1 0
github.com/piplabs/story/client/x/dkg/types/vote.pb.go:716.21,718.5 1 0
github.com/piplabs/story/client/x/dkg/types/vote.pb.go:719.4,720.21 2 0
github.com/piplabs/story/client/x/dkg/types/vote.pb.go:721.10,722.21 1 0
github.com/piplabs/story/client/x/dkg/types/vote.pb.go:722.21,724.5 1 0
github.com/piplabs/story/client/x/dkg/types/vote.pb.go:725.4,726.39 2 0
github.com/piplabs/story/client/x/dkg/types/vote.pb.go:726.39,727.20 1 0
github.com/piplabs/story/client/x/dkg/types/vote.pb.go:727.20,729.6 1 0
github.com/piplabs/story/client/x/dkg/types/vote.pb.go:730.5,730.19 1 0
github.com/piplabs/story/client/x/dkg/types/vote.pb.go:730.19,732.6 1 0
github.com/piplabs/story/client/x/dkg/types/vote.pb.go:733.5,736.17 4 0
github.com/piplabs/story/client/x/dkg/types/vote.pb.go:736.17,737.11 1 0
github.com/piplabs/story/client/x/dkg/types/vote.pb.go:740.4,740.18 1 0
github.com/piplabs/story/client/x/dkg/types/vote.pb.go:740.18,742.5 1 0
github.com/piplabs/story/client/x/dkg/types/vote.pb.go:743.4,744.21 2 0
github.com/piplabs/story/client/x/dkg/types/vote.pb.go:744.21,746.5 1 0
github.com/piplabs/story/client/x/dkg/types/vote.pb.go:747.4,747.21 1 0
github.com/piplabs/story/client/x/dkg/types/vote.pb.go:747.21,749.5 1 0
github.com/piplabs/story/client/x/dkg/types/vote.pb.go:750.4,750.21 1 0
github.com/piplabs/story/client/x/dkg/types/vote.pb.go:750.21,752.5 1 0
github.com/piplabs/story/client/x/dkg/types/vote.pb.go:753.4,753.66 1 0
github.com/piplabs/story/client/x/dkg/types/vote.pb.go:753.66,755.5 1 0
github.com/piplabs/story/client/x/dkg/types/vote.pb.go:756.4,756.21 1 0
github.com/piplabs/story/client/x/dkg/types/vote.pb.go:757.11,760.18 3 0
github.com/piplabs/story/client/x/dkg/types/vote.pb.go:760.18,762.5 1 0
github.com/piplabs/story/client/x/dkg/types/vote.pb.go:763.4,763.42 1 0
github.com/piplabs/story/client/x/dkg/types/vote.pb.go:763.42,765.5 1 0
github.com/piplabs/story/client/x/dkg/types/vote.pb.go:766.4,766.28 1 0
github.com/piplabs/story/client/x/dkg/types/vote.pb.go:766.28,768.5 1 0
github.com/piplabs/story/client/x/dkg/types/vote.pb.go:769.4,769.19 1 0
github.com/piplabs/story/client/x/dkg/types/vote.pb.go:773.2,773.15 1 0
github.com/piplabs/story/client/x/dkg/types/vote.pb.go:773.15,775.3 1 0
github.com/piplabs/story/client/x/dkg/types/vote.pb.go:776.2,776.12 1 0
github.com/piplabs/story/client/x/dkg/types/vote.pb.go:778.59,781.16 3 0
github.com/piplabs/story/client/x/dkg/types/vote.pb.go:781.16,784.38 3 0
github.com/piplabs/story/client/x/dkg/types/vote.pb.go:784.38,785.19 1 0
github.com/piplabs/story/client/x/dkg/types/vote.pb.go:785.19,787.5 1 0
github.com/piplabs/story/client/x/dkg/types/vote.pb.go:788.4,788.18 1 0
github.com/piplabs/story/client/x/dkg/types/vote.pb.go:788.18,790.5 1 0
github.com/piplabs/story/client/x/dkg/types/vote.pb.go:791.4,794.16 4 0
github.com/piplabs/story/client/x/dkg/types/vote.pb.go:794.16,795.10 1 0
github.com/piplabs/story/client/x/dkg/types/vote.pb.go:798.3,800.20 3 0
github.com/piplabs/story/client/x/dkg/types/vote.pb.go:800.20,802.4 1 0
github.com/piplabs/story/client/x/dkg/types/vote.pb.go:803.3,803.20 1 0
github.com/piplabs/story/client/x/dkg/types/vote.pb.go:803.20,805.4 1 0
github.com/piplabs/story/client/x/dkg/types/vote.pb.go:806.3,806.19 1 0
github.com/piplabs/story/client/x/dkg/types/vote.pb.go:807.11,810.18 3 0
github.com/piplabs/story/client/x/dkg/types/vote.pb.go:810.18,812.5 1 0
github.com/piplabs/story/client/x/dkg/types/vote.pb.go:813.4,813.42 1 0
github.com/piplabs/story/client/x/dkg/types/vote.pb.go:813.42,815.5 1 0
github.com/piplabs/story/client/x/dkg/types/vote.pb.go:816.4,816.28 1 0
github.com/piplabs/story/client/x/dkg/types/vote.pb.go:816.28,818.5 1 0
github.com/piplabs/story/client/x/dkg/types/vote.pb.go:819.4,819.19 1 0
github.com/piplabs/story/client/x/dkg/types/vote.pb.go:823.2,823.15 1 0
github.com/piplabs/story/client/x/dkg/types/vote.pb.go:823.15,825.3 1 0
github.com/piplabs/story/client/x/dkg/types/vote.pb.go:826.2,826.12 1 0
github.com/piplabs/story/client/x/dkg/types/vote.pb.go:828.47,832.16 4 0
github.com/piplabs/story/client/x/dkg/types/vote.pb.go:832.16,834.38 2 0
github.com/piplabs/story/client/x/dkg/types/vote.pb.go:834.38,835.19 1 0
github.com/piplabs/story/client/x/dkg/types/vote.pb.go:835.19,837.5 1 0
github.com/piplabs/story/client/x/dkg/types/vote.pb.go:838.4,838.18 1 0
github.com/piplabs/story/client/x/dkg/types/vote.pb.go:838.18,840.5 1 0
github.com/piplabs/story/client/x/dkg/types/vote.pb.go:841.4,844.16 4 0
github.com/piplabs/story/client/x/dkg/types/vote.pb.go:844.16,845.10 1 0
github.com/piplabs/story/client/x/dkg/types/vote.pb.go:848.3,849.19 2 0
github.com/piplabs/story/client/x/dkg/types/vote.pb.go:850.10,851.39 1 0
github.com/piplabs/story/client/x/dkg/types/vote.pb.go:851.39,852.20 1 0
github.com/piplabs/story/client/x/dkg/types/vote.pb.go:852.20,854.6 1 0
github.com/piplabs/story/client/x/dkg/types/vote.pb.go:855.5,855.19 1 0
github.com/piplabs/story/client/x/dkg/types/vote.pb.go:855.19,857.6 1 0
github.com/piplabs/story/client/x/dkg/types/vote.pb.go:858.5,859.29 2 0
github.com/piplabs/story/client/x/dkg/types/vote.pb.go:859.29,860.11 1 0
github.com/piplabs/story/client/x/dkg/types/vote.pb.go:863.10,864.14 1 0
github.com/piplabs/story/client/x/dkg/types/vote.pb.go:865.10,867.39 2 0
github.com/piplabs/story/client/x/dkg/types/vote.pb.go:867.39,868.20 1 0
github.com/piplabs/story/client/x/dkg/types/vote.pb.go:868.20,870.6 1 0
github.com/piplabs/story/client/x/dkg/types/vote.pb.go:871.5,871.19 1 0
github.com/piplabs/story/client/x/dkg/types/vote.pb.go:871.19,873.6 1 0
github.com/piplabs/story/client/x/dkg/types/vote.pb.go:874.5,877.17 4 0
github.com/piplabs/story/client/x/dkg/types/vote.pb.go:877.17,878.11 1 0
github.com/piplabs/story/client/x/dkg/types/vote.pb.go:881.4,881.18 1 0
github.com/piplabs/story/client/x/dkg/types/vote.pb.go:881.18,883.5 1 0
github.com/piplabs/story/client/x/dkg/types/vote.pb.go:884.4,884.19 1 0
github.com/piplabs/story/client/x/dkg/types/vote.pb.go:885.10,886.11 1 0
github.com/piplabs/story/client/x/dkg/types/vote.pb.go:887.10,888.18 1 0
github.com/piplabs/story/client/x/dkg/types/vote.pb.go:888.18,890.5 1 0
github.com/piplabs/story/client/x/dkg/types/vote.pb.go:891.4,891.11 1 0
github.com/piplabs/story/client/x/dkg/types/vote.pb.go:892.10,893.14 1 0
github.com/piplabs/story/client/x/dkg/types/vote.pb.go:894.11,895.64 1 0
github.com/piplabs/story/client/x/dkg/types/vote.pb.go:897.3,897.16 1 0
github.com/piplabs/story/client/x/dkg/types/vote.pb.go:897.16,899.4 1 0
github.com/piplabs/story/client/x/dkg/types/vote.pb.go:900.3,900.17 1 0
github.com/piplabs/story/client/x/dkg/types/vote.pb.go:900.17,902.4 1 0
github.com/piplabs/story/client/x/dkg/types/vote.pb.go:904.2,904.31 1 0
