mode: set
github.com/piplabs/story/client/x/dkg/keeper/abci.go:13.58,18.16 4 1
github.com/piplabs/story/client/x/dkg/keeper/abci.go:18.16,20.3 1 0
github.com/piplabs/story/client/x/dkg/keeper/abci.go:22.2,23.16 2 1
github.com/piplabs/story/client/x/dkg/keeper/abci.go:23.16,25.3 1 0
github.com/piplabs/story/client/x/dkg/keeper/abci.go:27.2,27.24 1 1
github.com/piplabs/story/client/x/dkg/keeper/abci.go:27.24,32.3 2 1
github.com/piplabs/story/client/x/dkg/keeper/abci.go:37.2,38.16 2 1
github.com/piplabs/story/client/x/dkg/keeper/abci.go:38.16,40.3 1 0
github.com/piplabs/story/client/x/dkg/keeper/abci.go:42.2,42.24 1 1
github.com/piplabs/story/client/x/dkg/keeper/abci.go:42.24,52.66 3 1
github.com/piplabs/story/client/x/dkg/keeper/abci.go:52.66,54.4 1 0
github.com/piplabs/story/client/x/dkg/keeper/abci.go:56.3,56.39 1 1
github.com/piplabs/story/client/x/dkg/keeper/abci.go:61.2,61.68 1 1
github.com/piplabs/story/client/x/dkg/keeper/abci.go:61.68,62.84 1 1
github.com/piplabs/story/client/x/dkg/keeper/abci.go:62.84,64.4 1 0
github.com/piplabs/story/client/x/dkg/keeper/abci.go:67.2,67.23 1 1
github.com/piplabs/story/client/x/dkg/keeper/abci.go:67.23,74.3 2 1
github.com/piplabs/story/client/x/dkg/keeper/abci.go:76.2,77.22 2 1
github.com/piplabs/story/client/x/dkg/keeper/abci.go:77.22,80.59 2 1
github.com/piplabs/story/client/x/dkg/keeper/abci.go:80.59,82.4 1 0
github.com/piplabs/story/client/x/dkg/keeper/abci.go:85.3,85.20 1 1
github.com/piplabs/story/client/x/dkg/keeper/abci.go:86.35,90.41 1 1
github.com/piplabs/story/client/x/dkg/keeper/abci.go:91.30,92.43 1 1
github.com/piplabs/story/client/x/dkg/keeper/abci.go:93.35,94.48 1 1
github.com/piplabs/story/client/x/dkg/keeper/abci.go:95.29,96.47 1 1
github.com/piplabs/story/client/x/dkg/keeper/abci.go:97.34,99.14 1 0
github.com/piplabs/story/client/x/dkg/keeper/abci.go:103.2,103.12 1 1
github.com/piplabs/story/client/x/dkg/keeper/abci.go:110.122,112.16 2 1
github.com/piplabs/story/client/x/dkg/keeper/abci.go:112.16,114.3 1 0
github.com/piplabs/story/client/x/dkg/keeper/abci.go:116.2,116.72 1 1
github.com/piplabs/story/client/x/dkg/keeper/abci.go:116.72,118.3 1 1
github.com/piplabs/story/client/x/dkg/keeper/abci.go:121.2,121.29 1 1
github.com/piplabs/story/client/x/dkg/keeper/abci.go:121.29,123.3 1 0
github.com/piplabs/story/client/x/dkg/keeper/abci.go:125.2,125.25 1 1
github.com/piplabs/story/client/x/dkg/keeper/contract_client.go:87.130,89.16 2 0
github.com/piplabs/story/client/x/dkg/keeper/contract_client.go:89.16,91.3 1 0
github.com/piplabs/story/client/x/dkg/keeper/contract_client.go:93.2,96.16 3 0
github.com/piplabs/story/client/x/dkg/keeper/contract_client.go:96.16,98.3 1 0
github.com/piplabs/story/client/x/dkg/keeper/contract_client.go:100.2,101.16 2 0
github.com/piplabs/story/client/x/dkg/keeper/contract_client.go:101.16,103.3 1 0
github.com/piplabs/story/client/x/dkg/keeper/contract_client.go:105.2,108.16 3 0
github.com/piplabs/story/client/x/dkg/keeper/contract_client.go:108.16,110.3 1 0
github.com/piplabs/story/client/x/dkg/keeper/contract_client.go:112.2,113.16 2 0
github.com/piplabs/story/client/x/dkg/keeper/contract_client.go:113.16,115.3 1 0
github.com/piplabs/story/client/x/dkg/keeper/contract_client.go:117.2,118.16 2 0
github.com/piplabs/story/client/x/dkg/keeper/contract_client.go:118.16,120.3 1 0
github.com/piplabs/story/client/x/dkg/keeper/contract_client.go:122.2,125.9 3 0
github.com/piplabs/story/client/x/dkg/keeper/contract_client.go:125.9,127.3 1 0
github.com/piplabs/story/client/x/dkg/keeper/contract_client.go:129.2,153.20 5 0
github.com/piplabs/story/client/x/dkg/keeper/contract_client.go:157.223,169.16 3 1
github.com/piplabs/story/client/x/dkg/keeper/contract_client.go:169.16,171.3 1 1
github.com/piplabs/story/client/x/dkg/keeper/contract_client.go:173.2,184.16 4 1
github.com/piplabs/story/client/x/dkg/keeper/contract_client.go:184.16,186.3 1 0
github.com/piplabs/story/client/x/dkg/keeper/contract_client.go:189.2,190.16 2 1
github.com/piplabs/story/client/x/dkg/keeper/contract_client.go:190.16,192.3 1 1
github.com/piplabs/story/client/x/dkg/keeper/contract_client.go:194.2,196.134 2 1
github.com/piplabs/story/client/x/dkg/keeper/contract_client.go:196.134,198.3 1 1
github.com/piplabs/story/client/x/dkg/keeper/contract_client.go:211.27,221.16 3 1
github.com/piplabs/story/client/x/dkg/keeper/contract_client.go:221.16,223.3 1 1
github.com/piplabs/story/client/x/dkg/keeper/contract_client.go:225.2,226.16 2 1
github.com/piplabs/story/client/x/dkg/keeper/contract_client.go:226.16,228.3 1 0
github.com/piplabs/story/client/x/dkg/keeper/contract_client.go:231.2,232.16 2 1
github.com/piplabs/story/client/x/dkg/keeper/contract_client.go:232.16,234.3 1 1
github.com/piplabs/story/client/x/dkg/keeper/contract_client.go:236.2,238.134 2 1
github.com/piplabs/story/client/x/dkg/keeper/contract_client.go:238.134,240.3 1 1
github.com/piplabs/story/client/x/dkg/keeper/contract_client.go:255.27,269.16 3 1
github.com/piplabs/story/client/x/dkg/keeper/contract_client.go:269.16,271.3 1 0
github.com/piplabs/story/client/x/dkg/keeper/contract_client.go:273.2,274.16 2 1
github.com/piplabs/story/client/x/dkg/keeper/contract_client.go:274.16,276.3 1 1
github.com/piplabs/story/client/x/dkg/keeper/contract_client.go:278.2,280.158 2 1
github.com/piplabs/story/client/x/dkg/keeper/contract_client.go:280.158,282.3 1 1
github.com/piplabs/story/client/x/dkg/keeper/contract_client.go:287.127,289.16 2 1
github.com/piplabs/story/client/x/dkg/keeper/contract_client.go:289.16,291.3 1 1
github.com/piplabs/story/client/x/dkg/keeper/contract_client.go:293.2,294.16 2 1
github.com/piplabs/story/client/x/dkg/keeper/contract_client.go:294.16,296.3 1 1
github.com/piplabs/story/client/x/dkg/keeper/contract_client.go:298.2,299.16 2 1
github.com/piplabs/story/client/x/dkg/keeper/contract_client.go:299.16,301.3 1 0
github.com/piplabs/story/client/x/dkg/keeper/contract_client.go:303.2,303.18 1 1
github.com/piplabs/story/client/x/dkg/keeper/contract_client.go:303.18,305.3 1 1
github.com/piplabs/story/client/x/dkg/keeper/contract_client.go:307.2,313.18 6 1
github.com/piplabs/story/client/x/dkg/keeper/contract_client.go:317.133,326.16 3 1
github.com/piplabs/story/client/x/dkg/keeper/contract_client.go:326.16,328.3 1 1
github.com/piplabs/story/client/x/dkg/keeper/contract_client.go:331.2,331.32 1 1
github.com/piplabs/story/client/x/dkg/keeper/contract_client.go:335.113,343.16 4 1
github.com/piplabs/story/client/x/dkg/keeper/contract_client.go:343.16,345.3 1 1
github.com/piplabs/story/client/x/dkg/keeper/contract_client.go:347.2,349.21 2 1
github.com/piplabs/story/client/x/dkg/keeper/contract_client.go:359.27,366.53 2 1
github.com/piplabs/story/client/x/dkg/keeper/contract_client.go:366.53,368.17 2 1
github.com/piplabs/story/client/x/dkg/keeper/contract_client.go:368.17,370.4 1 1
github.com/piplabs/story/client/x/dkg/keeper/contract_client.go:372.3,373.17 2 1
github.com/piplabs/story/client/x/dkg/keeper/contract_client.go:373.17,375.4 1 1
github.com/piplabs/story/client/x/dkg/keeper/contract_client.go:377.3,378.17 2 1
github.com/piplabs/story/client/x/dkg/keeper/contract_client.go:378.17,380.4 1 1
github.com/piplabs/story/client/x/dkg/keeper/contract_client.go:382.3,389.17 3 1
github.com/piplabs/story/client/x/dkg/keeper/contract_client.go:389.17,391.4 1 1
github.com/piplabs/story/client/x/dkg/keeper/contract_client.go:393.3,393.54 1 1
github.com/piplabs/story/client/x/dkg/keeper/contract_client.go:393.54,400.4 2 1
github.com/piplabs/story/client/x/dkg/keeper/contract_client.go:402.3,403.48 2 1
github.com/piplabs/story/client/x/dkg/keeper/contract_client.go:403.48,412.12 2 1
github.com/piplabs/story/client/x/dkg/keeper/contract_client.go:415.3,415.8 1 1
github.com/piplabs/story/client/x/dkg/keeper/contract_client.go:418.2,418.106 1 1
github.com/piplabs/story/client/x/dkg/keeper/dkg_cdr_fees.go:19.57,21.2 1 1
github.com/piplabs/story/client/x/dkg/keeper/dkg_cdr_fees.go:24.78,26.16 2 1
github.com/piplabs/story/client/x/dkg/keeper/dkg_cdr_fees.go:26.16,28.3 1 0
github.com/piplabs/story/client/x/dkg/keeper/dkg_cdr_fees.go:29.2,29.9 1 1
github.com/piplabs/story/client/x/dkg/keeper/dkg_cdr_fees.go:29.9,31.3 1 1
github.com/piplabs/story/client/x/dkg/keeper/dkg_cdr_fees.go:33.2,34.77 2 1
github.com/piplabs/story/client/x/dkg/keeper/dkg_cdr_fees.go:34.77,36.3 1 1
github.com/piplabs/story/client/x/dkg/keeper/dkg_cdr_fees.go:37.2,37.117 1 1
github.com/piplabs/story/client/x/dkg/keeper/dkg_cdr_fees.go:37.117,39.3 1 1
github.com/piplabs/story/client/x/dkg/keeper/dkg_cdr_fees.go:41.2,42.16 2 1
github.com/piplabs/story/client/x/dkg/keeper/dkg_cdr_fees.go:42.16,44.3 1 0
github.com/piplabs/story/client/x/dkg/keeper/dkg_cdr_fees.go:46.2,47.74 2 1
github.com/piplabs/story/client/x/dkg/keeper/dkg_cdr_fees.go:47.74,49.3 1 0
github.com/piplabs/story/client/x/dkg/keeper/dkg_cdr_fees.go:51.2,51.12 1 1
github.com/piplabs/story/client/x/dkg/keeper/dkg_cdr_fees.go:55.101,57.16 2 1
github.com/piplabs/story/client/x/dkg/keeper/dkg_cdr_fees.go:57.16,59.3 1 0
github.com/piplabs/story/client/x/dkg/keeper/dkg_cdr_fees.go:60.2,60.9 1 1
github.com/piplabs/story/client/x/dkg/keeper/dkg_cdr_fees.go:60.9,62.3 1 1
github.com/piplabs/story/client/x/dkg/keeper/dkg_cdr_fees.go:64.2,65.16 2 1
github.com/piplabs/story/client/x/dkg/keeper/dkg_cdr_fees.go:65.16,67.3 1 0
github.com/piplabs/story/client/x/dkg/keeper/dkg_cdr_fees.go:69.2,70.16 2 1
github.com/piplabs/story/client/x/dkg/keeper/dkg_cdr_fees.go:70.16,72.3 1 0
github.com/piplabs/story/client/x/dkg/keeper/dkg_cdr_fees.go:73.2,73.12 1 1
github.com/piplabs/story/client/x/dkg/keeper/dkg_cdr_fees.go:73.12,75.3 1 1
github.com/piplabs/story/client/x/dkg/keeper/dkg_cdr_fees.go:77.2,78.29 2 1
github.com/piplabs/story/client/x/dkg/keeper/dkg_cdr_fees.go:78.29,83.3 1 1
github.com/piplabs/story/client/x/dkg/keeper/dkg_cdr_fees.go:85.2,86.111 2 1
github.com/piplabs/story/client/x/dkg/keeper/dkg_cdr_fees.go:86.111,88.3 1 1
github.com/piplabs/story/client/x/dkg/keeper/dkg_cdr_fees.go:90.2,90.25 1 1
github.com/piplabs/story/client/x/dkg/keeper/dkg_cdr_fees.go:90.25,91.57 1 1
github.com/piplabs/story/client/x/dkg/keeper/dkg_cdr_fees.go:91.57,93.4 1 0
github.com/piplabs/story/client/x/dkg/keeper/dkg_cdr_fees.go:94.3,94.13 1 1
github.com/piplabs/story/client/x/dkg/keeper/dkg_cdr_fees.go:97.2,97.74 1 1
github.com/piplabs/story/client/x/dkg/keeper/dkg_cdr_fees.go:97.74,99.3 1 0
github.com/piplabs/story/client/x/dkg/keeper/dkg_cdr_fees.go:101.2,101.12 1 1
github.com/piplabs/story/client/x/dkg/keeper/dkg_cdr_fees.go:105.102,108.16 3 1
github.com/piplabs/story/client/x/dkg/keeper/dkg_cdr_fees.go:108.16,109.47 1 1
github.com/piplabs/story/client/x/dkg/keeper/dkg_cdr_fees.go:109.47,111.4 1 0
github.com/piplabs/story/client/x/dkg/keeper/dkg_cdr_fees.go:113.3,113.12 1 1
github.com/piplabs/story/client/x/dkg/keeper/dkg_cdr_fees.go:116.2,116.71 1 1
github.com/piplabs/story/client/x/dkg/keeper/dkg_cdr_fees.go:116.71,118.3 1 0
github.com/piplabs/story/client/x/dkg/keeper/dkg_cdr_fees.go:120.2,120.12 1 1
github.com/piplabs/story/client/x/dkg/keeper/dkg_cdr_fees.go:123.69,125.16 2 1
github.com/piplabs/story/client/x/dkg/keeper/dkg_cdr_fees.go:125.16,127.3 1 0
github.com/piplabs/story/client/x/dkg/keeper/dkg_cdr_fees.go:128.2,128.23 1 1
github.com/piplabs/story/client/x/dkg/keeper/dkg_cdr_fees.go:128.23,130.3 1 1
github.com/piplabs/story/client/x/dkg/keeper/dkg_cdr_fees.go:132.2,133.16 2 1
github.com/piplabs/story/client/x/dkg/keeper/dkg_cdr_fees.go:133.16,135.3 1 0
github.com/piplabs/story/client/x/dkg/keeper/dkg_cdr_fees.go:136.2,141.34 4 1
github.com/piplabs/story/client/x/dkg/keeper/dkg_cdr_fees.go:141.34,143.17 2 1
github.com/piplabs/story/client/x/dkg/keeper/dkg_cdr_fees.go:143.17,145.4 1 0
github.com/piplabs/story/client/x/dkg/keeper/dkg_cdr_fees.go:146.3,147.17 2 1
github.com/piplabs/story/client/x/dkg/keeper/dkg_cdr_fees.go:147.17,149.4 1 0
github.com/piplabs/story/client/x/dkg/keeper/dkg_cdr_fees.go:151.3,151.16 1 1
github.com/piplabs/story/client/x/dkg/keeper/dkg_cdr_fees.go:151.16,152.12 1 0
github.com/piplabs/story/client/x/dkg/keeper/dkg_cdr_fees.go:155.3,156.22 2 1
github.com/piplabs/story/client/x/dkg/keeper/dkg_cdr_fees.go:159.2,159.21 1 1
github.com/piplabs/story/client/x/dkg/keeper/dkg_cdr_fees.go:159.21,161.3 1 1
github.com/piplabs/story/client/x/dkg/keeper/dkg_cdr_fees.go:163.2,164.16 2 1
github.com/piplabs/story/client/x/dkg/keeper/dkg_cdr_fees.go:164.16,166.3 1 0
github.com/piplabs/story/client/x/dkg/keeper/dkg_cdr_fees.go:167.2,167.36 1 1
github.com/piplabs/story/client/x/dkg/keeper/dkg_cdr_fees.go:167.36,168.65 1 1
github.com/piplabs/story/client/x/dkg/keeper/dkg_cdr_fees.go:168.65,170.4 1 0
github.com/piplabs/story/client/x/dkg/keeper/dkg_cdr_fees.go:171.3,171.36 1 1
github.com/piplabs/story/client/x/dkg/keeper/dkg_cdr_fees.go:171.36,172.58 1 1
github.com/piplabs/story/client/x/dkg/keeper/dkg_cdr_fees.go:172.58,174.5 1 0
github.com/piplabs/story/client/x/dkg/keeper/dkg_cdr_fees.go:176.3,176.13 1 1
github.com/piplabs/story/client/x/dkg/keeper/dkg_cdr_fees.go:179.2,182.34 3 1
github.com/piplabs/story/client/x/dkg/keeper/dkg_cdr_fees.go:182.34,184.21 2 1
github.com/piplabs/story/client/x/dkg/keeper/dkg_cdr_fees.go:184.21,185.12 1 0
github.com/piplabs/story/client/x/dkg/keeper/dkg_cdr_fees.go:188.3,189.17 2 1
github.com/piplabs/story/client/x/dkg/keeper/dkg_cdr_fees.go:189.17,191.4 1 0
github.com/piplabs/story/client/x/dkg/keeper/dkg_cdr_fees.go:193.3,194.112 2 1
github.com/piplabs/story/client/x/dkg/keeper/dkg_cdr_fees.go:194.112,196.4 1 0
github.com/piplabs/story/client/x/dkg/keeper/dkg_cdr_fees.go:198.3,198.39 1 1
github.com/piplabs/story/client/x/dkg/keeper/dkg_cdr_fees.go:201.2,201.64 1 1
github.com/piplabs/story/client/x/dkg/keeper/dkg_cdr_fees.go:201.64,203.3 1 0
github.com/piplabs/story/client/x/dkg/keeper/dkg_cdr_fees.go:205.2,206.24 2 1
github.com/piplabs/story/client/x/dkg/keeper/dkg_cdr_fees.go:206.24,207.57 1 1
github.com/piplabs/story/client/x/dkg/keeper/dkg_cdr_fees.go:207.57,209.4 1 0
github.com/piplabs/story/client/x/dkg/keeper/dkg_cdr_fees.go:210.3,210.13 1 1
github.com/piplabs/story/client/x/dkg/keeper/dkg_cdr_fees.go:213.2,213.73 1 1
github.com/piplabs/story/client/x/dkg/keeper/dkg_cdr_fees.go:213.73,215.3 1 0
github.com/piplabs/story/client/x/dkg/keeper/dkg_cdr_fees.go:217.2,217.12 1 1
github.com/piplabs/story/client/x/dkg/keeper/dkg_cdr_fees.go:220.84,222.16 2 1
github.com/piplabs/story/client/x/dkg/keeper/dkg_cdr_fees.go:222.16,223.46 1 1
github.com/piplabs/story/client/x/dkg/keeper/dkg_cdr_fees.go:223.46,225.4 1 1
github.com/piplabs/story/client/x/dkg/keeper/dkg_cdr_fees.go:226.3,226.77 1 0
github.com/piplabs/story/client/x/dkg/keeper/dkg_cdr_fees.go:229.2,230.9 2 1
github.com/piplabs/story/client/x/dkg/keeper/dkg_cdr_fees.go:230.9,232.3 1 1
github.com/piplabs/story/client/x/dkg/keeper/dkg_cdr_fees.go:234.2,234.27 1 1
github.com/piplabs/story/client/x/dkg/keeper/dkg_cdr_fees.go:237.65,238.41 1 1
github.com/piplabs/story/client/x/dkg/keeper/dkg_cdr_fees.go:238.41,240.3 1 1
github.com/piplabs/story/client/x/dkg/keeper/dkg_cdr_fees.go:242.2,243.9 2 1
github.com/piplabs/story/client/x/dkg/keeper/dkg_cdr_fees.go:243.9,245.3 1 0
github.com/piplabs/story/client/x/dkg/keeper/dkg_cdr_fees.go:247.2,247.29 1 1
github.com/piplabs/story/client/x/dkg/keeper/dkg_dealing.go:15.89,17.16 2 1
github.com/piplabs/story/client/x/dkg/keeper/dkg_dealing.go:17.16,19.3 1 0
github.com/piplabs/story/client/x/dkg/keeper/dkg_dealing.go:21.2,22.16 2 1
github.com/piplabs/story/client/x/dkg/keeper/dkg_dealing.go:22.16,24.3 1 0
github.com/piplabs/story/client/x/dkg/keeper/dkg_dealing.go:27.2,27.60 1 1
github.com/piplabs/story/client/x/dkg/keeper/dkg_dealing.go:27.60,36.3 2 1
github.com/piplabs/story/client/x/dkg/keeper/dkg_dealing.go:39.2,42.58 3 1
github.com/piplabs/story/client/x/dkg/keeper/dkg_dealing.go:42.58,44.3 1 0
github.com/piplabs/story/client/x/dkg/keeper/dkg_dealing.go:46.2,53.64 2 1
github.com/piplabs/story/client/x/dkg/keeper/dkg_dealing.go:53.64,55.3 1 0
github.com/piplabs/story/client/x/dkg/keeper/dkg_dealing.go:57.2,57.23 1 1
github.com/piplabs/story/client/x/dkg/keeper/dkg_dealing.go:57.23,61.70 1 1
github.com/piplabs/story/client/x/dkg/keeper/dkg_dealing.go:61.70,65.4 1 1
github.com/piplabs/story/client/x/dkg/keeper/dkg_dealing.go:69.3,70.17 2 1
github.com/piplabs/story/client/x/dkg/keeper/dkg_dealing.go:70.17,74.4 2 0
github.com/piplabs/story/client/x/dkg/keeper/dkg_dealing.go:76.3,78.13 2 1
github.com/piplabs/story/client/x/dkg/keeper/dkg_dealing.go:78.13,82.4 2 1
github.com/piplabs/story/client/x/dkg/keeper/dkg_dealing.go:85.2,85.12 1 1
github.com/piplabs/story/client/x/dkg/keeper/dkg_dealing.go:104.136,105.91 1 1
github.com/piplabs/story/client/x/dkg/keeper/dkg_dealing.go:105.91,107.3 1 0
github.com/piplabs/story/client/x/dkg/keeper/dkg_dealing.go:109.2,112.16 3 1
github.com/piplabs/story/client/x/dkg/keeper/dkg_dealing.go:112.16,114.3 1 0
github.com/piplabs/story/client/x/dkg/keeper/dkg_dealing.go:117.2,117.53 1 1
github.com/piplabs/story/client/x/dkg/keeper/dkg_dealing.go:117.53,124.3 2 1
github.com/piplabs/story/client/x/dkg/keeper/dkg_dealing.go:127.2,129.35 2 1
github.com/piplabs/story/client/x/dkg/keeper/dkg_dealing.go:129.35,130.79 1 1
github.com/piplabs/story/client/x/dkg/keeper/dkg_dealing.go:130.79,136.12 2 1
github.com/piplabs/story/client/x/dkg/keeper/dkg_dealing.go:139.3,139.51 1 1
github.com/piplabs/story/client/x/dkg/keeper/dkg_dealing.go:143.2,150.28 3 1
github.com/piplabs/story/client/x/dkg/keeper/dkg_dealing.go:150.28,152.17 2 1
github.com/piplabs/story/client/x/dkg/keeper/dkg_dealing.go:152.17,157.12 2 0
github.com/piplabs/story/client/x/dkg/keeper/dkg_dealing.go:160.3,160.13 1 1
github.com/piplabs/story/client/x/dkg/keeper/dkg_dealing.go:160.13,168.84 2 1
github.com/piplabs/story/client/x/dkg/keeper/dkg_dealing.go:168.84,172.5 1 0
github.com/piplabs/story/client/x/dkg/keeper/dkg_dealing.go:174.4,174.12 1 1
github.com/piplabs/story/client/x/dkg/keeper/dkg_dealing.go:177.3,177.55 1 1
github.com/piplabs/story/client/x/dkg/keeper/dkg_dealing.go:182.2,182.55 1 1
github.com/piplabs/story/client/x/dkg/keeper/dkg_dealing.go:182.55,185.13 2 1
github.com/piplabs/story/client/x/dkg/keeper/dkg_dealing.go:185.13,189.4 2 1
github.com/piplabs/story/client/x/dkg/keeper/dkg_dealing.go:192.2,192.12 1 1
github.com/piplabs/story/client/x/dkg/keeper/dkg_dealing.go:195.109,196.73 1 1
github.com/piplabs/story/client/x/dkg/keeper/dkg_dealing.go:196.73,198.3 1 0
github.com/piplabs/story/client/x/dkg/keeper/dkg_dealing.go:200.2,200.23 1 1
github.com/piplabs/story/client/x/dkg/keeper/dkg_dealing.go:200.23,203.13 2 1
github.com/piplabs/story/client/x/dkg/keeper/dkg_dealing.go:203.13,207.4 2 1
github.com/piplabs/story/client/x/dkg/keeper/dkg_dealing.go:210.2,210.12 1 1
github.com/piplabs/story/client/x/dkg/keeper/dkg_dealing.go:213.121,214.81 1 1
github.com/piplabs/story/client/x/dkg/keeper/dkg_dealing.go:214.81,216.3 1 0
github.com/piplabs/story/client/x/dkg/keeper/dkg_dealing.go:218.2,218.23 1 1
github.com/piplabs/story/client/x/dkg/keeper/dkg_dealing.go:218.23,221.17 2 1
github.com/piplabs/story/client/x/dkg/keeper/dkg_dealing.go:221.17,225.4 2 0
github.com/piplabs/story/client/x/dkg/keeper/dkg_dealing.go:227.3,229.13 2 1
github.com/piplabs/story/client/x/dkg/keeper/dkg_dealing.go:229.13,233.4 2 1
github.com/piplabs/story/client/x/dkg/keeper/dkg_dealing.go:236.2,236.12 1 1
github.com/piplabs/story/client/x/dkg/keeper/dkg_dealing.go:243.78,245.16 2 1
github.com/piplabs/story/client/x/dkg/keeper/dkg_dealing.go:245.16,247.3 1 1
github.com/piplabs/story/client/x/dkg/keeper/dkg_dealing.go:249.2,249.24 1 1
github.com/piplabs/story/client/x/dkg/keeper/dkg_dealing.go:249.24,251.3 1 1
github.com/piplabs/story/client/x/dkg/keeper/dkg_dealing.go:253.2,254.16 2 1
github.com/piplabs/story/client/x/dkg/keeper/dkg_dealing.go:254.16,256.3 1 1
github.com/piplabs/story/client/x/dkg/keeper/dkg_dealing.go:258.2,265.51 3 1
github.com/piplabs/story/client/x/dkg/keeper/dkg_decrypt_registry.go:17.110,27.2 3 1
github.com/piplabs/story/client/x/dkg/keeper/dkg_decrypt_registry.go:31.127,33.68 2 1
github.com/piplabs/story/client/x/dkg/keeper/dkg_decrypt_registry.go:33.68,35.3 1 0
github.com/piplabs/story/client/x/dkg/keeper/dkg_decrypt_registry.go:36.2,36.12 1 1
github.com/piplabs/story/client/x/dkg/keeper/dkg_decrypt_registry.go:41.164,44.16 3 1
github.com/piplabs/story/client/x/dkg/keeper/dkg_decrypt_registry.go:44.16,45.46 1 1
github.com/piplabs/story/client/x/dkg/keeper/dkg_decrypt_registry.go:45.46,47.4 1 1
github.com/piplabs/story/client/x/dkg/keeper/dkg_decrypt_registry.go:48.3,48.89 1 0
github.com/piplabs/story/client/x/dkg/keeper/dkg_decrypt_registry.go:50.2,50.23 1 1
github.com/piplabs/story/client/x/dkg/keeper/dkg_decrypt_registry.go:54.137,56.66 2 1
github.com/piplabs/story/client/x/dkg/keeper/dkg_decrypt_registry.go:56.66,58.3 1 0
github.com/piplabs/story/client/x/dkg/keeper/dkg_decrypt_registry.go:59.2,59.12 1 1
github.com/piplabs/story/client/x/dkg/keeper/dkg_decrypt_registry.go:65.96,67.16 2 1
github.com/piplabs/story/client/x/dkg/keeper/dkg_decrypt_registry.go:67.16,69.3 1 0
github.com/piplabs/story/client/x/dkg/keeper/dkg_decrypt_registry.go:70.2,76.34 4 1
github.com/piplabs/story/client/x/dkg/keeper/dkg_decrypt_registry.go:76.34,78.17 2 1
github.com/piplabs/story/client/x/dkg/keeper/dkg_decrypt_registry.go:78.17,80.4 1 0
github.com/piplabs/story/client/x/dkg/keeper/dkg_decrypt_registry.go:81.3,82.17 2 1
github.com/piplabs/story/client/x/dkg/keeper/dkg_decrypt_registry.go:82.17,84.4 1 0
github.com/piplabs/story/client/x/dkg/keeper/dkg_decrypt_registry.go:85.3,85.100 1 1
github.com/piplabs/story/client/x/dkg/keeper/dkg_decrypt_registry.go:85.100,87.4 1 1
github.com/piplabs/story/client/x/dkg/keeper/dkg_decrypt_registry.go:90.2,90.28 1 1
github.com/piplabs/story/client/x/dkg/keeper/dkg_decrypt_registry.go:90.28,91.69 1 1
github.com/piplabs/story/client/x/dkg/keeper/dkg_decrypt_registry.go:91.69,93.4 1 0
github.com/piplabs/story/client/x/dkg/keeper/dkg_decrypt_registry.go:96.2,96.12 1 1
github.com/piplabs/story/client/x/dkg/keeper/dkg_events.go:19.100,27.16 3 1
github.com/piplabs/story/client/x/dkg/keeper/dkg_events.go:27.16,29.3 1 0
github.com/piplabs/story/client/x/dkg/keeper/dkg_events.go:31.2,31.12 1 1
github.com/piplabs/story/client/x/dkg/keeper/dkg_events.go:34.93,40.16 3 1
github.com/piplabs/story/client/x/dkg/keeper/dkg_events.go:40.16,42.3 1 0
github.com/piplabs/story/client/x/dkg/keeper/dkg_events.go:44.2,46.12 2 1
github.com/piplabs/story/client/x/dkg/keeper/dkg_events.go:49.115,56.16 3 1
github.com/piplabs/story/client/x/dkg/keeper/dkg_events.go:56.16,58.3 1 0
github.com/piplabs/story/client/x/dkg/keeper/dkg_events.go:60.2,62.12 2 1
github.com/piplabs/story/client/x/dkg/keeper/dkg_events.go:65.127,72.16 3 1
github.com/piplabs/story/client/x/dkg/keeper/dkg_events.go:72.16,74.3 1 0
github.com/piplabs/story/client/x/dkg/keeper/dkg_events.go:76.2,78.12 2 1
github.com/piplabs/story/client/x/dkg/keeper/dkg_events.go:81.142,88.16 3 1
github.com/piplabs/story/client/x/dkg/keeper/dkg_events.go:88.16,90.3 1 0
github.com/piplabs/story/client/x/dkg/keeper/dkg_events.go:92.2,97.12 2 1
github.com/piplabs/story/client/x/dkg/keeper/dkg_events.go:100.98,106.16 3 1
github.com/piplabs/story/client/x/dkg/keeper/dkg_events.go:106.16,108.3 1 0
github.com/piplabs/story/client/x/dkg/keeper/dkg_events.go:110.2,112.12 2 1
github.com/piplabs/story/client/x/dkg/keeper/dkg_events.go:115.90,121.16 3 1
github.com/piplabs/story/client/x/dkg/keeper/dkg_events.go:121.16,123.3 1 0
github.com/piplabs/story/client/x/dkg/keeper/dkg_events.go:125.2,127.12 2 1
github.com/piplabs/story/client/x/dkg/keeper/dkg_events.go:130.171,140.16 3 1
github.com/piplabs/story/client/x/dkg/keeper/dkg_events.go:140.16,142.3 1 0
github.com/piplabs/story/client/x/dkg/keeper/dkg_events.go:144.2,150.12 2 1
github.com/piplabs/story/client/x/dkg/keeper/dkg_finalization.go:11.94,12.69 1 1
github.com/piplabs/story/client/x/dkg/keeper/dkg_finalization.go:12.69,14.3 1 0
github.com/piplabs/story/client/x/dkg/keeper/dkg_finalization.go:16.2,16.23 1 1
github.com/piplabs/story/client/x/dkg/keeper/dkg_finalization.go:16.23,19.13 2 1
github.com/piplabs/story/client/x/dkg/keeper/dkg_finalization.go:19.13,23.4 2 1
github.com/piplabs/story/client/x/dkg/keeper/dkg_finalization.go:26.2,26.12 1 1
github.com/piplabs/story/client/x/dkg/keeper/dkg_finalization.go:29.93,31.16 2 1
github.com/piplabs/story/client/x/dkg/keeper/dkg_finalization.go:31.16,33.3 1 0
github.com/piplabs/story/client/x/dkg/keeper/dkg_finalization.go:35.2,36.16 2 1
github.com/piplabs/story/client/x/dkg/keeper/dkg_finalization.go:36.16,38.3 1 0
github.com/piplabs/story/client/x/dkg/keeper/dkg_finalization.go:41.2,41.57 1 1
github.com/piplabs/story/client/x/dkg/keeper/dkg_finalization.go:41.57,50.3 2 1
github.com/piplabs/story/client/x/dkg/keeper/dkg_finalization.go:53.2,53.44 1 1
github.com/piplabs/story/client/x/dkg/keeper/dkg_finalization.go:53.44,62.3 2 1
github.com/piplabs/story/client/x/dkg/keeper/dkg_finalization.go:64.2,64.61 1 1
github.com/piplabs/story/client/x/dkg/keeper/dkg_finalization.go:64.61,66.3 1 0
github.com/piplabs/story/client/x/dkg/keeper/dkg_finalization.go:70.2,70.65 1 1
github.com/piplabs/story/client/x/dkg/keeper/dkg_finalization.go:70.65,72.3 1 0
github.com/piplabs/story/client/x/dkg/keeper/dkg_finalization.go:74.2,74.55 1 1
github.com/piplabs/story/client/x/dkg/keeper/dkg_finalization.go:74.55,76.3 1 0
github.com/piplabs/story/client/x/dkg/keeper/dkg_finalization.go:80.2,80.73 1 1
github.com/piplabs/story/client/x/dkg/keeper/dkg_finalization.go:80.73,82.3 1 0
github.com/piplabs/story/client/x/dkg/keeper/dkg_finalization.go:84.2,84.65 1 1
github.com/piplabs/story/client/x/dkg/keeper/dkg_finalization.go:84.65,86.3 1 0
github.com/piplabs/story/client/x/dkg/keeper/dkg_finalization.go:89.2,89.27 1 1
github.com/piplabs/story/client/x/dkg/keeper/dkg_finalization.go:89.27,90.59 1 1
github.com/piplabs/story/client/x/dkg/keeper/dkg_finalization.go:90.59,92.4 1 0
github.com/piplabs/story/client/x/dkg/keeper/dkg_finalization.go:94.3,96.4 1 1
github.com/piplabs/story/client/x/dkg/keeper/dkg_finalization.go:99.2,99.23 1 1
github.com/piplabs/story/client/x/dkg/keeper/dkg_finalization.go:99.23,102.13 2 1
github.com/piplabs/story/client/x/dkg/keeper/dkg_finalization.go:102.13,106.4 2 1
github.com/piplabs/story/client/x/dkg/keeper/dkg_finalization.go:109.2,111.12 2 1
github.com/piplabs/story/client/x/dkg/keeper/dkg_handler.go:24.245,26.16 2 1
github.com/piplabs/story/client/x/dkg/keeper/dkg_handler.go:26.16,28.3 1 0
github.com/piplabs/story/client/x/dkg/keeper/dkg_handler.go:30.2,30.27 1 1
github.com/piplabs/story/client/x/dkg/keeper/dkg_handler.go:30.27,32.3 1 1
github.com/piplabs/story/client/x/dkg/keeper/dkg_handler.go:35.2,35.57 1 1
github.com/piplabs/story/client/x/dkg/keeper/dkg_handler.go:35.57,37.3 1 1
github.com/piplabs/story/client/x/dkg/keeper/dkg_handler.go:39.2,39.60 1 1
github.com/piplabs/story/client/x/dkg/keeper/dkg_handler.go:39.60,41.3 1 1
github.com/piplabs/story/client/x/dkg/keeper/dkg_handler.go:43.2,43.48 1 1
github.com/piplabs/story/client/x/dkg/keeper/dkg_handler.go:43.48,45.3 1 1
github.com/piplabs/story/client/x/dkg/keeper/dkg_handler.go:47.2,47.77 1 1
github.com/piplabs/story/client/x/dkg/keeper/dkg_handler.go:47.77,49.3 1 1
github.com/piplabs/story/client/x/dkg/keeper/dkg_handler.go:51.2,52.16 2 1
github.com/piplabs/story/client/x/dkg/keeper/dkg_handler.go:52.16,54.3 1 0
github.com/piplabs/story/client/x/dkg/keeper/dkg_handler.go:55.2,55.12 1 1
github.com/piplabs/story/client/x/dkg/keeper/dkg_handler.go:55.12,57.3 1 1
github.com/piplabs/story/client/x/dkg/keeper/dkg_handler.go:59.2,60.16 2 1
github.com/piplabs/story/client/x/dkg/keeper/dkg_handler.go:60.16,62.3 1 0
github.com/piplabs/story/client/x/dkg/keeper/dkg_handler.go:64.2,76.69 2 1
github.com/piplabs/story/client/x/dkg/keeper/dkg_handler.go:76.69,85.3 2 0
github.com/piplabs/story/client/x/dkg/keeper/dkg_handler.go:87.2,100.12 2 1
github.com/piplabs/story/client/x/dkg/keeper/dkg_handler.go:104.213,106.16 2 1
github.com/piplabs/story/client/x/dkg/keeper/dkg_handler.go:106.16,108.3 1 0
github.com/piplabs/story/client/x/dkg/keeper/dkg_handler.go:110.2,110.27 1 1
github.com/piplabs/story/client/x/dkg/keeper/dkg_handler.go:110.27,112.3 1 1
github.com/piplabs/story/client/x/dkg/keeper/dkg_handler.go:114.2,114.48 1 1
github.com/piplabs/story/client/x/dkg/keeper/dkg_handler.go:114.48,116.3 1 1
github.com/piplabs/story/client/x/dkg/keeper/dkg_handler.go:119.2,120.16 2 1
github.com/piplabs/story/client/x/dkg/keeper/dkg_handler.go:120.16,122.3 1 1
github.com/piplabs/story/client/x/dkg/keeper/dkg_handler.go:125.2,125.47 1 1
github.com/piplabs/story/client/x/dkg/keeper/dkg_handler.go:125.47,127.3 1 1
github.com/piplabs/story/client/x/dkg/keeper/dkg_handler.go:130.2,130.49 1 1
github.com/piplabs/story/client/x/dkg/keeper/dkg_handler.go:130.49,132.3 1 1
github.com/piplabs/story/client/x/dkg/keeper/dkg_handler.go:134.2,134.81 1 1
github.com/piplabs/story/client/x/dkg/keeper/dkg_handler.go:134.81,136.3 1 0
github.com/piplabs/story/client/x/dkg/keeper/dkg_handler.go:138.2,138.161 1 1
github.com/piplabs/story/client/x/dkg/keeper/dkg_handler.go:138.161,140.3 1 1
github.com/piplabs/story/client/x/dkg/keeper/dkg_handler.go:142.2,143.16 2 1
github.com/piplabs/story/client/x/dkg/keeper/dkg_handler.go:143.16,145.3 1 0
github.com/piplabs/story/client/x/dkg/keeper/dkg_handler.go:147.2,147.71 1 1
github.com/piplabs/story/client/x/dkg/keeper/dkg_handler.go:147.71,151.54 3 1
github.com/piplabs/story/client/x/dkg/keeper/dkg_handler.go:151.54,153.4 1 0
github.com/piplabs/story/client/x/dkg/keeper/dkg_handler.go:156.2,156.86 1 1
github.com/piplabs/story/client/x/dkg/keeper/dkg_handler.go:156.86,158.3 1 0
github.com/piplabs/story/client/x/dkg/keeper/dkg_handler.go:160.2,168.12 2 1
github.com/piplabs/story/client/x/dkg/keeper/dkg_handler.go:175.111,177.16 2 1
github.com/piplabs/story/client/x/dkg/keeper/dkg_handler.go:177.16,179.3 1 0
github.com/piplabs/story/client/x/dkg/keeper/dkg_handler.go:181.2,182.16 2 1
github.com/piplabs/story/client/x/dkg/keeper/dkg_handler.go:182.16,184.3 1 0
github.com/piplabs/story/client/x/dkg/keeper/dkg_handler.go:186.2,188.23 2 1
github.com/piplabs/story/client/x/dkg/keeper/dkg_handler.go:188.23,190.3 1 1
github.com/piplabs/story/client/x/dkg/keeper/dkg_handler.go:192.2,193.30 2 1
github.com/piplabs/story/client/x/dkg/keeper/dkg_handler.go:193.30,195.33 2 1
github.com/piplabs/story/client/x/dkg/keeper/dkg_handler.go:195.33,197.4 1 0
github.com/piplabs/story/client/x/dkg/keeper/dkg_handler.go:199.3,199.30 1 1
github.com/piplabs/story/client/x/dkg/keeper/dkg_handler.go:202.2,205.26 3 1
github.com/piplabs/story/client/x/dkg/keeper/dkg_handler.go:205.26,208.3 2 1
github.com/piplabs/story/client/x/dkg/keeper/dkg_handler.go:210.2,210.96 1 1
github.com/piplabs/story/client/x/dkg/keeper/dkg_handler.go:210.96,218.3 1 1
github.com/piplabs/story/client/x/dkg/keeper/dkg_handler.go:220.2,220.12 1 1
github.com/piplabs/story/client/x/dkg/keeper/dkg_handler.go:226.109,232.30 2 1
github.com/piplabs/story/client/x/dkg/keeper/dkg_handler.go:232.30,234.3 1 1
github.com/piplabs/story/client/x/dkg/keeper/dkg_handler.go:237.2,238.16 2 1
github.com/piplabs/story/client/x/dkg/keeper/dkg_handler.go:238.16,240.3 1 0
github.com/piplabs/story/client/x/dkg/keeper/dkg_handler.go:242.2,242.21 1 1
github.com/piplabs/story/client/x/dkg/keeper/dkg_handler.go:242.21,247.3 1 1
github.com/piplabs/story/client/x/dkg/keeper/dkg_handler.go:249.2,254.65 2 1
github.com/piplabs/story/client/x/dkg/keeper/dkg_handler.go:254.65,256.3 1 0
github.com/piplabs/story/client/x/dkg/keeper/dkg_handler.go:258.2,258.12 1 1
github.com/piplabs/story/client/x/dkg/keeper/dkg_handler.go:263.85,267.16 3 1
github.com/piplabs/story/client/x/dkg/keeper/dkg_handler.go:267.16,269.3 1 1
github.com/piplabs/story/client/x/dkg/keeper/dkg_handler.go:271.2,271.17 1 1
github.com/piplabs/story/client/x/dkg/keeper/dkg_handler.go:271.17,274.3 2 0
github.com/piplabs/story/client/x/dkg/keeper/dkg_handler.go:276.2,276.71 1 1
github.com/piplabs/story/client/x/dkg/keeper/dkg_handler.go:276.71,278.3 1 0
github.com/piplabs/story/client/x/dkg/keeper/dkg_handler.go:280.2,285.12 2 1
github.com/piplabs/story/client/x/dkg/keeper/dkg_handler.go:291.198,293.27 1 1
github.com/piplabs/story/client/x/dkg/keeper/dkg_handler.go:293.27,295.3 1 1
github.com/piplabs/story/client/x/dkg/keeper/dkg_handler.go:298.2,300.37 2 1
github.com/piplabs/story/client/x/dkg/keeper/dkg_handler.go:300.37,301.22 1 1
github.com/piplabs/story/client/x/dkg/keeper/dkg_handler.go:301.22,303.4 1 1
github.com/piplabs/story/client/x/dkg/keeper/dkg_handler.go:305.3,305.26 1 1
github.com/piplabs/story/client/x/dkg/keeper/dkg_handler.go:309.2,317.37 8 1
github.com/piplabs/story/client/x/dkg/keeper/dkg_handler.go:317.37,319.3 1 1
github.com/piplabs/story/client/x/dkg/keeper/dkg_handler.go:321.2,329.26 5 1
github.com/piplabs/story/client/x/dkg/keeper/dkg_handler.go:329.26,331.3 1 1
github.com/piplabs/story/client/x/dkg/keeper/dkg_handler.go:334.2,338.19 3 1
github.com/piplabs/story/client/x/dkg/keeper/dkg_handler.go:338.19,340.3 1 1
github.com/piplabs/story/client/x/dkg/keeper/dkg_handler.go:342.2,343.16 2 1
github.com/piplabs/story/client/x/dkg/keeper/dkg_handler.go:343.16,345.3 1 1
github.com/piplabs/story/client/x/dkg/keeper/dkg_handler.go:347.2,352.35 3 1
github.com/piplabs/story/client/x/dkg/keeper/dkg_handler.go:352.35,357.3 1 1
github.com/piplabs/story/client/x/dkg/keeper/dkg_handler.go:359.2,359.12 1 1
github.com/piplabs/story/client/x/dkg/keeper/dkg_handler.go:365.160,366.27 1 1
github.com/piplabs/story/client/x/dkg/keeper/dkg_handler.go:366.27,368.3 1 1
github.com/piplabs/story/client/x/dkg/keeper/dkg_handler.go:372.2,384.26 10 1
github.com/piplabs/story/client/x/dkg/keeper/dkg_handler.go:384.26,386.3 1 1
github.com/piplabs/story/client/x/dkg/keeper/dkg_handler.go:388.2,390.19 3 1
github.com/piplabs/story/client/x/dkg/keeper/dkg_handler.go:390.19,392.3 1 1
github.com/piplabs/story/client/x/dkg/keeper/dkg_handler.go:394.2,395.16 2 1
github.com/piplabs/story/client/x/dkg/keeper/dkg_handler.go:395.16,397.3 1 1
github.com/piplabs/story/client/x/dkg/keeper/dkg_handler.go:399.2,402.35 3 1
github.com/piplabs/story/client/x/dkg/keeper/dkg_handler.go:402.35,407.3 1 1
github.com/piplabs/story/client/x/dkg/keeper/dkg_handler.go:409.2,409.12 1 1
github.com/piplabs/story/client/x/dkg/keeper/dkg_handler.go:414.162,422.17 1 1
github.com/piplabs/story/client/x/dkg/keeper/dkg_handler.go:422.17,424.3 1 0
github.com/piplabs/story/client/x/dkg/keeper/dkg_handler.go:426.2,426.24 1 1
github.com/piplabs/story/client/x/dkg/keeper/dkg_handler.go:426.24,430.3 2 1
github.com/piplabs/story/client/x/dkg/keeper/dkg_handler.go:432.2,433.16 2 1
github.com/piplabs/story/client/x/dkg/keeper/dkg_handler.go:433.16,435.3 1 1
github.com/piplabs/story/client/x/dkg/keeper/dkg_handler.go:437.2,437.46 1 1
github.com/piplabs/story/client/x/dkg/keeper/dkg_handler.go:437.46,444.3 2 1
github.com/piplabs/story/client/x/dkg/keeper/dkg_handler.go:446.2,446.67 1 1
github.com/piplabs/story/client/x/dkg/keeper/dkg_handler.go:446.67,453.3 2 1
github.com/piplabs/story/client/x/dkg/keeper/dkg_handler.go:455.2,464.16 3 1
github.com/piplabs/story/client/x/dkg/keeper/dkg_handler.go:464.16,466.3 1 1
github.com/piplabs/story/client/x/dkg/keeper/dkg_handler.go:469.2,477.67 2 1
github.com/piplabs/story/client/x/dkg/keeper/dkg_handler.go:477.67,479.3 1 0
github.com/piplabs/story/client/x/dkg/keeper/dkg_handler.go:481.2,486.12 2 1
github.com/piplabs/story/client/x/dkg/keeper/dkg_handler.go:503.9,506.16 2 1
github.com/piplabs/story/client/x/dkg/keeper/dkg_handler.go:506.16,508.3 1 0
github.com/piplabs/story/client/x/dkg/keeper/dkg_handler.go:509.2,509.12 1 1
github.com/piplabs/story/client/x/dkg/keeper/dkg_handler.go:509.12,515.3 2 1
github.com/piplabs/story/client/x/dkg/keeper/dkg_handler.go:517.2,517.24 1 1
github.com/piplabs/story/client/x/dkg/keeper/dkg_handler.go:517.24,523.3 1 0
github.com/piplabs/story/client/x/dkg/keeper/dkg_handler.go:525.2,525.46 1 1
github.com/piplabs/story/client/x/dkg/keeper/dkg_handler.go:525.46,533.3 1 0
github.com/piplabs/story/client/x/dkg/keeper/dkg_handler.go:535.2,536.69 2 1
github.com/piplabs/story/client/x/dkg/keeper/dkg_handler.go:536.69,543.96 2 1
github.com/piplabs/story/client/x/dkg/keeper/dkg_handler.go:543.96,545.4 1 0
github.com/piplabs/story/client/x/dkg/keeper/dkg_handler.go:546.3,546.13 1 1
github.com/piplabs/story/client/x/dkg/keeper/dkg_handler.go:549.2,550.16 2 1
github.com/piplabs/story/client/x/dkg/keeper/dkg_handler.go:550.16,552.3 1 1
github.com/piplabs/story/client/x/dkg/keeper/dkg_handler.go:554.2,554.45 1 1
github.com/piplabs/story/client/x/dkg/keeper/dkg_handler.go:554.45,559.3 1 1
github.com/piplabs/story/client/x/dkg/keeper/dkg_handler.go:561.2,561.148 1 1
github.com/piplabs/story/client/x/dkg/keeper/dkg_handler.go:561.148,563.3 1 1
github.com/piplabs/story/client/x/dkg/keeper/dkg_handler.go:565.2,576.16 1 1
github.com/piplabs/story/client/x/dkg/keeper/dkg_handler.go:576.16,577.62 1 1
github.com/piplabs/story/client/x/dkg/keeper/dkg_handler.go:577.62,584.4 2 1
github.com/piplabs/story/client/x/dkg/keeper/dkg_handler.go:585.3,585.75 1 0
github.com/piplabs/story/client/x/dkg/keeper/dkg_handler.go:588.2,599.12 2 1
github.com/piplabs/story/client/x/dkg/keeper/dkg_initialization.go:17.77,19.16 2 1
github.com/piplabs/story/client/x/dkg/keeper/dkg_initialization.go:19.16,21.3 1 1
github.com/piplabs/story/client/x/dkg/keeper/dkg_initialization.go:23.2,24.33 2 1
github.com/piplabs/story/client/x/dkg/keeper/dkg_initialization.go:24.33,25.40 1 1
github.com/piplabs/story/client/x/dkg/keeper/dkg_initialization.go:25.40,27.18 2 1
github.com/piplabs/story/client/x/dkg/keeper/dkg_initialization.go:27.18,29.5 1 0
github.com/piplabs/story/client/x/dkg/keeper/dkg_initialization.go:31.4,31.84 1 1
github.com/piplabs/story/client/x/dkg/keeper/dkg_initialization.go:35.2,35.30 1 1
github.com/piplabs/story/client/x/dkg/keeper/dkg_initialization.go:41.78,45.16 3 1
github.com/piplabs/story/client/x/dkg/keeper/dkg_initialization.go:45.16,47.3 1 1
github.com/piplabs/story/client/x/dkg/keeper/dkg_initialization.go:49.2,52.16 3 1
github.com/piplabs/story/client/x/dkg/keeper/dkg_initialization.go:52.16,54.3 1 0
github.com/piplabs/story/client/x/dkg/keeper/dkg_initialization.go:56.2,68.58 2 1
github.com/piplabs/story/client/x/dkg/keeper/dkg_initialization.go:68.58,70.3 1 0
github.com/piplabs/story/client/x/dkg/keeper/dkg_initialization.go:72.2,78.71 2 1
github.com/piplabs/story/client/x/dkg/keeper/dkg_initialization.go:78.71,80.3 1 0
github.com/piplabs/story/client/x/dkg/keeper/dkg_initialization.go:82.2,82.23 1 1
github.com/piplabs/story/client/x/dkg/keeper/dkg_initialization.go:82.23,87.24 2 1
github.com/piplabs/story/client/x/dkg/keeper/dkg_initialization.go:87.24,89.4 1 1
github.com/piplabs/story/client/x/dkg/keeper/dkg_initialization.go:92.3,96.13 3 1
github.com/piplabs/story/client/x/dkg/keeper/dkg_initialization.go:96.13,100.4 2 1
github.com/piplabs/story/client/x/dkg/keeper/dkg_initialization.go:103.2,103.12 1 1
github.com/piplabs/story/client/x/dkg/keeper/dkg_initialization.go:109.78,112.30 3 1
github.com/piplabs/story/client/x/dkg/keeper/dkg_initialization.go:112.30,114.3 1 1
github.com/piplabs/story/client/x/dkg/keeper/dkg_initialization.go:116.2,116.28 1 1
github.com/piplabs/story/client/x/dkg/keeper/dkg_initialization.go:116.28,123.3 2 1
github.com/piplabs/story/client/x/dkg/keeper/dkg_initialization.go:125.2,125.14 1 1
github.com/piplabs/story/client/x/dkg/keeper/dkg_initialization.go:128.67,130.16 2 1
github.com/piplabs/story/client/x/dkg/keeper/dkg_initialization.go:130.16,132.3 1 0
github.com/piplabs/story/client/x/dkg/keeper/dkg_initialization.go:134.2,134.34 1 1
github.com/piplabs/story/client/x/dkg/keeper/dkg_justification.go:25.134,29.2 2 1
github.com/piplabs/story/client/x/dkg/keeper/dkg_justification.go:46.136,48.17 2 1
github.com/piplabs/story/client/x/dkg/keeper/dkg_justification.go:48.17,50.3 1 1
github.com/piplabs/story/client/x/dkg/keeper/dkg_justification.go:52.2,53.22 2 1
github.com/piplabs/story/client/x/dkg/keeper/dkg_justification.go:53.22,55.3 1 0
github.com/piplabs/story/client/x/dkg/keeper/dkg_justification.go:57.2,58.47 2 1
github.com/piplabs/story/client/x/dkg/keeper/dkg_justification.go:58.47,60.3 1 1
github.com/piplabs/story/client/x/dkg/keeper/dkg_justification.go:62.2,62.35 1 1
github.com/piplabs/story/client/x/dkg/keeper/dkg_justification.go:62.35,64.3 1 1
github.com/piplabs/story/client/x/dkg/keeper/dkg_justification.go:67.2,68.79 2 1
github.com/piplabs/story/client/x/dkg/keeper/dkg_justification.go:68.79,70.3 1 0
github.com/piplabs/story/client/x/dkg/keeper/dkg_justification.go:73.2,74.47 2 1
github.com/piplabs/story/client/x/dkg/keeper/dkg_justification.go:74.47,76.56 2 1
github.com/piplabs/story/client/x/dkg/keeper/dkg_justification.go:76.56,78.4 1 0
github.com/piplabs/story/client/x/dkg/keeper/dkg_justification.go:80.3,80.39 1 1
github.com/piplabs/story/client/x/dkg/keeper/dkg_justification.go:89.2,106.9 3 1
github.com/piplabs/story/client/x/dkg/keeper/dkg_justification.go:106.9,108.3 1 1
github.com/piplabs/story/client/x/dkg/keeper/dkg_justification.go:111.2,112.84 2 1
github.com/piplabs/story/client/x/dkg/keeper/dkg_justification.go:112.84,114.3 1 1
github.com/piplabs/story/client/x/dkg/keeper/dkg_justification.go:116.2,116.12 1 1
github.com/piplabs/story/client/x/dkg/keeper/dkg_justification.go:128.94,130.17 2 1
github.com/piplabs/story/client/x/dkg/keeper/dkg_justification.go:130.17,132.3 1 1
github.com/piplabs/story/client/x/dkg/keeper/dkg_justification.go:134.2,135.22 2 1
github.com/piplabs/story/client/x/dkg/keeper/dkg_justification.go:135.22,137.3 1 1
github.com/piplabs/story/client/x/dkg/keeper/dkg_justification.go:139.2,140.47 2 1
github.com/piplabs/story/client/x/dkg/keeper/dkg_justification.go:140.47,142.3 1 1
github.com/piplabs/story/client/x/dkg/keeper/dkg_justification.go:147.2,151.47 3 1
github.com/piplabs/story/client/x/dkg/keeper/dkg_justification.go:151.47,153.3 1 1
github.com/piplabs/story/client/x/dkg/keeper/dkg_justification.go:156.2,162.16 2 1
github.com/piplabs/story/client/x/dkg/keeper/dkg_justification.go:162.16,164.3 1 0
github.com/piplabs/story/client/x/dkg/keeper/dkg_justification.go:166.2,166.19 1 1
github.com/piplabs/story/client/x/dkg/keeper/dkg_justification.go:171.142,173.16 2 1
github.com/piplabs/story/client/x/dkg/keeper/dkg_justification.go:173.16,175.3 1 0
github.com/piplabs/story/client/x/dkg/keeper/dkg_justification.go:177.2,178.36 2 1
github.com/piplabs/story/client/x/dkg/keeper/dkg_justification.go:178.36,179.30 1 1
github.com/piplabs/story/client/x/dkg/keeper/dkg_justification.go:179.30,180.12 1 1
github.com/piplabs/story/client/x/dkg/keeper/dkg_justification.go:183.3,184.60 2 1
github.com/piplabs/story/client/x/dkg/keeper/dkg_justification.go:184.60,189.12 2 1
github.com/piplabs/story/client/x/dkg/keeper/dkg_justification.go:192.3,192.27 1 1
github.com/piplabs/story/client/x/dkg/keeper/dkg_justification.go:195.2,195.21 1 1
github.com/piplabs/story/client/x/dkg/keeper/dkg_justification.go:205.125,208.16 2 1
github.com/piplabs/story/client/x/dkg/keeper/dkg_justification.go:208.16,210.3 1 0
github.com/piplabs/story/client/x/dkg/keeper/dkg_justification.go:212.2,212.36 1 1
github.com/piplabs/story/client/x/dkg/keeper/dkg_justification.go:212.36,213.31 1 1
github.com/piplabs/story/client/x/dkg/keeper/dkg_justification.go:213.31,217.49 1 1
github.com/piplabs/story/client/x/dkg/keeper/dkg_justification.go:217.49,219.5 1 1
github.com/piplabs/story/client/x/dkg/keeper/dkg_justification.go:221.4,221.51 1 1
github.com/piplabs/story/client/x/dkg/keeper/dkg_justification.go:221.51,227.5 2 1
github.com/piplabs/story/client/x/dkg/keeper/dkg_justification.go:229.4,232.73 3 1
github.com/piplabs/story/client/x/dkg/keeper/dkg_justification.go:232.73,234.5 1 0
github.com/piplabs/story/client/x/dkg/keeper/dkg_justification.go:236.4,242.14 2 1
github.com/piplabs/story/client/x/dkg/keeper/dkg_justification.go:246.2,246.78 1 1
github.com/piplabs/story/client/x/dkg/keeper/dkg_network.go:15.89,17.65 2 1
github.com/piplabs/story/client/x/dkg/keeper/dkg_network.go:17.65,19.3 1 0
github.com/piplabs/story/client/x/dkg/keeper/dkg_network.go:21.2,22.16 2 1
github.com/piplabs/story/client/x/dkg/keeper/dkg_network.go:22.16,24.3 1 0
github.com/piplabs/story/client/x/dkg/keeper/dkg_network.go:26.2,26.24 1 1
github.com/piplabs/story/client/x/dkg/keeper/dkg_network.go:26.24,27.58 1 1
github.com/piplabs/story/client/x/dkg/keeper/dkg_network.go:27.58,29.4 1 0
github.com/piplabs/story/client/x/dkg/keeper/dkg_network.go:32.2,32.12 1 1
github.com/piplabs/story/client/x/dkg/keeper/dkg_network.go:36.94,40.16 3 1
github.com/piplabs/story/client/x/dkg/keeper/dkg_network.go:40.16,41.46 1 1
github.com/piplabs/story/client/x/dkg/keeper/dkg_network.go:41.46,43.4 1 1
github.com/piplabs/story/client/x/dkg/keeper/dkg_network.go:45.3,45.60 1 0
github.com/piplabs/story/client/x/dkg/keeper/dkg_network.go:48.2,48.25 1 1
github.com/piplabs/story/client/x/dkg/keeper/dkg_network.go:51.86,53.16 2 1
github.com/piplabs/story/client/x/dkg/keeper/dkg_network.go:53.16,55.3 1 1
github.com/piplabs/story/client/x/dkg/keeper/dkg_network.go:57.2,58.16 2 1
github.com/piplabs/story/client/x/dkg/keeper/dkg_network.go:58.16,59.46 1 0
github.com/piplabs/story/client/x/dkg/keeper/dkg_network.go:59.46,61.4 1 0
github.com/piplabs/story/client/x/dkg/keeper/dkg_network.go:63.3,63.60 1 0
github.com/piplabs/story/client/x/dkg/keeper/dkg_network.go:66.2,66.25 1 1
github.com/piplabs/story/client/x/dkg/keeper/dkg_network.go:70.84,72.16 2 1
github.com/piplabs/story/client/x/dkg/keeper/dkg_network.go:72.16,73.46 1 1
github.com/piplabs/story/client/x/dkg/keeper/dkg_network.go:73.46,76.4 1 1
github.com/piplabs/story/client/x/dkg/keeper/dkg_network.go:78.3,78.71 1 0
github.com/piplabs/story/client/x/dkg/keeper/dkg_network.go:81.2,82.16 2 1
github.com/piplabs/story/client/x/dkg/keeper/dkg_network.go:82.16,83.46 1 1
github.com/piplabs/story/client/x/dkg/keeper/dkg_network.go:83.46,88.4 2 1
github.com/piplabs/story/client/x/dkg/keeper/dkg_network.go:90.3,90.67 1 0
github.com/piplabs/story/client/x/dkg/keeper/dkg_network.go:93.2,93.25 1 1
github.com/piplabs/story/client/x/dkg/keeper/dkg_network.go:97.103,101.96 2 1
github.com/piplabs/story/client/x/dkg/keeper/dkg_network.go:101.96,102.32 1 1
github.com/piplabs/story/client/x/dkg/keeper/dkg_network.go:102.32,104.4 1 1
github.com/piplabs/story/client/x/dkg/keeper/dkg_network.go:104.9,104.38 1 1
github.com/piplabs/story/client/x/dkg/keeper/dkg_network.go:104.38,106.4 1 1
github.com/piplabs/story/client/x/dkg/keeper/dkg_network.go:108.3,108.20 1 1
github.com/piplabs/story/client/x/dkg/keeper/dkg_network.go:110.2,110.16 1 1
github.com/piplabs/story/client/x/dkg/keeper/dkg_network.go:110.16,112.3 1 0
github.com/piplabs/story/client/x/dkg/keeper/dkg_network.go:114.2,114.27 1 1
github.com/piplabs/story/client/x/dkg/keeper/dkg_network.go:118.85,121.96 2 1
github.com/piplabs/story/client/x/dkg/keeper/dkg_network.go:121.96,125.3 2 1
github.com/piplabs/story/client/x/dkg/keeper/dkg_network.go:126.2,126.16 1 1
github.com/piplabs/story/client/x/dkg/keeper/dkg_network.go:126.16,128.3 1 0
github.com/piplabs/story/client/x/dkg/keeper/dkg_network.go:130.2,130.22 1 1
github.com/piplabs/story/client/x/dkg/keeper/dkg_network.go:134.76,137.2 2 1
github.com/piplabs/story/client/x/dkg/keeper/dkg_network.go:144.102,146.16 2 1
github.com/piplabs/story/client/x/dkg/keeper/dkg_network.go:146.16,148.46 1 0
github.com/piplabs/story/client/x/dkg/keeper/dkg_network.go:148.46,150.4 1 0
github.com/piplabs/story/client/x/dkg/keeper/dkg_network.go:152.3,152.20 1 0
github.com/piplabs/story/client/x/dkg/keeper/dkg_network.go:155.2,155.26 1 1
github.com/piplabs/story/client/x/dkg/keeper/dkg_network.go:155.26,157.3 1 1
github.com/piplabs/story/client/x/dkg/keeper/dkg_network.go:159.2,159.44 1 1
github.com/piplabs/story/client/x/dkg/keeper/dkg_network.go:159.44,161.3 1 1
github.com/piplabs/story/client/x/dkg/keeper/dkg_network.go:163.2,163.109 1 1
github.com/piplabs/story/client/x/dkg/keeper/dkg_network.go:163.109,165.3 1 1
github.com/piplabs/story/client/x/dkg/keeper/dkg_network.go:167.2,167.19 1 1
github.com/piplabs/story/client/x/dkg/keeper/dkg_network.go:170.65,172.40 2 1
github.com/piplabs/story/client/x/dkg/keeper/dkg_network.go:172.40,174.3 1 1
github.com/piplabs/story/client/x/dkg/keeper/dkg_network.go:176.2,176.32 1 1
github.com/piplabs/story/client/x/dkg/keeper/dkg_network.go:179.96,181.58 2 1
github.com/piplabs/story/client/x/dkg/keeper/dkg_network.go:181.58,183.3 1 0
github.com/piplabs/story/client/x/dkg/keeper/dkg_network.go:185.2,185.12 1 1
github.com/piplabs/story/client/x/dkg/keeper/dkg_network.go:190.87,192.2 1 1
github.com/piplabs/story/client/x/dkg/keeper/dkg_network.go:194.92,196.16 2 1
github.com/piplabs/story/client/x/dkg/keeper/dkg_network.go:196.16,197.46 1 1
github.com/piplabs/story/client/x/dkg/keeper/dkg_network.go:197.46,199.4 1 1
github.com/piplabs/story/client/x/dkg/keeper/dkg_network.go:201.3,201.87 1 0
github.com/piplabs/story/client/x/dkg/keeper/dkg_network.go:204.2,205.16 2 1
github.com/piplabs/story/client/x/dkg/keeper/dkg_network.go:205.16,206.46 1 1
github.com/piplabs/story/client/x/dkg/keeper/dkg_network.go:206.46,208.4 1 1
github.com/piplabs/story/client/x/dkg/keeper/dkg_network.go:210.3,210.83 1 0
github.com/piplabs/story/client/x/dkg/keeper/dkg_network.go:213.2,213.25 1 1
github.com/piplabs/story/client/x/dkg/keeper/dkg_network.go:219.89,221.16 2 1
github.com/piplabs/story/client/x/dkg/keeper/dkg_network.go:221.16,223.3 1 0
github.com/piplabs/story/client/x/dkg/keeper/dkg_network.go:225.2,225.59 1 1
github.com/piplabs/story/client/x/dkg/keeper/dkg_network.go:225.59,227.3 1 1
github.com/piplabs/story/client/x/dkg/keeper/dkg_network.go:229.2,229.46 1 1
github.com/piplabs/story/client/x/dkg/keeper/dkg_network.go:229.46,231.58 2 1
github.com/piplabs/story/client/x/dkg/keeper/dkg_network.go:231.58,233.4 1 0
github.com/piplabs/story/client/x/dkg/keeper/dkg_network.go:236.2,236.12 1 1
github.com/piplabs/story/client/x/dkg/keeper/dkg_partial_decryption.go:17.131,28.2 3 1
github.com/piplabs/story/client/x/dkg/keeper/dkg_partial_decryption.go:30.75,33.2 2 1
github.com/piplabs/story/client/x/dkg/keeper/dkg_partial_decryption.go:46.9,49.16 3 1
github.com/piplabs/story/client/x/dkg/keeper/dkg_partial_decryption.go:49.16,51.3 1 0
github.com/piplabs/story/client/x/dkg/keeper/dkg_partial_decryption.go:52.2,52.12 1 1
github.com/piplabs/story/client/x/dkg/keeper/dkg_partial_decryption.go:52.12,54.3 1 1
github.com/piplabs/story/client/x/dkg/keeper/dkg_partial_decryption.go:56.2,66.16 2 1
github.com/piplabs/story/client/x/dkg/keeper/dkg_partial_decryption.go:66.16,68.3 1 0
github.com/piplabs/story/client/x/dkg/keeper/dkg_partial_decryption.go:70.2,70.62 1 1
github.com/piplabs/story/client/x/dkg/keeper/dkg_partial_decryption.go:70.62,72.3 1 0
github.com/piplabs/story/client/x/dkg/keeper/dkg_partial_decryption.go:74.2,74.12 1 1
github.com/piplabs/story/client/x/dkg/keeper/dkg_partial_decryption.go:77.98,79.56 2 1
github.com/piplabs/story/client/x/dkg/keeper/dkg_partial_decryption.go:79.56,81.3 1 1
github.com/piplabs/story/client/x/dkg/keeper/dkg_partial_decryption.go:83.2,83.25 1 1
github.com/piplabs/story/client/x/dkg/keeper/dkg_registration.go:16.76,18.2 1 1
github.com/piplabs/story/client/x/dkg/keeper/dkg_registration.go:22.125,24.66 2 1
github.com/piplabs/story/client/x/dkg/keeper/dkg_registration.go:24.66,26.3 1 0
github.com/piplabs/story/client/x/dkg/keeper/dkg_registration.go:28.2,28.12 1 1
github.com/piplabs/story/client/x/dkg/keeper/dkg_registration.go:32.134,36.16 3 1
github.com/piplabs/story/client/x/dkg/keeper/dkg_registration.go:36.16,37.46 1 1
github.com/piplabs/story/client/x/dkg/keeper/dkg_registration.go:37.46,39.4 1 1
github.com/piplabs/story/client/x/dkg/keeper/dkg_registration.go:41.3,41.65 1 0
github.com/piplabs/story/client/x/dkg/keeper/dkg_registration.go:44.2,44.21 1 1
github.com/piplabs/story/client/x/dkg/keeper/dkg_registration.go:48.116,52.16 3 1
github.com/piplabs/story/client/x/dkg/keeper/dkg_registration.go:52.16,54.3 1 0
github.com/piplabs/story/client/x/dkg/keeper/dkg_registration.go:56.2,56.20 1 1
github.com/piplabs/story/client/x/dkg/keeper/dkg_registration.go:64.94,66.16 2 1
github.com/piplabs/story/client/x/dkg/keeper/dkg_registration.go:66.16,68.3 1 0
github.com/piplabs/story/client/x/dkg/keeper/dkg_registration.go:70.2,70.36 1 1
github.com/piplabs/story/client/x/dkg/keeper/dkg_registration.go:74.113,79.101 3 1
github.com/piplabs/story/client/x/dkg/keeper/dkg_registration.go:79.101,80.61 1 1
github.com/piplabs/story/client/x/dkg/keeper/dkg_registration.go:80.61,82.4 1 1
github.com/piplabs/story/client/x/dkg/keeper/dkg_registration.go:84.3,84.20 1 1
github.com/piplabs/story/client/x/dkg/keeper/dkg_registration.go:86.2,86.16 1 1
github.com/piplabs/story/client/x/dkg/keeper/dkg_registration.go:86.16,88.3 1 0
github.com/piplabs/story/client/x/dkg/keeper/dkg_registration.go:90.2,90.27 1 1
github.com/piplabs/story/client/x/dkg/keeper/dkg_registration.go:94.133,96.16 2 1
github.com/piplabs/story/client/x/dkg/keeper/dkg_registration.go:96.16,98.3 1 0
github.com/piplabs/story/client/x/dkg/keeper/dkg_registration.go:100.2,103.57 3 1
github.com/piplabs/story/client/x/dkg/keeper/dkg_registration.go:107.141,109.16 2 1
github.com/piplabs/story/client/x/dkg/keeper/dkg_registration.go:109.16,111.3 1 0
github.com/piplabs/story/client/x/dkg/keeper/dkg_registration.go:113.2,115.30 2 1
github.com/piplabs/story/client/x/dkg/keeper/dkg_registration.go:115.30,116.27 1 1
github.com/piplabs/story/client/x/dkg/keeper/dkg_registration.go:116.27,118.4 1 1
github.com/piplabs/story/client/x/dkg/keeper/dkg_registration.go:121.2,121.26 1 1
github.com/piplabs/story/client/x/dkg/keeper/dkg_registration.go:125.122,127.16 2 1
github.com/piplabs/story/client/x/dkg/keeper/dkg_registration.go:127.16,128.46 1 1
github.com/piplabs/story/client/x/dkg/keeper/dkg_registration.go:128.46,130.4 1 1
github.com/piplabs/story/client/x/dkg/keeper/dkg_registration.go:132.3,132.20 1 0
github.com/piplabs/story/client/x/dkg/keeper/dkg_registration.go:135.2,135.55 1 1
github.com/piplabs/story/client/x/dkg/keeper/dkg_registration.go:139.126,142.16 2 1
github.com/piplabs/story/client/x/dkg/keeper/dkg_registration.go:142.16,144.3 1 0
github.com/piplabs/story/client/x/dkg/keeper/dkg_registration.go:146.2,146.31 1 1
github.com/piplabs/story/client/x/dkg/keeper/dkg_rewards.go:24.135,25.26 1 1
github.com/piplabs/story/client/x/dkg/keeper/dkg_rewards.go:25.26,27.3 1 1
github.com/piplabs/story/client/x/dkg/keeper/dkg_rewards.go:30.2,31.16 2 1
github.com/piplabs/story/client/x/dkg/keeper/dkg_rewards.go:31.16,33.3 1 0
github.com/piplabs/story/client/x/dkg/keeper/dkg_rewards.go:35.2,35.24 1 1
github.com/piplabs/story/client/x/dkg/keeper/dkg_rewards.go:35.24,38.3 1 1
github.com/piplabs/story/client/x/dkg/keeper/dkg_rewards.go:40.2,40.83 1 1
github.com/piplabs/story/client/x/dkg/keeper/dkg_rewards.go:46.153,49.16 2 1
github.com/piplabs/story/client/x/dkg/keeper/dkg_rewards.go:49.16,51.3 1 0
github.com/piplabs/story/client/x/dkg/keeper/dkg_rewards.go:53.2,54.41 2 1
github.com/piplabs/story/client/x/dkg/keeper/dkg_rewards.go:54.41,56.3 1 1
github.com/piplabs/story/client/x/dkg/keeper/dkg_rewards.go:59.2,60.16 2 1
github.com/piplabs/story/client/x/dkg/keeper/dkg_rewards.go:60.16,62.3 1 0
github.com/piplabs/story/client/x/dkg/keeper/dkg_rewards.go:64.2,64.29 1 1
github.com/piplabs/story/client/x/dkg/keeper/dkg_rewards.go:64.29,66.3 1 1
github.com/piplabs/story/client/x/dkg/keeper/dkg_rewards.go:69.2,70.36 2 1
github.com/piplabs/story/client/x/dkg/keeper/dkg_rewards.go:70.36,72.3 1 1
github.com/piplabs/story/client/x/dkg/keeper/dkg_rewards.go:74.2,81.30 5 1
github.com/piplabs/story/client/x/dkg/keeper/dkg_rewards.go:81.30,83.3 1 0
github.com/piplabs/story/client/x/dkg/keeper/dkg_rewards.go:86.2,89.119 3 1
github.com/piplabs/story/client/x/dkg/keeper/dkg_rewards.go:89.119,91.3 1 0
github.com/piplabs/story/client/x/dkg/keeper/dkg_rewards.go:94.2,96.38 2 1
github.com/piplabs/story/client/x/dkg/keeper/dkg_rewards.go:96.38,98.17 2 1
github.com/piplabs/story/client/x/dkg/keeper/dkg_rewards.go:98.17,102.4 1 0
github.com/piplabs/story/client/x/dkg/keeper/dkg_rewards.go:104.3,104.121 1 1
github.com/piplabs/story/client/x/dkg/keeper/dkg_rewards.go:104.121,109.4 1 0
github.com/piplabs/story/client/x/dkg/keeper/dkg_rewards.go:113.2,113.161 1 1
github.com/piplabs/story/client/x/dkg/keeper/dkg_rewards.go:113.161,115.3 1 0
github.com/piplabs/story/client/x/dkg/keeper/dkg_rewards.go:117.2,124.31 2 1
github.com/piplabs/story/client/x/dkg/keeper/dkg_rewards.go:131.104,133.16 2 1
github.com/piplabs/story/client/x/dkg/keeper/dkg_rewards.go:133.16,134.46 1 1
github.com/piplabs/story/client/x/dkg/keeper/dkg_rewards.go:134.46,136.4 1 1
github.com/piplabs/story/client/x/dkg/keeper/dkg_rewards.go:138.3,138.68 1 0
github.com/piplabs/story/client/x/dkg/keeper/dkg_rewards.go:141.2,142.29 2 1
github.com/piplabs/story/client/x/dkg/keeper/dkg_rewards.go:142.29,144.69 1 1
github.com/piplabs/story/client/x/dkg/keeper/dkg_rewards.go:144.69,146.4 1 0
github.com/piplabs/story/client/x/dkg/keeper/dkg_rewards.go:148.3,148.29 1 1
github.com/piplabs/story/client/x/dkg/keeper/dkg_rewards.go:151.2,152.112 2 1
github.com/piplabs/story/client/x/dkg/keeper/dkg_rewards.go:152.112,154.3 1 1
github.com/piplabs/story/client/x/dkg/keeper/dkg_rewards.go:156.2,156.56 1 1
github.com/piplabs/story/client/x/dkg/keeper/dkg_rewards.go:156.56,158.3 1 0
github.com/piplabs/story/client/x/dkg/keeper/dkg_rewards.go:160.2,165.21 2 1
github.com/piplabs/story/client/x/dkg/keeper/dkg_rewards.go:174.79,177.16 2 1
github.com/piplabs/story/client/x/dkg/keeper/dkg_rewards.go:177.16,179.3 1 0
github.com/piplabs/story/client/x/dkg/keeper/dkg_rewards.go:181.2,181.23 1 1
github.com/piplabs/story/client/x/dkg/keeper/dkg_rewards.go:181.23,184.3 1 1
github.com/piplabs/story/client/x/dkg/keeper/dkg_rewards.go:187.2,188.16 2 1
github.com/piplabs/story/client/x/dkg/keeper/dkg_rewards.go:188.16,190.3 1 0
github.com/piplabs/story/client/x/dkg/keeper/dkg_rewards.go:192.2,192.91 1 1
github.com/piplabs/story/client/x/dkg/keeper/dkg_rewards.go:192.91,194.3 1 1
github.com/piplabs/story/client/x/dkg/keeper/dkg_rewards.go:197.2,198.16 2 1
github.com/piplabs/story/client/x/dkg/keeper/dkg_rewards.go:198.16,200.3 1 1
github.com/piplabs/story/client/x/dkg/keeper/dkg_rewards.go:202.2,202.25 1 1
github.com/piplabs/story/client/x/dkg/keeper/dkg_rewards.go:202.25,204.3 1 1
github.com/piplabs/story/client/x/dkg/keeper/dkg_rewards.go:207.2,208.16 2 1
github.com/piplabs/story/client/x/dkg/keeper/dkg_rewards.go:208.16,210.3 1 1
github.com/piplabs/story/client/x/dkg/keeper/dkg_rewards.go:212.2,213.30 2 1
github.com/piplabs/story/client/x/dkg/keeper/dkg_rewards.go:213.30,215.3 1 1
github.com/piplabs/story/client/x/dkg/keeper/dkg_rewards.go:218.2,219.16 2 1
github.com/piplabs/story/client/x/dkg/keeper/dkg_rewards.go:219.16,221.3 1 1
github.com/piplabs/story/client/x/dkg/keeper/dkg_rewards.go:224.2,225.28 2 1
github.com/piplabs/story/client/x/dkg/keeper/dkg_rewards.go:225.28,226.74 1 1
github.com/piplabs/story/client/x/dkg/keeper/dkg_rewards.go:226.74,228.4 1 0
github.com/piplabs/story/client/x/dkg/keeper/dkg_rewards.go:231.2,231.12 1 1
github.com/piplabs/story/client/x/dkg/keeper/dkg_rewards.go:237.136,240.16 2 1
github.com/piplabs/story/client/x/dkg/keeper/dkg_rewards.go:240.16,242.3 1 0
github.com/piplabs/story/client/x/dkg/keeper/dkg_rewards.go:244.2,245.41 2 1
github.com/piplabs/story/client/x/dkg/keeper/dkg_rewards.go:245.41,247.3 1 0
github.com/piplabs/story/client/x/dkg/keeper/dkg_rewards.go:250.2,251.16 2 1
github.com/piplabs/story/client/x/dkg/keeper/dkg_rewards.go:251.16,253.3 1 0
github.com/piplabs/story/client/x/dkg/keeper/dkg_rewards.go:255.2,255.29 1 1
github.com/piplabs/story/client/x/dkg/keeper/dkg_rewards.go:255.29,257.3 1 1
github.com/piplabs/story/client/x/dkg/keeper/dkg_rewards.go:260.2,261.36 2 1
github.com/piplabs/story/client/x/dkg/keeper/dkg_rewards.go:261.36,263.3 1 1
github.com/piplabs/story/client/x/dkg/keeper/dkg_rewards.go:265.2,275.34 6 1
github.com/piplabs/story/client/x/dkg/keeper/dkg_rewards.go:275.34,278.39 2 1
github.com/piplabs/story/client/x/dkg/keeper/dkg_rewards.go:278.39,280.18 2 1
github.com/piplabs/story/client/x/dkg/keeper/dkg_rewards.go:280.18,284.5 1 0
github.com/piplabs/story/client/x/dkg/keeper/dkg_rewards.go:286.4,286.122 1 1
github.com/piplabs/story/client/x/dkg/keeper/dkg_rewards.go:286.122,291.5 1 1
github.com/piplabs/story/client/x/dkg/keeper/dkg_rewards.go:293.4,293.60 1 1
github.com/piplabs/story/client/x/dkg/keeper/dkg_rewards.go:298.2,300.135 2 1
github.com/piplabs/story/client/x/dkg/keeper/dkg_rewards.go:300.135,302.3 1 0
github.com/piplabs/story/client/x/dkg/keeper/dkg_rewards.go:304.2,312.30 2 1
github.com/piplabs/story/client/x/dkg/keeper/dkg_round.go:10.133,20.22 7 1
github.com/piplabs/story/client/x/dkg/keeper/dkg_round.go:21.34,22.33 1 1
github.com/piplabs/story/client/x/dkg/keeper/dkg_round.go:22.33,24.4 1 1
github.com/piplabs/story/client/x/dkg/keeper/dkg_round.go:25.29,26.28 1 1
github.com/piplabs/story/client/x/dkg/keeper/dkg_round.go:26.28,28.4 1 1
github.com/piplabs/story/client/x/dkg/keeper/dkg_round.go:29.34,30.33 1 1
github.com/piplabs/story/client/x/dkg/keeper/dkg_round.go:30.33,32.4 1 1
github.com/piplabs/story/client/x/dkg/keeper/dkg_round.go:33.28,34.27 1 1
github.com/piplabs/story/client/x/dkg/keeper/dkg_round.go:34.27,37.4 1 1
github.com/piplabs/story/client/x/dkg/keeper/dkg_round.go:38.28,39.37 1 0
github.com/piplabs/story/client/x/dkg/keeper/dkg_round.go:40.27,42.36 1 0
github.com/piplabs/story/client/x/dkg/keeper/dkg_round.go:43.33,44.42 1 0
github.com/piplabs/story/client/x/dkg/keeper/dkg_round.go:47.2,47.28 1 1
github.com/piplabs/story/client/x/dkg/keeper/dkg_round.go:50.93,61.59 4 1
github.com/piplabs/story/client/x/dkg/keeper/dkg_round.go:61.59,63.3 1 0
github.com/piplabs/story/client/x/dkg/keeper/dkg_round.go:65.2,65.43 1 1
github.com/piplabs/story/client/x/dkg/keeper/dkg_svc.go:23.42,27.26 3 1
github.com/piplabs/story/client/x/dkg/keeper/dkg_svc.go:27.26,29.19 2 1
github.com/piplabs/story/client/x/dkg/keeper/dkg_svc.go:29.19,31.4 1 1
github.com/piplabs/story/client/x/dkg/keeper/dkg_svc.go:33.3,33.34 1 1
github.com/piplabs/story/client/x/dkg/keeper/dkg_svc.go:33.34,34.46 1 1
github.com/piplabs/story/client/x/dkg/keeper/dkg_svc.go:34.46,35.20 1 1
github.com/piplabs/story/client/x/dkg/keeper/dkg_svc.go:35.20,40.6 1 1
github.com/piplabs/story/client/x/dkg/keeper/dkg_svc.go:42.5,42.16 1 1
github.com/piplabs/story/client/x/dkg/keeper/dkg_svc.go:45.4,45.12 1 0
github.com/piplabs/story/client/x/dkg/keeper/dkg_svc.go:48.3,48.15 1 1
github.com/piplabs/story/client/x/dkg/keeper/dkg_svc.go:51.2,51.14 1 0
github.com/piplabs/story/client/x/dkg/keeper/dkg_svc.go:56.34,58.2 1 1
github.com/piplabs/story/client/x/dkg/keeper/dkg_svc.go:68.62,70.2 1 1
github.com/piplabs/story/client/x/dkg/keeper/dkg_svc.go:75.86,77.16 2 1
github.com/piplabs/story/client/x/dkg/keeper/dkg_svc.go:77.16,81.3 2 1
github.com/piplabs/story/client/x/dkg/keeper/dkg_svc.go:83.2,83.40 1 1
github.com/piplabs/story/client/x/dkg/keeper/dkg_svc.go:83.40,87.3 2 1
github.com/piplabs/story/client/x/dkg/keeper/dkg_svc.go:98.2,98.61 1 1
github.com/piplabs/story/client/x/dkg/keeper/dkg_svc.go:98.61,99.41 1 1
github.com/piplabs/story/client/x/dkg/keeper/dkg_svc.go:99.41,110.4 3 1
github.com/piplabs/story/client/x/dkg/keeper/dkg_svc.go:118.78,119.15 1 1
github.com/piplabs/story/client/x/dkg/keeper/dkg_svc.go:120.34,122.74 1 1
github.com/piplabs/story/client/x/dkg/keeper/dkg_svc.go:123.29,125.70 1 1
github.com/piplabs/story/client/x/dkg/keeper/dkg_svc.go:126.34,128.72 1 1
github.com/piplabs/story/client/x/dkg/keeper/dkg_svc.go:129.28,130.39 1 1
github.com/piplabs/story/client/x/dkg/keeper/dkg_svc.go:131.10,132.15 1 1
github.com/piplabs/story/client/x/dkg/keeper/dkg_svc.go:138.116,139.26 1 1
github.com/piplabs/story/client/x/dkg/keeper/dkg_svc.go:140.34,143.24 2 1
github.com/piplabs/story/client/x/dkg/keeper/dkg_svc.go:143.24,146.69 2 1
github.com/piplabs/story/client/x/dkg/keeper/dkg_svc.go:146.69,148.5 1 0
github.com/piplabs/story/client/x/dkg/keeper/dkg_svc.go:150.4,150.10 1 1
github.com/piplabs/story/client/x/dkg/keeper/dkg_svc.go:153.3,155.68 2 1
github.com/piplabs/story/client/x/dkg/keeper/dkg_svc.go:155.68,159.4 2 0
github.com/piplabs/story/client/x/dkg/keeper/dkg_svc.go:162.3,166.13 3 1
github.com/piplabs/story/client/x/dkg/keeper/dkg_svc.go:166.13,170.4 2 1
github.com/piplabs/story/client/x/dkg/keeper/dkg_svc.go:171.29,174.68 2 1
github.com/piplabs/story/client/x/dkg/keeper/dkg_svc.go:174.68,178.4 2 0
github.com/piplabs/story/client/x/dkg/keeper/dkg_svc.go:181.3,181.69 1 1
github.com/piplabs/story/client/x/dkg/keeper/dkg_svc.go:181.69,185.4 1 1
github.com/piplabs/story/client/x/dkg/keeper/dkg_svc.go:188.3,189.17 2 1
github.com/piplabs/story/client/x/dkg/keeper/dkg_svc.go:189.17,193.4 2 0
github.com/piplabs/story/client/x/dkg/keeper/dkg_svc.go:195.3,197.13 2 1
github.com/piplabs/story/client/x/dkg/keeper/dkg_svc.go:197.13,201.4 2 1
github.com/piplabs/story/client/x/dkg/keeper/dkg_svc.go:202.34,205.68 2 1
github.com/piplabs/story/client/x/dkg/keeper/dkg_svc.go:205.68,209.4 2 0
github.com/piplabs/story/client/x/dkg/keeper/dkg_svc.go:211.3,213.13 2 1
github.com/piplabs/story/client/x/dkg/keeper/dkg_svc.go:213.13,217.4 2 1
github.com/piplabs/story/client/x/dkg/keeper/dkg_svc.go:218.28,221.68 2 1
github.com/piplabs/story/client/x/dkg/keeper/dkg_svc.go:221.68,225.4 2 0
github.com/piplabs/story/client/x/dkg/keeper/dkg_svc.go:227.3,229.13 2 1
github.com/piplabs/story/client/x/dkg/keeper/dkg_svc.go:229.13,233.4 2 1
github.com/piplabs/story/client/x/dkg/keeper/dkg_svc.go:234.33,234.33 0 1
github.com/piplabs/story/client/x/dkg/keeper/dkg_svc.go:240.58,241.55 1 1
github.com/piplabs/story/client/x/dkg/keeper/dkg_svc.go:241.55,244.3 1 1
github.com/piplabs/story/client/x/dkg/keeper/dkg_svc.go:246.2,246.12 1 1
github.com/piplabs/story/client/x/dkg/keeper/dkg_svc.go:246.12,252.7 4 1
github.com/piplabs/story/client/x/dkg/keeper/dkg_svc.go:252.7,253.11 1 1
github.com/piplabs/story/client/x/dkg/keeper/dkg_svc.go:254.22,255.11 1 1
github.com/piplabs/story/client/x/dkg/keeper/dkg_svc.go:256.20,257.31 1 1
github.com/piplabs/story/client/x/dkg/keeper/dkg_svc.go:264.59,266.35 2 1
github.com/piplabs/story/client/x/dkg/keeper/dkg_svc.go:266.35,268.25 2 1
github.com/piplabs/story/client/x/dkg/keeper/dkg_svc.go:268.25,269.12 1 1
github.com/piplabs/story/client/x/dkg/keeper/dkg_svc.go:272.3,273.32 2 1
github.com/piplabs/story/client/x/dkg/keeper/dkg_svc.go:273.32,274.68 1 1
github.com/piplabs/story/client/x/dkg/keeper/dkg_svc.go:274.68,284.13 3 1
github.com/piplabs/story/client/x/dkg/keeper/dkg_svc.go:288.3,290.68 2 1
github.com/piplabs/story/client/x/dkg/keeper/dkg_svc.go:290.68,295.4 1 0
github.com/piplabs/story/client/x/dkg/keeper/dkg_svc.go:300.119,301.27 1 1
github.com/piplabs/story/client/x/dkg/keeper/dkg_svc.go:301.27,303.3 1 1
github.com/piplabs/story/client/x/dkg/keeper/dkg_svc.go:305.2,306.14 2 1
github.com/piplabs/story/client/x/dkg/keeper/dkg_svc.go:306.14,308.3 1 1
github.com/piplabs/story/client/x/dkg/keeper/dkg_svc.go:310.2,310.36 1 1
github.com/piplabs/story/client/x/dkg/keeper/dkg_svc.go:310.36,312.3 1 1
github.com/piplabs/story/client/x/dkg/keeper/dkg_svc.go:314.2,315.16 2 1
github.com/piplabs/story/client/x/dkg/keeper/dkg_svc.go:315.16,317.3 1 1
github.com/piplabs/story/client/x/dkg/keeper/dkg_svc.go:319.2,328.16 2 1
github.com/piplabs/story/client/x/dkg/keeper/dkg_svc.go:328.16,330.3 1 0
github.com/piplabs/story/client/x/dkg/keeper/dkg_svc.go:332.2,333.16 2 1
github.com/piplabs/story/client/x/dkg/keeper/dkg_svc.go:333.16,335.3 1 1
github.com/piplabs/story/client/x/dkg/keeper/dkg_svc.go:337.2,348.16 1 1
github.com/piplabs/story/client/x/dkg/keeper/dkg_svc.go:348.16,350.3 1 0
github.com/piplabs/story/client/x/dkg/keeper/dkg_svc.go:352.2,352.12 1 1
github.com/piplabs/story/client/x/dkg/keeper/dkg_svc.go:355.48,356.21 1 1
github.com/piplabs/story/client/x/dkg/keeper/dkg_svc.go:356.21,358.3 1 1
github.com/piplabs/story/client/x/dkg/keeper/dkg_svc.go:359.2,359.49 1 1
github.com/piplabs/story/client/x/dkg/keeper/dkg_svc.go:365.99,367.16 2 1
github.com/piplabs/story/client/x/dkg/keeper/dkg_svc.go:367.16,369.3 1 1
github.com/piplabs/story/client/x/dkg/keeper/dkg_svc.go:371.2,373.49 2 1
github.com/piplabs/story/client/x/dkg/keeper/dkg_svc_complete.go:11.87,16.41 2 1
github.com/piplabs/story/client/x/dkg/keeper/dkg_svc_complete.go:16.41,22.3 2 1
github.com/piplabs/story/client/x/dkg/keeper/dkg_svc_complete.go:23.2,26.16 3 1
github.com/piplabs/story/client/x/dkg/keeper/dkg_svc_complete.go:26.16,30.3 2 1
github.com/piplabs/story/client/x/dkg/keeper/dkg_svc_complete.go:32.2,32.66 1 1
github.com/piplabs/story/client/x/dkg/keeper/dkg_svc_complete.go:32.66,36.3 2 1
github.com/piplabs/story/client/x/dkg/keeper/dkg_svc_complete.go:38.2,38.43 1 1
github.com/piplabs/story/client/x/dkg/keeper/dkg_svc_complete.go:38.43,43.3 3 1
github.com/piplabs/story/client/x/dkg/keeper/dkg_svc_complete.go:45.2,48.67 3 1
github.com/piplabs/story/client/x/dkg/keeper/dkg_svc_complete.go:48.67,53.3 3 0
github.com/piplabs/story/client/x/dkg/keeper/dkg_svc_complete.go:55.2,60.27 2 1
github.com/piplabs/story/client/x/dkg/keeper/dkg_svc_dealing.go:17.103,23.41 2 1
github.com/piplabs/story/client/x/dkg/keeper/dkg_svc_dealing.go:23.41,29.3 2 1
github.com/piplabs/story/client/x/dkg/keeper/dkg_svc_dealing.go:30.2,32.47 2 1
github.com/piplabs/story/client/x/dkg/keeper/dkg_svc_dealing.go:32.47,36.3 2 1
github.com/piplabs/story/client/x/dkg/keeper/dkg_svc_dealing.go:38.2,38.17 1 1
github.com/piplabs/story/client/x/dkg/keeper/dkg_svc_dealing.go:38.17,42.3 2 1
github.com/piplabs/story/client/x/dkg/keeper/dkg_svc_dealing.go:44.2,45.16 2 1
github.com/piplabs/story/client/x/dkg/keeper/dkg_svc_dealing.go:45.16,49.3 2 1
github.com/piplabs/story/client/x/dkg/keeper/dkg_svc_dealing.go:51.2,51.45 1 1
github.com/piplabs/story/client/x/dkg/keeper/dkg_svc_dealing.go:51.45,57.3 3 1
github.com/piplabs/story/client/x/dkg/keeper/dkg_svc_dealing.go:61.2,62.64 2 1
github.com/piplabs/story/client/x/dkg/keeper/dkg_svc_dealing.go:62.64,64.3 1 1
github.com/piplabs/story/client/x/dkg/keeper/dkg_svc_dealing.go:66.2,68.55 2 1
github.com/piplabs/story/client/x/dkg/keeper/dkg_svc_dealing.go:68.55,80.18 4 1
github.com/piplabs/story/client/x/dkg/keeper/dkg_svc_dealing.go:80.18,82.4 1 0
github.com/piplabs/story/client/x/dkg/keeper/dkg_svc_dealing.go:84.3,85.17 2 1
github.com/piplabs/story/client/x/dkg/keeper/dkg_svc_dealing.go:85.17,87.4 1 1
github.com/piplabs/story/client/x/dkg/keeper/dkg_svc_dealing.go:89.3,89.13 1 1
github.com/piplabs/story/client/x/dkg/keeper/dkg_svc_dealing.go:90.17,95.3 3 1
github.com/piplabs/story/client/x/dkg/keeper/dkg_svc_dealing.go:97.2,99.67 2 1
github.com/piplabs/story/client/x/dkg/keeper/dkg_svc_dealing.go:99.67,104.3 3 0
github.com/piplabs/story/client/x/dkg/keeper/dkg_svc_dealing.go:106.2,110.3 2 1
github.com/piplabs/story/client/x/dkg/keeper/dkg_svc_dealing.go:114.111,124.67 4 1
github.com/piplabs/story/client/x/dkg/keeper/dkg_svc_dealing.go:124.67,128.3 2 1
github.com/piplabs/story/client/x/dkg/keeper/dkg_svc_dealing.go:130.2,131.16 2 1
github.com/piplabs/story/client/x/dkg/keeper/dkg_svc_dealing.go:131.16,135.3 2 1
github.com/piplabs/story/client/x/dkg/keeper/dkg_svc_dealing.go:143.2,143.84 1 1
github.com/piplabs/story/client/x/dkg/keeper/dkg_svc_dealing.go:143.84,149.3 2 1
github.com/piplabs/story/client/x/dkg/keeper/dkg_svc_dealing.go:151.2,153.55 2 1
github.com/piplabs/story/client/x/dkg/keeper/dkg_svc_dealing.go:153.55,166.30 3 1
github.com/piplabs/story/client/x/dkg/keeper/dkg_svc_dealing.go:166.30,169.67 1 1
github.com/piplabs/story/client/x/dkg/keeper/dkg_svc_dealing.go:169.67,171.5 1 1
github.com/piplabs/story/client/x/dkg/keeper/dkg_svc_dealing.go:174.3,174.26 1 1
github.com/piplabs/story/client/x/dkg/keeper/dkg_svc_dealing.go:174.26,178.4 2 1
github.com/piplabs/story/client/x/dkg/keeper/dkg_svc_dealing.go:180.3,181.18 2 1
github.com/piplabs/story/client/x/dkg/keeper/dkg_svc_dealing.go:181.18,183.4 1 0
github.com/piplabs/story/client/x/dkg/keeper/dkg_svc_dealing.go:185.3,186.17 2 1
github.com/piplabs/story/client/x/dkg/keeper/dkg_svc_dealing.go:186.17,188.4 1 1
github.com/piplabs/story/client/x/dkg/keeper/dkg_svc_dealing.go:190.3,190.13 1 1
github.com/piplabs/story/client/x/dkg/keeper/dkg_svc_dealing.go:191.17,202.3 3 1
github.com/piplabs/story/client/x/dkg/keeper/dkg_svc_dealing.go:204.2,208.3 2 1
github.com/piplabs/story/client/x/dkg/keeper/dkg_svc_dealing.go:214.80,219.32 4 1
github.com/piplabs/story/client/x/dkg/keeper/dkg_svc_dealing.go:219.32,220.64 1 1
github.com/piplabs/story/client/x/dkg/keeper/dkg_svc_dealing.go:220.64,221.55 1 1
github.com/piplabs/story/client/x/dkg/keeper/dkg_svc_dealing.go:221.55,223.5 1 1
github.com/piplabs/story/client/x/dkg/keeper/dkg_svc_dealing.go:225.4,226.12 2 1
github.com/piplabs/story/client/x/dkg/keeper/dkg_svc_dealing.go:230.2,230.15 1 1
github.com/piplabs/story/client/x/dkg/keeper/dkg_svc_dealing.go:235.143,246.20 4 1
github.com/piplabs/story/client/x/dkg/keeper/dkg_svc_dealing.go:246.20,250.3 2 1
github.com/piplabs/story/client/x/dkg/keeper/dkg_svc_dealing.go:252.2,253.16 2 1
github.com/piplabs/story/client/x/dkg/keeper/dkg_svc_dealing.go:253.16,257.3 2 1
github.com/piplabs/story/client/x/dkg/keeper/dkg_svc_dealing.go:260.2,260.84 1 1
github.com/piplabs/story/client/x/dkg/keeper/dkg_svc_dealing.go:260.84,266.3 2 1
github.com/piplabs/story/client/x/dkg/keeper/dkg_svc_dealing.go:271.2,272.131 2 1
github.com/piplabs/story/client/x/dkg/keeper/dkg_svc_dealing.go:272.131,274.3 1 1
github.com/piplabs/story/client/x/dkg/keeper/dkg_svc_dealing.go:276.2,277.33 2 1
github.com/piplabs/story/client/x/dkg/keeper/dkg_svc_dealing.go:277.33,280.70 1 1
github.com/piplabs/story/client/x/dkg/keeper/dkg_svc_dealing.go:280.70,282.4 1 1
github.com/piplabs/story/client/x/dkg/keeper/dkg_svc_dealing.go:285.2,285.33 1 1
github.com/piplabs/story/client/x/dkg/keeper/dkg_svc_dealing.go:285.33,289.3 2 1
github.com/piplabs/story/client/x/dkg/keeper/dkg_svc_dealing.go:291.2,291.34 1 1
github.com/piplabs/story/client/x/dkg/keeper/dkg_svc_dealing.go:291.34,294.56 2 1
github.com/piplabs/story/client/x/dkg/keeper/dkg_svc_dealing.go:294.56,309.19 4 1
github.com/piplabs/story/client/x/dkg/keeper/dkg_svc_dealing.go:309.19,311.5 1 0
github.com/piplabs/story/client/x/dkg/keeper/dkg_svc_dealing.go:313.4,313.72 1 1
github.com/piplabs/story/client/x/dkg/keeper/dkg_svc_dealing.go:313.72,315.5 1 1
github.com/piplabs/story/client/x/dkg/keeper/dkg_svc_dealing.go:317.4,317.14 1 1
github.com/piplabs/story/client/x/dkg/keeper/dkg_svc_dealing.go:318.18,331.12 4 1
github.com/piplabs/story/client/x/dkg/keeper/dkg_svc_dealing.go:337.3,337.69 1 1
github.com/piplabs/story/client/x/dkg/keeper/dkg_svc_dealing.go:337.69,345.4 2 0
github.com/piplabs/story/client/x/dkg/keeper/dkg_svc_dealing.go:348.2,350.3 1 1
github.com/piplabs/story/client/x/dkg/keeper/dkg_svc_dealing.go:357.138,362.16 4 1
github.com/piplabs/story/client/x/dkg/keeper/dkg_svc_dealing.go:362.16,366.3 2 1
github.com/piplabs/story/client/x/dkg/keeper/dkg_svc_dealing.go:368.2,369.131 2 1
github.com/piplabs/story/client/x/dkg/keeper/dkg_svc_dealing.go:369.131,371.3 1 1
github.com/piplabs/story/client/x/dkg/keeper/dkg_svc_dealing.go:373.2,373.34 1 1
github.com/piplabs/story/client/x/dkg/keeper/dkg_svc_dealing.go:373.34,374.56 1 1
github.com/piplabs/story/client/x/dkg/keeper/dkg_svc_dealing.go:374.56,383.19 3 1
github.com/piplabs/story/client/x/dkg/keeper/dkg_svc_dealing.go:383.19,385.5 1 1
github.com/piplabs/story/client/x/dkg/keeper/dkg_svc_dealing.go:387.4,387.67 1 1
github.com/piplabs/story/client/x/dkg/keeper/dkg_svc_dealing.go:387.67,389.5 1 1
github.com/piplabs/story/client/x/dkg/keeper/dkg_svc_dealing.go:391.4,391.14 1 1
github.com/piplabs/story/client/x/dkg/keeper/dkg_svc_dealing.go:392.18,399.12 3 1
github.com/piplabs/story/client/x/dkg/keeper/dkg_svc_dealing.go:404.94,408.16 3 1
github.com/piplabs/story/client/x/dkg/keeper/dkg_svc_dealing.go:408.16,410.3 1 0
github.com/piplabs/story/client/x/dkg/keeper/dkg_svc_dealing.go:412.2,412.23 1 1
github.com/piplabs/story/client/x/dkg/keeper/dkg_svc_dealing.go:412.23,415.3 1 1
github.com/piplabs/story/client/x/dkg/keeper/dkg_svc_dealing.go:418.2,420.23 2 1
github.com/piplabs/story/client/x/dkg/keeper/dkg_svc_dealing.go:424.72,429.20 4 1
github.com/piplabs/story/client/x/dkg/keeper/dkg_svc_dealing.go:429.20,431.3 1 1
github.com/piplabs/story/client/x/dkg/keeper/dkg_svc_dealing.go:433.2,433.40 1 1
github.com/piplabs/story/client/x/dkg/keeper/dkg_svc_dealing.go:433.40,435.3 1 1
github.com/piplabs/story/client/x/dkg/keeper/dkg_svc_dealing.go:437.2,437.83 1 1
github.com/piplabs/story/client/x/dkg/keeper/dkg_svc_dealing.go:440.79,445.20 4 1
github.com/piplabs/story/client/x/dkg/keeper/dkg_svc_dealing.go:445.20,447.3 1 1
github.com/piplabs/story/client/x/dkg/keeper/dkg_svc_dealing.go:449.2,449.37 1 1
github.com/piplabs/story/client/x/dkg/keeper/dkg_svc_dealing.go:449.37,451.3 1 1
github.com/piplabs/story/client/x/dkg/keeper/dkg_svc_dealing.go:453.2,453.90 1 1
github.com/piplabs/story/client/x/dkg/keeper/dkg_svc_dealing.go:459.77,460.33 1 1
github.com/piplabs/story/client/x/dkg/keeper/dkg_svc_dealing.go:460.33,465.3 3 1
github.com/piplabs/story/client/x/dkg/keeper/dkg_svc_dealing.go:467.2,467.37 1 1
github.com/piplabs/story/client/x/dkg/keeper/dkg_svc_dealing.go:467.37,472.3 3 1
github.com/piplabs/story/client/x/dkg/keeper/dkg_svc_dealing.go:474.2,474.42 1 1
github.com/piplabs/story/client/x/dkg/keeper/dkg_svc_dealing.go:474.42,479.3 3 1
github.com/piplabs/story/client/x/dkg/keeper/dkg_svc_dealing.go:481.2,481.75 1 1
github.com/piplabs/story/client/x/dkg/keeper/dkg_svc_dealing.go:481.75,483.3 1 1
github.com/piplabs/story/client/x/dkg/keeper/dkg_svc_dealing.go:486.2,486.47 1 1
github.com/piplabs/story/client/x/dkg/keeper/dkg_svc_dealing.go:486.47,490.3 2 1
github.com/piplabs/story/client/x/dkg/keeper/dkg_svc_dealing.go:492.2,492.27 1 1
github.com/piplabs/story/client/x/dkg/keeper/dkg_svc_dealing.go:492.27,494.3 1 1
github.com/piplabs/story/client/x/dkg/keeper/dkg_svc_dealing.go:496.2,496.34 1 1
github.com/piplabs/story/client/x/dkg/keeper/dkg_svc_dealing.go:496.34,500.35 2 1
github.com/piplabs/story/client/x/dkg/keeper/dkg_svc_dealing.go:500.35,502.4 1 1
github.com/piplabs/story/client/x/dkg/keeper/dkg_svc_dealing.go:505.2,507.12 2 1
github.com/piplabs/story/client/x/dkg/keeper/dkg_svc_dealing.go:507.12,512.22 2 1
github.com/piplabs/story/client/x/dkg/keeper/dkg_svc_dealing.go:512.22,521.4 3 1
github.com/piplabs/story/client/x/dkg/keeper/dkg_svc_dealing.go:524.3,524.26 1 1
github.com/piplabs/story/client/x/dkg/keeper/dkg_svc_dealing.go:524.26,533.4 3 1
github.com/piplabs/story/client/x/dkg/keeper/dkg_svc_dealing.go:537.3,537.31 1 1
github.com/piplabs/story/client/x/dkg/keeper/dkg_svc_dealing.go:537.31,546.4 3 1
github.com/piplabs/story/client/x/dkg/keeper/dkg_svc_dealing.go:550.47,558.2 5 1
github.com/piplabs/story/client/x/dkg/keeper/dkg_svc_dealing.go:560.55,568.2 5 1
github.com/piplabs/story/client/x/dkg/keeper/dkg_svc_dealing.go:570.65,578.2 5 1
github.com/piplabs/story/client/x/dkg/keeper/dkg_svc_dealing.go:580.29,592.2 9 1
github.com/piplabs/story/client/x/dkg/keeper/dkg_svc_dealing.go:594.106,598.16 3 1
github.com/piplabs/story/client/x/dkg/keeper/dkg_svc_dealing.go:598.16,600.3 1 0
github.com/piplabs/story/client/x/dkg/keeper/dkg_svc_dealing.go:602.2,602.23 1 1
github.com/piplabs/story/client/x/dkg/keeper/dkg_svc_dealing.go:602.23,605.3 1 1
github.com/piplabs/story/client/x/dkg/keeper/dkg_svc_dealing.go:608.2,610.35 2 1
github.com/piplabs/story/client/x/dkg/keeper/dkg_svc_finalization.go:14.91,19.41 2 1
[...]
github.com/piplabs/story/client/x/dkg/keeper/kernel_upgrade.go:59.2,59.19 1 1
github.com/piplabs/story/client/x/dkg/keeper/kernel_upgrade.go:65.91,68.104 2 1
github.com/piplabs/story/client/x/dkg/keeper/kernel_upgrade.go:68.104,69.23 1 1
github.com/piplabs/story/client/x/dkg/keeper/kernel_upgrade.go:69.23,71.4 1 1
github.com/piplabs/story/client/x/dkg/keeper/kernel_upgrade.go:73.3,74.19 2 1
github.com/piplabs/story/client/x/dkg/keeper/kernel_upgrade.go:76.2,76.16 1 1
github.com/piplabs/story/client/x/dkg/keeper/kernel_upgrade.go:76.16,78.3 1 0
github.com/piplabs/story/client/x/dkg/keeper/kernel_upgrade.go:80.2,80.21 1 1
github.com/piplabs/story/client/x/dkg/keeper/kernel_upgrade.go:84.92,85.73 1 1
github.com/piplabs/story/client/x/dkg/keeper/kernel_upgrade.go:85.73,87.3 1 0
github.com/piplabs/story/client/x/dkg/keeper/kernel_upgrade.go:89.2,89.12 1 1
github.com/piplabs/story/client/x/dkg/keeper/kernel_upgrade.go:94.72,97.104 2 1
github.com/piplabs/story/client/x/dkg/keeper/kernel_upgrade.go:97.104,98.23 1 1
github.com/piplabs/story/client/x/dkg/keeper/kernel_upgrade.go:98.23,100.4 1 1
github.com/piplabs/story/client/x/dkg/keeper/kernel_upgrade.go:102.3,102.20 1 1
github.com/piplabs/story/client/x/dkg/keeper/kernel_upgrade.go:104.2,104.16 1 1
github.com/piplabs/story/client/x/dkg/keeper/kernel_upgrade.go:104.16,106.3 1 0
github.com/piplabs/story/client/x/dkg/keeper/kernel_upgrade.go:108.2,108.44 1 1
github.com/piplabs/story/client/x/dkg/keeper/kernel_upgrade.go:108.44,109.65 1 1
github.com/piplabs/story/client/x/dkg/keeper/kernel_upgrade.go:109.65,111.4 1 0
github.com/piplabs/story/client/x/dkg/keeper/kernel_upgrade.go:114.2,114.12 1 1
github.com/piplabs/story/client/x/dkg/keeper/msg_server.go:18.38,19.46 1 1
github.com/piplabs/story/client/x/dkg/keeper/msg_server.go:19.46,21.3 1 1
github.com/piplabs/story/client/x/dkg/keeper/msg_server.go:23.2,24.16 2 1
github.com/piplabs/story/client/x/dkg/keeper/msg_server.go:24.16,26.3 1 1
github.com/piplabs/story/client/x/dkg/keeper/msg_server.go:28.2,28.70 1 1
github.com/piplabs/story/client/x/dkg/keeper/msg_server.go:28.70,29.30 1 1
github.com/piplabs/story/client/x/dkg/keeper/msg_server.go:29.30,30.75 1 1
github.com/piplabs/story/client/x/dkg/keeper/msg_server.go:30.75,33.5 1 0
github.com/piplabs/story/client/x/dkg/keeper/msg_server.go:36.3,36.34 1 1
github.com/piplabs/story/client/x/dkg/keeper/msg_server.go:36.34,37.83 1 1
github.com/piplabs/story/client/x/dkg/keeper/msg_server.go:37.83,40.5 1 0
github.com/piplabs/story/client/x/dkg/keeper/msg_server.go:43.3,43.39 1 1
github.com/piplabs/story/client/x/dkg/keeper/msg_server.go:43.39,44.93 1 1
github.com/piplabs/story/client/x/dkg/keeper/msg_server.go:44.93,47.5 1 0
github.com/piplabs/story/client/x/dkg/keeper/msg_server.go:51.2,51.41 1 1
github.com/piplabs/story/client/x/dkg/keeper/msg_server.go:56.62,58.2 1 1
github.com/piplabs/story/client/x/dkg/keeper/params.go:11.76,15.16 3 1
github.com/piplabs/story/client/x/dkg/keeper/params.go:15.16,17.3 1 0
github.com/piplabs/story/client/x/dkg/keeper/params.go:19.2,20.16 2 1
github.com/piplabs/story/client/x/dkg/keeper/params.go:20.16,22.3 1 0
github.com/piplabs/story/client/x/dkg/keeper/params.go:24.2,24.12 1 1
github.com/piplabs/story/client/x/dkg/keeper/params.go:27.82,31.16 3 1
github.com/piplabs/story/client/x/dkg/keeper/params.go:31.16,33.3 1 0
github.com/piplabs/story/client/x/dkg/keeper/params.go:35.2,35.15 1 1
github.com/piplabs/story/client/x/dkg/keeper/params.go:35.15,37.3 1 0
github.com/piplabs/story/client/x/dkg/keeper/params.go:39.2,40.16 2 1
github.com/piplabs/story/client/x/dkg/keeper/params.go:40.16,42.3 1 0
github.com/piplabs/story/client/x/dkg/keeper/params.go:44.2,44.20 1 1
github.com/piplabs/story/client/x/dkg/keeper/params.go:49.91,50.74 1 1
github.com/piplabs/story/client/x/dkg/keeper/params.go:50.74,52.3 1 1
github.com/piplabs/story/client/x/dkg/keeper/params.go:54.2,55.16 2 1
github.com/piplabs/story/client/x/dkg/keeper/params.go:55.16,57.3 1 0
github.com/piplabs/story/client/x/dkg/keeper/params.go:59.2,61.33 2 1
github.com/piplabs/story/client/x/dkg/keeper/params.go:66.90,67.73 1 1
github.com/piplabs/story/client/x/dkg/keeper/params.go:67.73,69.3 1 1
github.com/piplabs/story/client/x/dkg/keeper/params.go:71.2,72.16 2 1
github.com/piplabs/story/client/x/dkg/keeper/params.go:72.16,74.3 1 0
github.com/piplabs/story/client/x/dkg/keeper/params.go:76.2,78.33 2 1
github.com/piplabs/story/client/x/dkg/keeper/params.go:83.83,84.66 1 1
github.com/piplabs/story/client/x/dkg/keeper/params.go:84.66,86.3 1 1
github.com/piplabs/story/client/x/dkg/keeper/params.go:88.2,89.16 2 1
github.com/piplabs/story/client/x/dkg/keeper/params.go:89.16,91.3 1 0
github.com/piplabs/story/client/x/dkg/keeper/params.go:93.2,95.33 2 1
github.com/piplabs/story/client/x/dkg/keeper/proposal_server.go:17.38,18.46 1 1
github.com/piplabs/story/client/x/dkg/keeper/proposal_server.go:18.46,20.3 1 1
github.com/piplabs/story/client/x/dkg/keeper/proposal_server.go:22.2,22.41 1 1
github.com/piplabs/story/client/x/dkg/keeper/proposal_server.go:27.63,29.2 1 1
github.com/piplabs/story/client/x/dkg/keeper/query.go:21.113,22.16 1 1
github.com/piplabs/story/client/x/dkg/keeper/query.go:22.16,24.3 1 1
github.com/piplabs/story/client/x/dkg/keeper/query.go:26.2,27.16 2 1
github.com/piplabs/story/client/x/dkg/keeper/query.go:27.16,29.3 1 0
github.com/piplabs/story/client/x/dkg/keeper/query.go:31.2,31.56 1 1
github.com/piplabs/story/client/x/dkg/keeper/query.go:35.134,36.16 1 1
github.com/piplabs/story/client/x/dkg/keeper/query.go:36.16,38.3 1 1
github.com/piplabs/story/client/x/dkg/keeper/query.go:40.2,41.16 2 1
github.com/piplabs/story/client/x/dkg/keeper/query.go:41.16,43.3 1 1
github.com/piplabs/story/client/x/dkg/keeper/query.go:45.2,45.66 1 1
github.com/piplabs/story/client/x/dkg/keeper/query.go:49.152,50.16 1 1
github.com/piplabs/story/client/x/dkg/keeper/query.go:50.16,52.3 1 1
github.com/piplabs/story/client/x/dkg/keeper/query.go:54.2,55.16 2 1
github.com/piplabs/story/client/x/dkg/keeper/query.go:55.16,57.3 1 1
github.com/piplabs/story/client/x/dkg/keeper/query.go:59.2,59.72 1 1
github.com/piplabs/story/client/x/dkg/keeper/query.go:63.146,64.16 1 1
github.com/piplabs/story/client/x/dkg/keeper/query.go:64.16,66.3 1 1
github.com/piplabs/story/client/x/dkg/keeper/query.go:68.2,69.16 2 1
github.com/piplabs/story/client/x/dkg/keeper/query.go:69.16,71.3 1 0
github.com/piplabs/story/client/x/dkg/keeper/query.go:73.2,73.71 1 1
github.com/piplabs/story/client/x/dkg/keeper/query.go:77.145,78.16 1 1
github.com/piplabs/story/client/x/dkg/keeper/query.go:78.16,80.3 1 1
github.com/piplabs/story/client/x/dkg/keeper/query.go:84.2,84.106 1 1
github.com/piplabs/story/client/x/dkg/keeper/query.go:88.161,89.16 1 1
github.com/piplabs/story/client/x/dkg/keeper/query.go:89.16,91.3 1 1
github.com/piplabs/story/client/x/dkg/keeper/query.go:93.2,94.16 2 1
github.com/piplabs/story/client/x/dkg/keeper/query.go:94.16,96.3 1 0
github.com/piplabs/story/client/x/dkg/keeper/query.go:99.2,102.8 1 1
github.com/piplabs/story/client/x/dkg/keeper/query.go:106.185,107.16 1 1
github.com/piplabs/story/client/x/dkg/keeper/query.go:107.16,109.3 1 1
github.com/piplabs/story/client/x/dkg/keeper/query.go:111.2,112.16 2 1
github.com/piplabs/story/client/x/dkg/keeper/query.go:112.16,114.3 1 0
github.com/piplabs/story/client/x/dkg/keeper/query.go:116.2,116.94 1 1
github.com/piplabs/story/client/x/dkg/keeper/query.go:119.174,120.20 1 1
github.com/piplabs/story/client/x/dkg/keeper/query.go:120.20,122.3 1 1
github.com/piplabs/story/client/x/dkg/keeper/query.go:124.2,125.16 2 1
github.com/piplabs/story/client/x/dkg/keeper/query.go:125.16,127.3 1 0
github.com/piplabs/story/client/x/dkg/keeper/query.go:129.2,129.19 1 1
github.com/piplabs/story/client/x/dkg/keeper/query.go:129.19,131.3 1 1
github.com/piplabs/story/client/x/dkg/keeper/query.go:133.2,133.77 1 1
github.com/piplabs/story/client/x/dkg/keeper/query.go:137.137,138.16 1 1
github.com/piplabs/story/client/x/dkg/keeper/query.go:138.16,140.3 1 1
github.com/piplabs/story/client/x/dkg/keeper/query.go:142.2,145.16 4 1
github.com/piplabs/story/client/x/dkg/keeper/query.go:145.16,147.3 1 1
github.com/piplabs/story/client/x/dkg/keeper/query.go:149.2,152.16 4 1
github.com/piplabs/story/client/x/dkg/keeper/query.go:152.16,154.3 1 0
github.com/piplabs/story/client/x/dkg/keeper/query.go:155.2,162.34 3 1
github.com/piplabs/story/client/x/dkg/keeper/query.go:162.34,164.17 2 1
github.com/piplabs/story/client/x/dkg/keeper/query.go:164.17,166.4 1 0
github.com/piplabs/story/client/x/dkg/keeper/query.go:167.3,168.17 2 1
github.com/piplabs/story/client/x/dkg/keeper/query.go:168.17,170.4 1 0
github.com/piplabs/story/client/x/dkg/keeper/query.go:171.3,173.25 3 1
github.com/piplabs/story/client/x/dkg/keeper/query.go:173.25,176.4 2 1
github.com/piplabs/story/client/x/dkg/keeper/query.go:177.3,178.28 2 1
github.com/piplabs/story/client/x/dkg/keeper/query.go:181.2,181.23 1 1
github.com/piplabs/story/client/x/dkg/keeper/query.go:181.23,183.3 1 1
github.com/piplabs/story/client/x/dkg/keeper/query.go:185.2,186.32 2 1
github.com/piplabs/story/client/x/dkg/keeper/query.go:186.32,188.17 2 1
github.com/piplabs/story/client/x/dkg/keeper/query.go:188.17,190.4 1 0
github.com/piplabs/story/client/x/dkg/keeper/query.go:191.3,199.5 3 1
github.com/piplabs/story/client/x/dkg/keeper/query.go:202.2,202.46 1 1
github.com/piplabs/story/client/x/dkg/keeper/query.go:202.46,203.51 1 0
github.com/piplabs/story/client/x/dkg/keeper/query.go:203.51,205.4 1 0
github.com/piplabs/story/client/x/dkg/keeper/query.go:206.3,206.103 1 0
github.com/piplabs/story/client/x/dkg/keeper/query.go:209.2,209.74 1 1
github.com/piplabs/story/client/x/dkg/keeper/queue.go:8.52,13.2 3 1
github.com/piplabs/story/client/x/dkg/keeper/queue.go:16.53,20.21 3 1
github.com/piplabs/story/client/x/dkg/keeper/queue.go:20.21,22.3 1 1
github.com/piplabs/story/client/x/dkg/keeper/queue.go:24.2,24.24 1 1
github.com/piplabs/story/client/x/dkg/keeper/queue.go:24.24,26.3 1 1
github.com/piplabs/story/client/x/dkg/keeper/queue.go:28.2,32.12 4 1
github.com/piplabs/story/client/x/dkg/keeper/queue.go:36.64,41.2 3 1
github.com/piplabs/story/client/x/dkg/keeper/queue.go:44.61,48.25 3 1
github.com/piplabs/story/client/x/dkg/keeper/queue.go:48.25,50.3 1 1
github.com/piplabs/story/client/x/dkg/keeper/queue.go:52.2,52.28 1 1
github.com/piplabs/story/client/x/dkg/keeper/queue.go:52.28,54.3 1 0
github.com/piplabs/story/client/x/dkg/keeper/queue.go:56.2,60.12 4 1
github.com/piplabs/story/client/x/dkg/keeper/queue.go:64.80,68.38 3 1
github.com/piplabs/story/client/x/dkg/keeper/queue.go:68.38,69.15 1 1
github.com/piplabs/story/client/x/dkg/keeper/queue.go:69.15,71.4 1 1
github.com/piplabs/story/client/x/dkg/keeper/queue.go:76.71,80.30 3 1
github.com/piplabs/story/client/x/dkg/keeper/queue.go:80.30,82.3 1 1
github.com/piplabs/story/client/x/dkg/keeper/queue.go:84.2,84.33 1 1
github.com/piplabs/story/client/x/dkg/keeper/queue.go:84.33,86.3 1 1
github.com/piplabs/story/client/x/dkg/keeper/queue.go:88.2,92.12 4 1
github.com/piplabs/story/client/x/dkg/keeper/queue.go:98.33,119.2 10 1
github.com/piplabs/story/client/x/dkg/keeper/state_manager.go:27.61,28.52 1 1
github.com/piplabs/story/client/x/dkg/keeper/state_manager.go:28.52,29.52 1 1
github.com/piplabs/story/client/x/dkg/keeper/state_manager.go:29.52,31.4 1 0
github.com/piplabs/story/client/x/dkg/keeper/state_manager.go:32.8,32.23 1 1
github.com/piplabs/story/client/x/dkg/keeper/state_manager.go:32.23,34.3 1 1
github.com/piplabs/story/client/x/dkg/keeper/state_manager.go:36.2,42.42 2 1
github.com/piplabs/story/client/x/dkg/keeper/state_manager.go:42.42,44.3 1 0
github.com/piplabs/story/client/x/dkg/keeper/state_manager.go:46.2,46.16 1 1
github.com/piplabs/story/client/x/dkg/keeper/state_manager.go:50.93,56.50 4 1
github.com/piplabs/story/client/x/dkg/keeper/state_manager.go:56.50,60.3 2 1
github.com/piplabs/story/client/x/dkg/keeper/state_manager.go:60.8,63.49 2 1
github.com/piplabs/story/client/x/dkg/keeper/state_manager.go:63.49,65.4 1 0
github.com/piplabs/story/client/x/dkg/keeper/state_manager.go:67.3,73.13 2 1
github.com/piplabs/story/client/x/dkg/keeper/state_manager.go:78.77,85.13 5 1
github.com/piplabs/story/client/x/dkg/keeper/state_manager.go:85.13,87.3 1 1
github.com/piplabs/story/client/x/dkg/keeper/state_manager.go:89.2,89.21 1 1
github.com/piplabs/story/client/x/dkg/keeper/state_manager.go:93.93,99.51 4 1
github.com/piplabs/story/client/x/dkg/keeper/state_manager.go:99.51,101.3 1 1
github.com/piplabs/story/client/x/dkg/keeper/state_manager.go:103.2,105.48 2 1
github.com/piplabs/story/client/x/dkg/keeper/state_manager.go:105.48,107.3 1 0
github.com/piplabs/story/client/x/dkg/keeper/state_manager.go:109.2,115.12 2 1
github.com/piplabs/story/client/x/dkg/keeper/state_manager.go:118.84,121.55 2 1
github.com/piplabs/story/client/x/dkg/keeper/state_manager.go:121.55,123.3 1 0
github.com/piplabs/story/client/x/dkg/keeper/state_manager.go:127.60,132.38 4 1
github.com/piplabs/story/client/x/dkg/keeper/state_manager.go:132.38,134.3 1 1
github.com/piplabs/story/client/x/dkg/keeper/state_manager.go:136.2,136.17 1 1
github.com/piplabs/story/client/x/dkg/keeper/state_manager.go:140.80,147.13 5 1
github.com/piplabs/story/client/x/dkg/keeper/state_manager.go:147.13,149.3 1 1
github.com/piplabs/story/client/x/dkg/keeper/state_manager.go:151.2,155.67 3 1
github.com/piplabs/story/client/x/dkg/keeper/state_manager.go:155.67,157.3 1 0
github.com/piplabs/story/client/x/dkg/keeper/state_manager.go:159.2,164.12 2 1
github.com/piplabs/story/client/x/dkg/keeper/state_manager.go:168.82,172.38 3 1
github.com/piplabs/story/client/x/dkg/keeper/state_manager.go:172.38,173.44 1 1
github.com/piplabs/story/client/x/dkg/keeper/state_manager.go:173.44,175.4 1 1
github.com/piplabs/story/client/x/dkg/keeper/state_manager.go:178.2,178.12 1 1
github.com/piplabs/story/client/x/dkg/keeper/state_manager.go:182.69,188.40 4 1
github.com/piplabs/story/client/x/dkg/keeper/state_manager.go:188.40,190.82 1 1
github.com/piplabs/story/client/x/dkg/keeper/state_manager.go:190.82,192.4 1 1
github.com/piplabs/story/client/x/dkg/keeper/state_manager.go:195.2,195.30 1 1
github.com/piplabs/story/client/x/dkg/keeper/state_manager.go:195.30,201.68 4 1
github.com/piplabs/story/client/x/dkg/keeper/state_manager.go:201.68,203.4 1 0
github.com/piplabs/story/client/x/dkg/keeper/state_manager.go:203.9,209.4 1 1
github.com/piplabs/story/client/x/dkg/keeper/state_manager.go:214.46,216.16 2 1
github.com/piplabs/story/client/x/dkg/keeper/state_manager.go:216.16,218.3 1 0
github.com/piplabs/story/client/x/dkg/keeper/state_manager.go:220.2,220.29 1 1
github.com/piplabs/story/client/x/dkg/keeper/state_manager.go:220.29,222.17 2 1
github.com/piplabs/story/client/x/dkg/keeper/state_manager.go:222.17,225.12 2 0
github.com/piplabs/story/client/x/dkg/keeper/state_manager.go:228.3,228.49 1 1
github.com/piplabs/story/client/x/dkg/keeper/state_manager.go:231.2,231.12 1 1
github.com/piplabs/story/client/x/dkg/keeper/state_manager.go:235.86,237.16 2 1
github.com/piplabs/story/client/x/dkg/keeper/state_manager.go:237.16,239.3 1 0
github.com/piplabs/story/client/x/dkg/keeper/state_manager.go:241.2,242.55 2 1
github.com/piplabs/story/client/x/dkg/keeper/state_manager.go:242.55,244.3 1 0
github.com/piplabs/story/client/x/dkg/keeper/state_manager.go:246.2,246.22 1 1
github.com/piplabs/story/client/x/dkg/keeper/state_manager.go:250.70,252.16 2 1
github.com/piplabs/story/client/x/dkg/keeper/state_manager.go:252.16,254.3 1 0
github.com/piplabs/story/client/x/dkg/keeper/state_manager.go:256.2,257.59 2 1
github.com/piplabs/story/client/x/dkg/keeper/state_manager.go:257.59,259.3 1 0
github.com/piplabs/story/client/x/dkg/keeper/state_manager.go:261.2,261.12 1 1
github.com/piplabs/story/client/x/dkg/keeper/state_manager.go:265.70,267.2 1 1
github.com/piplabs/story/client/x/dkg/keeper/vote.go:27.105,37.16 5 1
github.com/piplabs/story/client/x/dkg/keeper/vote.go:37.16,39.3 1 0
github.com/piplabs/story/client/x/dkg/keeper/vote.go:41.2,43.8 1 1
github.com/piplabs/story/client/x/dkg/keeper/vote.go:46.136,50.16 2 1
github.com/piplabs/story/client/x/dkg/keeper/vote.go:50.16,53.3 2 1
github.com/piplabs/story/client/x/dkg/keeper/vote.go:55.2,55.96 1 1
github.com/piplabs/story/client/x/dkg/keeper/vote.go:59.89,60.41 1 1
github.com/piplabs/story/client/x/dkg/keeper/vote.go:60.41,62.3 1 1
github.com/piplabs/story/client/x/dkg/keeper/vote.go:64.2,65.16 2 1
github.com/piplabs/story/client/x/dkg/keeper/vote.go:65.16,67.3 1 1
github.com/piplabs/story/client/x/dkg/keeper/vote.go:67.8,67.16 1 1
github.com/piplabs/story/client/x/dkg/keeper/vote.go:67.16,69.3 1 1
github.com/piplabs/story/client/x/dkg/keeper/vote.go:71.2,71.39 1 1
github.com/piplabs/story/client/x/dkg/keeper/vote.go:71.39,73.3 1 1
github.com/piplabs/story/client/x/dkg/keeper/vote.go:75.2,75.43 1 1
github.com/piplabs/story/client/x/dkg/keeper/vote.go:75.43,77.3 1 1
github.com/piplabs/story/client/x/dkg/keeper/vote.go:79.2,79.48 1 1
github.com/piplabs/story/client/x/dkg/keeper/vote.go:79.48,81.3 1 1
github.com/piplabs/story/client/x/dkg/keeper/vote.go:83.2,83.39 1 1
github.com/piplabs/story/client/x/dkg/keeper/vote.go:91.122,100.20 4 1
github.com/piplabs/story/client/x/dkg/keeper/vote.go:100.20,102.3 1 0
github.com/piplabs/story/client/x/dkg/keeper/vote.go:103.2,103.55 1 1
github.com/piplabs/story/client/x/dkg/keeper/vote.go:103.55,108.3 1 1
github.com/piplabs/story/client/x/dkg/keeper/vote.go:111.2,111.90 1 0
github.com/piplabs/story/client/x/dkg/keeper/vote.go:111.90,113.3 1 0
github.com/piplabs/story/client/x/dkg/keeper/vote.go:118.2,122.36 3 0
github.com/piplabs/story/client/x/dkg/keeper/vote.go:122.36,124.17 2 0
github.com/piplabs/story/client/x/dkg/keeper/vote.go:124.17,126.12 2 0
github.com/piplabs/story/client/x/dkg/keeper/vote.go:129.3,129.43 1 0
github.com/piplabs/story/client/x/dkg/keeper/vote.go:132.2,137.8 2 0
github.com/piplabs/story/client/x/dkg/keeper/vote.go:140.54,144.29 4 1
github.com/piplabs/story/client/x/dkg/keeper/vote.go:144.29,148.3 3 1
github.com/piplabs/story/client/x/dkg/keeper/vote.go:150.2,154.3 1 1
github.com/piplabs/story/client/x/dkg/keeper/vote.go:158.56,167.26 4 1
github.com/piplabs/story/client/x/dkg/keeper/vote.go:167.26,169.37 2 1
github.com/piplabs/story/client/x/dkg/keeper/vote.go:169.37,170.12 1 1
github.com/piplabs/story/client/x/dkg/keeper/vote.go:173.3,175.29 2 1
github.com/piplabs/story/client/x/dkg/keeper/vote.go:178.2,178.15 1 1
github.com/piplabs/story/client/x/dkg/keeper/vote.go:182.72,191.30 4 1
github.com/piplabs/story/client/x/dkg/keeper/vote.go:191.30,193.27 2 1
github.com/piplabs/story/client/x/dkg/keeper/vote.go:193.27,195.4 1 1
github.com/piplabs/story/client/x/dkg/keeper/vote.go:197.3,198.37 2 1
github.com/piplabs/story/client/x/dkg/keeper/vote.go:198.37,199.12 1 1
github.com/piplabs/story/client/x/dkg/keeper/vote.go:202.3,204.29 2 1
github.com/piplabs/story/client/x/dkg/keeper/vote.go:207.2,207.15 1 1
github.com/piplabs/story/client/x/dkg/keeper/vote.go:212.92,221.35 4 1
github.com/piplabs/story/client/x/dkg/keeper/vote.go:221.35,224.51 2 1
github.com/piplabs/story/client/x/dkg/keeper/vote.go:224.51,225.44 1 1
github.com/piplabs/story/client/x/dkg/keeper/vote.go:225.44,226.42 1 1
github.com/piplabs/story/client/x/dkg/keeper/vote.go:226.42,228.6 1 1
github.com/piplabs/story/client/x/dkg/keeper/vote.go:232.3,233.37 2 1
github.com/piplabs/story/client/x/dkg/keeper/vote.go:233.37,234.12 1 1
github.com/piplabs/story/client/x/dkg/keeper/vote.go:237.3,239.29 2 1
github.com/piplabs/story/client/x/dkg/keeper/vote.go:242.2,242.15 1 1
github.com/piplabs/story/client/x/dkg/keeper/vote.go:246.74,247.29 1 1
github.com/piplabs/story/client/x/dkg/keeper/vote.go:247.29,249.3 1 1
github.com/piplabs/story/client/x/dkg/keeper/vote.go:251.2,252.61 2 1
github.com/piplabs/story/client/x/dkg/keeper/vote.go:252.61,254.3 1 1
github.com/piplabs/story/client/x/dkg/keeper/vote.go:256.2,256.24 1 1
